51.01253533999999 13.791626429999997
51.012535316666664 13.791626516666668
51.01253534499998 13.791626484999998
51.01253536000001 13.79162644
51.01253537833333 13.791626525
51.01253539333334 13.791626433333333
51.012535316666664 13.791626466666669
51.01253533500002 13.791626538333333
51.01253534333333 13.7916265
51.012535365 13.791626505
51.012535320000005 13.791626466666669
51.01253538333332 13.791626458333333
51.01253538166666 13.791626515000003
51.01253532999999 13.791626595000002
51.01253532333333 13.791626595000002
51.012535365 13.791626608333331
51.01253532166667 13.791626606666672
51.01253532333333 13.791626583333331
51.01253531166667 13.791626566666666
51.012535353333334 13.791626478333335
51.01253537166667 13.791626565000001
51.01253533833334 13.791626558333332
51.01253541000001 13.791626540000001
51.01253542999999 13.791626548333337
51.01253545000001 13.791626546666665
51.01253544333334 13.791626559999997
51.01253543666665 13.791626651666665
51.012535415 13.791626636666669
51.012535305 13.791626765
51.01253528999999 13.791626745
51.01253528500001 13.791626766666669
51.012535379999996 13.791626645000001
51.01253541999999 13.791626678333333
51.012535353333334 13.791626716666666
51.01253535000001 13.791626763333333
51.012535379999996 13.791626690000003
51.012535416666665 13.791626698333335
51.012535425 13.791626668333329
51.01253533833334 13.791626658333334
51.012535358333345 13.79162671
51.01253538333332 13.791626758333333
51.01253538833335 13.791626723333335
51.01253538333332 13.791626778333333
51.01253536666666 13.79162675
51.01253534333333 13.791626729999999
51.01253534499998 13.791626691666666
51.01253538666666 13.791626670000001
51.01253541000001 13.791626634999997
51.01253533833334 13.791626686666666
51.012535325 13.791626588333335
51.012535331666655 13.791626555
51.01253532166667 13.791626628333331
51.01253528166667 13.791626713333331
51.01253526000001 13.791626790000002
51.01253523999999 13.791626833333332
51.01253526166667 13.791626823333335
51.012535298333326 13.791626845
51.012535275 13.791626796666666
51.01253528999999 13.791626768333334
51.01253529166665 13.791626825000003
51.01253528 13.791626879999997
51.01253526666666 13.791626908333335
51.012535315 13.791626760000002
51.01253532166667 13.79162681833333
51.01253528999999 13.791626794999997
51.012535320000005 13.791626828333335
51.01253530833334 13.791626748333336
51.012535298333326 13.791626745
51.01253530833334 13.791626790000002
51.01253528166667 13.79162682
51.012535325 13.791626848333335
51.0125353 13.791626891666665
51.01253530166667 13.79162688166667
51.012535305 13.791626866666665
51.012535315 13.791626825000003
51.01253530666666 13.791626806666667
51.012535315 13.791626859999997
51.01253531333334 13.79162690666667
51.01253522833333 13.791626991666666
51.01253527166667 13.791626978333333
51.01253530333334 13.791626911666667
51.01253536833333 13.791626883333333
51.01253535000001 13.791626986666666
51.01253524666667 13.791626958333335
51.01253527000001 13.791626909999998
51.01253520500001 13.791626846666665
51.01253528 13.791626746666669
51.01253529333335 13.791626804999998
51.01253526666666 13.791626783333333
51.01253532333333 13.79162677
51.01253528 13.79162684
51.01253528500001 13.791626761666665
51.01253530333334 13.791626774999997
51.01253525333333 13.791626774999997
51.012535265 13.791626738333331
51.01253529166665 13.791626784999998
51.01253539833331 13.791626596666664
51.01253541333334 13.791626698333335
51.01253531833334 13.79162672
51.01253536833333 13.79162671
51.012535320000005 13.79162672
51.012535298333326 13.791626684999999
51.012535355 13.791626706666667
51.012535310000004 13.791626711666668
51.012535355 13.791626646666664
51.012535365 13.791626636666669
51.0125353 13.791626666666666
51.012535363333335 13.791626650000001
51.01253536166667 13.791626676666665
51.012535265 13.791626735
51.01253531833334 13.791626761666665
51.0125353 13.791626761666665
51.012535326666665 13.791626766666669
51.012535275 13.791626804999998
51.01253530833334 13.791626746666669
51.01253526666666 13.791626716666666
51.012535295 13.791626683333334
51.01253534166667 13.791626724999999
51.01253533999999 13.791626684999999
51.01253535166667 13.791626733333333
51.01253529166665 13.791626791666665
51.01253532166667 13.791626713333331
51.012535331666655 13.791626724999999
51.012535355 13.791626695000001
51.01253535166667 13.791626724999999
51.012535358333345 13.791626654999996
51.01253539333334 13.791626611666667
51.01253520333333 13.791626831666667
51.012535278333324 13.791626863333333
51.01253534833333 13.79162690666667
51.01253534166667 13.791626768333334
51.012535331666655 13.79162677
51.01253533500002 13.791626783333333
51.012535353333334 13.791626729999999
51.01253541333334 13.791626688333334
51.012535358333345 13.791626706666667
51.01253542666668 13.791626643333332
51.012535474999986 13.791626658333334
51.01253542166666 13.791626684999999
51.01253544499999 13.791626651666665
51.01253547166666 13.791626724999999
51.01253538166666 13.791626806666667
51.012535459999995 13.791626851666665
51.01253542166666 13.791626766666669
51.012535508333336 13.791626748333336
51.01253545166667 13.791626711666668
51.012535465000006 13.791626686666666
51.01253541999999 13.791626733333333
51.012535501666676 13.791626699999998
51.012535459999995 13.791626711666668
51.01253544666667 13.791626693333331
51.01253550333334 13.791626611666667
51.01253553333333 13.791626579999997
51.01253554666667 13.791626573333334
51.01253552333333 13.791626545000002
51.01253553999998 13.791626536666667
51.012535621666665 13.79162652
51.01253552499999 13.791626578333334
51.01253556666667 13.791626565000001
51.01253553 13.79162664
51.012535531666664 13.791626613333335
51.01253557666667 13.79162664
51.01253551833334 13.791626636666669
51.01253555666667 13.791626596666664
51.01253552499999 13.791626631666668
51.012535536666654 13.791626595000002
51.01253551166666 13.791626659999997
51.01253551 13.791626653333333
51.012535551666666 13.791626621666664
51.01253555 13.791626701666667
51.01253558500001 13.791626618333332
51.01253561 13.791626620000004
51.01253558166666 13.791626643333332
51.012535626666676 13.791626596666664
51.012535615 13.791626643333332
51.01253557333333 13.791626634999997
51.012535551666666 13.791626745
51.01253557666667 13.791626670000001
51.01253558333333 13.79162663
51.01253555 13.791626625
51.01253548833335 13.791626728333336
51.01253547166666 13.791626784999998
51.01253543666665 13.791626801666663
51.01253536666666 13.791626823333335
51.012535455000005 13.791626826666663
51.01253546666667 13.791626895000002
51.01253544166668 13.791626898333334
51.01253545000001 13.791626901666666
51.01253544833332 13.791626884999998
51.01253534833333 13.79162688666667
51.01253539333334 13.791626876666665
51.01253535666667 13.791626865000001
51.01253536833333 13.791626904999998
51.01253538666666 13.791626931666672
51.01253533500002 13.791626936666667
51.01253534666668 13.791626925
51.01253523833334 13.791626865000001
51.01253538666666 13.791626833333332
51.01253528500001 13.791626780000001
51.01253527166667 13.79162678666667
51.01253516166666 13.791626828333335
51.012535144999994 13.791626855
51.01253512666667 13.791626753333336
51.01253516666667 13.791626783333333
51.01253530666666 13.791626638333332
51.012535265 13.791626661666669
51.01253533999999 13.791626603333334
51.01253532166667 13.791626606666672
51.01253534833333 13.791626579999997
51.01253539 13.791626566666666
51.012535365 13.791626521666664
51.012535405 13.791626496666668
51.01253534833333 13.791626490000002
51.01253530666666 13.791626531666669
51.01253525333333 13.79162663
51.01253532833333 13.791626626666668
51.012535243333346 13.791626588333335
51.012535336666666 13.79162659333333
51.01253531166667 13.79162655
51.01253531333334 13.791626638333332
51.01253525333333 13.79162664
51.012535305 13.791626596666664
51.012535275 13.791626471666666
51.01253535166667 13.79162655
51.012535316666664 13.79162655
51.01253528999999 13.791626571666665
51.01253526833334 13.791626584999998
51.01253530166667 13.791626625
51.01253528999999 13.791626641666664
51.01253528833334 13.791626645000001
51.01253527166667 13.791626693333331
51.01253527666666 13.791626658333334
51.01253522666668 13.791626716666666
51.01253524833332 13.791626636666669
51.01253526000001 13.79162664
51.01253526833334 13.791626623333336
51.01253525333333 13.791626623333336
51.012535275 13.791626620000004
51.01253523666666 13.791626583333331
51.01253531833334 13.791626634999997
51.012535298333326 13.791626601666668
51.01253528500001 13.79162671
51.012535305 13.791626616666667
51.0125353 13.791626555
51.01253531166667 13.791626480000001
51.01253535166667 13.791626496666668
51.01253533999999 13.791626521666664
51.01253534666668 13.791626568333333
51.01253528833334 13.791626548333337
51.01253533333333 13.79162646833333
51.01253535000001 13.791626516666668
51.012535355 13.791626459999998
51.01253534166667 13.791626501666663
51.012535406666665 13.791626483333335
51.01253534666668 13.79162655
51.01253530333334 13.791626566666666
51.012535325 13.79162648833333
51.01253537833333 13.791626516666668
51.01253530833334 13.791626553333334
51.012535316666664 13.791626568333333
51.01253534166667 13.791626558333332
51.01253533333333 13.791626571666665
51.012535320000005 13.791626518333333
51.01253526833334 13.791626546666665
51.01253527166667 13.791626558333332
51.012535315 13.791626543333333
51.01253532833333 13.791626483333335
51.01253534333333 13.79162646333333
51.01253541000001 13.791626461666665
51.01253537166667 13.791626513333332
51.012535373333336 13.791626483333335
51.01253529166665 13.791626603333334
51.01253525666666 13.791626611666667
51.01253536666666 13.791626518333333
51.01253538833335 13.791626540000001
51.01253538666666 13.791626506666667
51.012535355 13.791626525
51.01253518833334 13.791626751666664
51.01253526166667 13.79162663
51.012535211666666 13.791626715000003
51.01253532333333 13.791626600000003
51.012535283333335 13.791626583333331
51.01253535666667 13.791626523333337
51.01253533333333 13.791626590000002
51.01253532999999 13.7916265
51.012535316666664 13.791626548333337
51.012535315 13.791626568333333
51.01253530166667 13.791626553333334
51.01253539 13.791626453333338
51.01253542999999 13.791626486666667
51.01253537666668 13.791626459999998
51.01253537166667 13.791626476666666
51.01253538166666 13.79162648833333
51.012535411666676 13.79162644
51.01253541833333 13.791626480000001
51.01253541833333 13.791626465000002
51.01253542833333 13.791626408333336
51.01253540833333 13.791626404999999
51.01253538833335 13.791626403333336
51.012535326666665 13.791626505
51.01253529333335 13.791626565000001
51.01253538333332 13.791626449999997
51.01253533999999 13.791626480000001
51.01253532999999 13.791626441666669
51.012535316666664 13.791626553333334
51.01253526166667 13.791626583333331
51.012535278333324 13.791626583333331
51.01253527000001 13.791626540000001
51.01253526166667 13.791626458333333
51.01253514 13.791626666666666
51.012535243333346 13.791626455000001
51.01253527666666 13.791626484999998
51.01253519499999 13.791626534999997
51.01253513166667 13.791626470000002
51.01253518 13.791626495
51.012535143333345 13.791626518333333
51.01253523500001 13.791626521666664
51.012534995 13.791626790000002
51.012535073333325 13.79162677
51.012535220000004 13.791626623333336
51.01253525166667 13.791626493333334
51.01253520166668 13.791626570000002
51.01253528666666 13.791626501666663
51.012535278333324 13.791626483333335
51.01253520666666 13.791626558333332
51.0125352 13.79162659333333
51.01253515333333 13.791626515000003
51.01253521833334 13.79162652
51.01253518833334 13.791626515000003
51.01253516666667 13.791626476666666
51.01253520500001 13.791626455000001
51.01253525666666 13.79162644
51.012535175 13.791626521666664
51.01253520166668 13.791626451666666
51.01253522333333 13.791626425
51.01253527666666 13.791626370000001
51.01253523833334 13.791626448333334
51.012535298333326 13.791626423333332
51.01253523333333 13.791626483333335
51.01253523833334 13.791626406666667
51.01253518833334 13.7916264
51.012535198333325 13.791626416666668
51.012535181666664 13.791626401666663
51.012535106666654 13.791626518333333
51.01253514666667 13.791626441666669
51.01253518 13.791626403333336
51.012535230000005 13.791626308333331
51.012535220000004 13.791626373333335
51.012535211666666 13.79162636833333
51.01253526000001 13.791626321666664
51.01253523166667 13.791626256666666
51.01253518666666 13.791626321666664
51.012535230000005 13.791626379999999
51.01253505500001 13.791626611666667
51.01253495166667 13.791626584999998
51.012534975 13.791626681666669
51.01253502333332 13.791626559999997
51.01253513500001 13.791626611666667
51.01253520500001 13.791626613333335
51.01253519499999 13.791626595000002
51.01253522166667 13.791626536666667
51.01253506000001 13.79162655666667
51.01253513166667 13.791626433333333
51.01253509166666 13.791626395000003
51.012535138333334 13.791626446666665
51.012535181666664 13.791626413333331
51.01253513500001 13.791626509999999
51.01253515 13.79162659333333
51.012535106666654 13.79162658166667
51.01253511333334 13.791626671666666
51.012535071666676 13.791626601666668
51.01253511499999 13.791626578333334
51.01253515166668 13.79162652
51.012535244999995 13.791626516666668
51.01253513500001 13.791626496666668
51.012535129999996 13.791626418333331
51.012535111666665 13.79162645666667
51.01253512833333 13.791626481666666
51.012535168333336 13.7916265
51.01253519499999 13.791626483333335
51.01253515333333 13.791626480000001
51.012535196666676 13.791626415000003
51.01253518666666 13.79162646333333
51.01253524833332 13.791626431666668
51.012535191666665 13.791626465000002
51.012535181666664 13.791626341666666
51.012535175 13.791626333333333
51.01253519333334 13.79162634
51.01253523500001 13.791626281666668
51.01253518 13.791626345000001
51.012535244999995 13.791626248333337
51.01253525333333 13.791626278333334
51.012535220000004 13.791626223333337
51.01253526000001 13.791626265000001
51.01253521333333 13.791626309999996
51.01253524166667 13.791626250000002
51.01253523333333 13.791626251666662
51.01253528 13.791626158333335
51.012535243333346 13.791626248333337
51.01253522166667 13.791626198333336
51.01253523999999 13.791626218333333
51.012535298333326 13.791626213333332
51.01253520833334 13.79162621
51.01253523666666 13.791626185
51.01253525333333 13.791626151666666
51.012535244999995 13.791626161666667
51.012535331666655 13.791626225
51.01253527666666 13.791626151666666
51.01253527000001 13.791626211666669
51.01253530666666 13.791626096666668
51.01253528833334 13.791626135000001
51.01253524166667 13.791626191666667
51.01253525666666 13.791626113333333
51.01253523666666 13.791626123333334
51.012535305 13.791626070000003
51.01253522833333 13.791626053333335
51.01253527666666 13.791626003333333
51.01253527166667 13.791626145000002
51.01253525333333 13.7916261
51.012535244999995 13.791626059999999
51.01253528 13.791626061666667
51.01253524166667 13.791626058333334
51.012534605000006 13.791627103333333
51.01253119 13.791634458333336
51.01252186666666 13.791652949999998
51.012509813333345 13.791678423333337
51.01249764833333 13.79170349166667
51.012485831666666 13.791728005000001
51.01247453833334 13.791750658333335
51.012465125 13.791770295000003
51.01245694666668 13.791785368333331
51.01245126666666 13.791801979999999
51.01244664666668 13.791811491666666
51.012443585 13.791817416666667
51.012442894999985 13.791818613333332
51.012442855 13.791818736666668
51.01244284666668 13.79181879333333
51.012442835 13.791818846666668
51.012442783333334 13.79181889166667
51.01244281000001 13.791818809999999
51.012442795 13.791818896666665
51.01244277000001 13.791818903333334
51.012442785 13.791818761666669
51.012442593333326 13.79181923666667
51.01243975833333 13.791824728333335
51.01242963833333 13.791846403333333
51.012412399999995 13.791883108333336
51.01239033333334 13.791929259999998
51.01236404666667 13.791986350000002
51.01233482333332 13.792054623333335
51.012302133333336 13.792133261666667
51.01226444666668 13.792216490000003
51.0122236 13.792297590000002
51.012178933333324 13.792386195000002
51.01213097666667 13.792482118333332
51.01208207666669 13.792576751666665
51.01203249666667 13.792671890000001
51.01198322500001 13.792768248333335
51.011935956666655 13.792862940000001
51.01189188166665 13.792949240000004
51.01185026166666 13.793030028333336
51.01181117333332 13.79310587
51.011778925 13.793167415000001
51.011755395 13.793209026666666
51.01173896 13.793233129999999
51.01172458999999 13.793250758333333
51.011709505 13.793270761666667
51.01169339166666 13.793294456666668
51.01167442333334 13.793324595000001
51.01165291 13.793361706666667
51.01162944666668 13.793405270000001
51.01160817166668 13.793448371666667
51.011596280000006 13.793475938333332
51.01159237666668 13.793487795000003
51.011591013333344 13.793493368333335
51.01158856166665 13.793504028333336
51.01158592333333 13.793531528333336
51.01159431499999 13.793582575
51.01162512833333 13.793636213333333
51.01167637666667 13.793674498333333
51.01174327166667 13.793748051666663
51.011813523333316 13.793736549999998
51.01189048666665 13.793773641666666
51.011962561666664 13.793804148333333
51.01203142666668 13.793827798333336
51.012100023333325 13.793860534999999
51.012153531666655 13.793881755
51.012193326666676 13.793902005
51.01221845 13.793915308333336
51.01224018166666 13.793925359999996
51.01226306 13.793966773333336
51.01229160666665 13.793978140000002
51.01233450166668 13.79396301
51.01237698833334 13.793973493333333
51.01243552333332 13.793996298333335
51.012499680000005 13.794022781666667
51.01255763833334 13.794044208333332
51.012602675000004 13.794062238333334
51.01264193 13.794076035
51.012669855 13.794083736666668
51.012694800000006 13.794089048333335
51.01272271499999 13.794094740000002
51.01274604499999 13.79409910666667
51.01275633 13.79410083833333
51.01276365666666 13.794098899999998
51.01276479166666 13.794098856666668
51.01276479 13.794098850000001
51.01276441333334 13.794099313333334
51.01276444333333 13.79409933166667
51.01276193333333 13.794105995000002
51.01276188666666 13.794106078333334
51.01276188333335 13.794106054999997
51.012762003333336 13.79410602
51.01276679166667 13.794106026666665
51.01278739833333 13.794105344999998
51.01281546166667 13.794103755
51.01284915333333 13.794101945000003
51.01287412 13.794101983333332
51.01288559666667 13.794102083333334
51.01289414833332 13.79410206666667
51.012902145 13.794102156666668
51.01290793666666 13.794102498333336
51.01291322500001 13.794102406666665
51.01291710833334 13.794102200000001
51.012919458333336 13.794102071666664
51.01292265500001 13.794101971666668
51.01292693333333 13.794101724999999
51.01292950666666 13.794101393333332
51.012929504999995 13.794101509999999
51.012929490000005 13.794101543333333
51.012929564999986 13.79410145666667
51.01292973500001 13.794101423333332
51.012933903333334 13.794100796666665
51.01294982333332 13.794097558333332
51.01297014499999 13.79409214333333
51.01298320666667 13.794088160000001
51.012990945 13.794085759999996
51.01299678 13.794084046666663
51.013001716666665 13.794082328333332
51.01300194666668 13.794082216666668
51.01300193833334 13.794082236666668
51.01300195 13.794082204999999
51.01300195833333 13.794082231666668
51.01300196166667 13.794082233333333
51.013001980000006 13.794082213333331
51.013001994999996 13.794082181666665
51.01300197333332 13.79408221
51.01300193999999 13.79408224
51.01300193833334 13.794082253333332
51.013001904999996 13.79408227
51.01300190666666 13.794082248333336
51.01300190833334 13.794082233333333
51.01300190333333 13.794082248333336
51.01300191833334 13.794082241666668
51.013001926666675 13.79408221
51.01300193500001 13.794082233333333
51.01300193999999 13.794082213333331
51.01300194833334 13.794082206666667
51.01300193666666 13.794082174999998
51.01300195666666 13.794082158333334
51.013001955 13.794082105
51.01300191999999 13.794082156666668
51.013001925 13.794082149999998
51.01300191999999 13.794082165
51.013001928333324 13.794082199999998
51.01300193 13.794082171666666
51.013001925 13.794082178333333
51.013001974999995 13.794082156666668
51.013003328333326 13.794081675000003
51.013008455 13.794079801666665
51.013022748333334 13.79407285666667
51.01304564333335 13.794053056666666
51.01307398000001 13.793998704999998
51.01309039666668 13.793907265000003
51.01309070666666 13.793790911666667
51.0130868 13.793668191666665
51.01308378333333 13.793548296666666
51.01308371166667 13.793438451666665
51.01308456499999 13.793349253333334
51.013085601666674 13.79326812
51.01308628166665 13.793202458333333
51.01308721666666 13.793148975000001
51.01308876166666 13.793104916666664
51.01309020500001 13.793067673333333
51.013091755000005 13.793040963333333
51.013092910000005 13.79302041833333
51.013094675000005 13.79299553
51.01309747333333 13.79295538666667
51.013102208333336 13.79289510666667
51.013109335 13.792815646666668
51.01312161999999 13.792721758333334
51.01313955333333 13.792618711666668
51.01315911499999 13.792513880000001
51.01317824833332 13.792410523333334
51.01319727666667 13.792310511666669
51.013214915 13.79221848166667
51.013230033333336 13.792144365000002
51.01324086000001 13.792090976666664
51.013247301666674 13.792057275000001
51.013249955000006 13.792043320000001
51.01325013666666 13.792042245000001
51.01325008500001 13.792042276666661
51.01325006999999 13.792042255000002
51.01325008833334 13.792042269999998
51.01325007333333 13.792042245000001
51.013250060000004 13.79204226166667
51.013250074999995 13.792042238333332
51.01325008500001 13.792042231666668
51.01325002333333 13.79204216666667
51.013250081666655 13.79204221
51.01325007666667 13.792042213333332
51.01325007833332 13.792042190000002
51.01325007833332 13.792042161666666
51.013250081666655 13.792042138333333
51.01325009833332 13.792042145000002
51.01325008333333 13.792042141666665
51.01325008999999 13.792042173333334
51.013250081666655 13.792042174999999
51.013250095 13.792042184999998
51.013250108333324 13.79204218
51.013250113333335 13.7920422
51.013250113333335 13.792042208333331
51.01325013 13.792042193333332
51.01325014833333 13.7920422
51.01325012666668 13.792042203333335
51.013250108333324 13.7920422
51.01325013333334 13.79204218
51.01325013999999 13.79204218
51.01325013666666 13.792042171666667
51.013250160000005 13.792042123333333
51.013250166666666 13.79204212
51.013250175 13.792042125
51.01325015166667 13.792042128333337
51.01325013833334 13.792042138333333
51.013250156666665 13.792042041666665
51.01325171 13.792033138333332
51.01325812 13.79199627
51.013266475 13.791948361666668
51.01327532166667 13.791895723333335
51.01328772 13.791823993333333
51.01330512666668 13.791724826666666
51.013324003333324 13.79161530666667
51.013345033333344 13.79150022
51.01337315000001 13.791378383333331
51.01340915000001 13.79124962
51.01345121999999 13.791114229999998
51.01349573666666 13.790976161666666
51.013540416666665 13.790839666666667
51.01358794333334 13.790692975000002
51.01363756000001 13.790539818333333
51.013688925 13.79038183166667
51.01374203666666 13.790217640000003
51.013795816666665 13.790055421666663
51.01385286666667 13.789895243333335
51.01391188833333 13.789739423333337
51.01397312000001 13.789588665
51.014035976666676 13.78944288833333
51.01410032166667 13.789301196666667
51.014166485000004 13.789163248333333
51.014234111666674 13.789029828333332
51.01430280500001 13.788900953333332
51.014372445 13.788776681666668
51.0144443 13.788658988333331
51.014517088333335 13.788545676666665
51.014590255000016 13.788442046666667
51.01465727 13.788347936666666
51.014719403333324 13.788263016666667
51.014777239999994 13.788187046666668
51.01482964499999 13.788118853333334
51.014872835000006 13.788064143333335
51.01490855 13.788019758333332
51.01493761166667 13.787985703333334
51.01495827333331 13.787962850000001
51.014971315000004 13.787948991666667
51.014978138333326 13.787941473333335
51.01498151833334 13.787937316666667
51.01498257333333 13.787936303333334
51.01498255166668 13.787936273333333
51.01498348166665 13.787935295000004
51.014991630000004 13.787926095
51.01501090166666 13.787904765000004
51.01503088166666 13.787881654999998
51.015055344999986 13.787853326666667
51.01508165833332 13.787823973333335
51.01510698666667 13.787795865000001
51.01512219833333 13.787779359999998
51.01512611666667 13.787774385
51.01512600666665 13.787774463333331
51.015125966666666 13.787774365000002
51.015125864999995 13.787774328333334
51.01512588666666 13.787774341666667
51.015125864999995 13.787774256666667
51.015125856666664 13.787774073333333
51.01512592666666 13.787773946666665
51.015129683333335 13.787770335000001
51.01514828999999 13.787751981666668
51.01517018000001 13.787724918333334
51.015184873333325 13.787706988333332
51.015189803333335 13.787701756666669
51.01519074833332 13.787701026666666
51.015190675 13.787700745000002
51.01519066166667 13.787700751666668
51.015190686666664 13.787700676666665
51.015190691666675 13.787700645
51.01519071833333 13.78770068666667
51.015190706666665 13.787700663333332
51.01519073166666 13.787700681666669
51.015190685000015 13.787700770000004
51.01519076500001 13.787700684999997
51.01519385500001 13.787696945
51.01520244833332 13.78768764166667
51.01520999666666 13.787679384999997
51.01521676000001 13.787671758333333
51.01522597166668 13.787661341666668
51.015237336666665 13.787648216666666
51.01524989666667 13.787633425000001
51.015262996666664 13.787618385
51.01527619333334 13.787603516666666
51.01528991 13.787588229999999
51.01530520333334 13.787571170000001
51.01532128666666 13.787554440000001
51.015339135000005 13.787533678333334
51.015357630000004 13.787514368333332
51.01537328333334 13.78749703
51.01538498833334 13.787484315000002
51.01539277666667 13.787476326666665
51.01539648166666 13.787471778333334
51.015397688333344 13.787470748333336
51.01539798333333 13.787470241666664
51.01539787833334 13.787470103333336
51.01539789333333 13.787470090000003
51.015397860000014 13.787470058333334
51.01539791166667 13.787470306666668
51.015397866666675 13.787470254999997
51.01539786499999 13.787470298333336
51.01540026666667 13.787467728333334
51.01541283333334 13.787453606666668
51.01545092666667 13.787467578333333
51.01548396166666 13.787426633333332
51.01550560666665 13.787324613333332
51.01555515500001 13.787286231666666
51.01560419833333 13.787230291666667
51.01564874833333 13.787174770000002
51.01568898999999 13.787142893333332
51.01572599499999 13.787131153333332
51.015769325 13.787149738333335
51.01582108000001 13.787204198333336
51.01588993 13.787283825000001
51.01597246333334 13.787377279999998
51.016067373333335 13.787482453333336
51.01617298333334 13.787597103333333
51.01628512333332 13.787714896666664
51.01640231166666 13.787835983333332
51.016521405000006 13.787958606666667
51.01664028500001 13.788084390000002
51.01675704666666 13.788211056666666
51.016872256666666 13.788336553333332
51.01698565833333 13.788460155
51.01709755333333 13.788582929999999
51.017210205000005 13.788707816666665
51.01732595666666 13.78883638166667
51.01744612333332 13.788963333333333
51.017567969999995 13.78908027
51.01769095333332 13.789187103333331
51.01781484666667 13.789283248333334
51.01794335500001 13.789364768333334
51.01807863833333 13.789435798333333
51.018218295 13.789500601666665
51.01835944666668 13.789563648333335
51.018502186666666 13.78962572
51.018643085 13.789683754999999
51.01878231833334 13.789736003333333
51.018920014999985 13.789779096666667
51.01906124666667 13.789816781666666
51.01920576999999 13.789856911666668
51.01935055833334 13.789909383333335
51.019495708333324 13.789966751666665
51.01963872500001 13.790021859999998
51.019779686666666 13.790074423333335
51.01992121499999 13.790126363333332
51.020062203333325 13.790178186666667
51.020202013333346 13.790232121666667
51.02033364999999 13.790281581666667
51.02045329333334 13.790320198333337
51.020563644999996 13.790353236666666
51.02066588666666 13.790390031666668
51.020759729999995 13.790436741666667
51.02084432 13.790487658333337
51.02091725499999 13.790538405
51.02098130333332 13.790588283333333
51.02103702333332 13.790635234999998
 
 
 
 
 
 
 
 
 
 
 
 
 
 
 
 
 
51.021132995 13.790809591666667
51.021134066666654 13.790809386666668
51.02114058666666 13.790810631666666
51.021142321666666 13.790811781666665
 
 
 
 
 
51.02135517166666 13.790935868333333
51.02138116499999 13.790971186666669
51.02142784666668 13.790963148333333
51.02147279666668 13.790941559999998
51.021531669999995 13.790839365000004
51.021590090000004 13.790815718333333
51.02164321833334 13.790683988333331
51.02170179166668 13.790596278333336
51.02175893999999 13.790518134999997
51.021818071666665 13.79045486
51.02188107833334 13.79039891833333
51.02195104333334 13.790351043333333
51.02202992333332 13.790309565
51.02211738000001 13.790279503333332
51.02220516833334 13.790291393333332
51.022291294999995 13.790229755
51.02240694166667 13.790257031666666
51.02251046166666 13.790207008333335
51.02261698500001 13.790190351666665
51.022722575 13.790175868333332
51.022826013333344 13.790164479999998
51.022928250000014 13.790149976666665
51.02302858166666 13.790126838333332
51.023127155000005 13.790096783333334
51.02322382833333 13.79006017
51.02332298166666 13.790020329999997
51.02342348833334 13.789984956666668
51.023524318333344 13.789941216666668
51.02362638833335 13.789900853333332
51.023726169999996 13.789861405
51.023825495 13.789819984999998
51.02392090333333 13.789770773333336
51.024024880000006 13.78973996666667
51.024123045 13.789700333333334
51.024219710000004 13.789662746666666
51.024313910000004 13.789627591666665
51.024391936666674 13.789627978333336
51.02448642166667 13.789604406666667
51.02456697833333 13.789574438333329
51.02459356666667 13.789434393333332
51.02472949166666 13.789510470000002
51.024817950000006 13.789473016666667
51.02490711 13.789443773333335
51.025005416666666 13.789349626666665
51.02509329333334 13.78932418166667
51.025184231666664 13.789288965000003
51.02527112833333 13.789313098333336
51.02536167333333 13.789264848333335
51.025452138333335 13.78915655
51.02553924666666 13.789059485
51.02562723333334 13.788972426666666
51.025714221666675 13.788885353333335
51.02579989666666 13.788799065000001
51.02588583666666 13.78870938666667
51.02597618999998 13.788616368333331
51.02605763500001 13.788531579999999
51.026143739999995 13.788442311666666
51.026239053333335 13.788345526666667
51.026327885000015 13.788253636666665
51.02641570666666 13.788162996666669
51.02650351333333 13.788070178333335
51.02658738833334 13.787978295
51.02667389 13.787887518333331
51.02676152666666 13.787791606666671
51.026855446666666 13.787704779999997
51.02696317833333 13.787678586666667
51.027047855 13.787562519999998
51.027143160000016 13.787507105000001
51.027237975 13.787456038333335
51.027334249999996 13.787439923333336
51.027456489999985 13.787444974999998
51.02752452166666 13.787512008333332
51.027590360000005 13.787578181666671
51.02764038166665 13.787630483333333
51.027680225 13.787668226666664
51.02770914666668 13.787691493333334
51.027682048333325 13.787712656666667
51.02769579666666 13.787725485
51.02770125666666 13.787730508333334
51.02770237499999 13.787731506666667
51.02770368999998 13.787732779999999
51.027707636666655 13.787736459999996
51.02771453166667 13.78774271833333
51.02772020333334 13.787748003333336
51.027722006666664 13.787749678333334
51.027722105 13.787749763333332
51.027722288333344 13.787749931666667
51.027727478333325 13.787754574999997
51.02774682833333 13.787772490000002
51.02781053833333 13.787782921666663
51.02781359166667 13.787785620000003
51.027813535000014 13.787785528333332
51.02781373333334 13.787785223333337
51.027813818333335 13.787785323333333
51.02781605 13.787787673333332
51.027831433333326 13.787801355
51.02785038999999 13.787816191666666
51.027868511666675 13.787828079999997
51.02789600000001 13.787837663333331
51.02793524166667 13.787831316666665
51.027980713333335 13.787796448333335
51.02802577166667 13.787728401666664
51.028065829999996 13.787639304999997
51.02810450166668 13.787547138333332
51.02814197666668 13.787454391666666
51.028178591666666 13.787363236666666
51.02821414333333 13.787274375
51.02824747333332 13.787191680000001
51.028275613333335 13.787122145000001
51.028297015 13.787069608333335
51.02831144666667 13.787033968333333
51.028320735000015 13.787010970000003
51.028325695 13.786998656666666
51.02832751333334 13.78699381333333
51.02832801166666 13.78699282
51.02832785166667 13.786992848333334
51.02832786333333 13.786992975000002
51.02832786166667 13.786992933333332
51.028327880000006 13.786993041666666
51.02832783833334 13.786992873333334
51.028328741666655 13.786990658333332
51.02833800333333 13.786967208333332
51.02834709666668 13.786928515000003
51.02837596333334 13.786852758333332
51.02840849499999 13.786768423333335
51.02844641333334 13.786675906666668
51.02848915833333 13.786576981666666
51.028536776666684 13.786470350000002
51.028588211666666 13.786346766666668
51.02864209833333 13.78621030666667
51.02869682000001 13.786084758333335
51.02875582499999 13.78593769333333
51.028816469999995 13.785789136666668
51.028877563333346 13.785636761666668
51.028942375 13.78547529333333
51.02901200833333 13.785299801666664
51.029082866666656 13.785121755
51.02914707499999 13.784936731666669
51.02921896333332 13.784764198333335
51.02928918500002 13.784588815000003
51.029360194999995 13.784408718333331
51.029431573333326 13.78422531
51.029504165 13.784044475
51.02957908500001 13.783868790000001
51.02965669833332 13.783697271666664
51.02973804666667 13.783536604999998
51.029815316666664 13.783365755
51.02988534333334 13.783202116666667
51.02994910833334 13.783040128333335
51.03002626000001 13.782856396666666
51.03009241499999 13.782693238333332
51.030161265 13.782524875000002
51.03021720833333 13.782365591666666
51.03028423333333 13.782193925000001
51.03035513666666 13.782036828333336
51.03042925666667 13.781863656666667
51.03049609499999 13.781681099999998
51.03056846166666 13.781510545
51.03062182 13.78132899
51.03067618 13.78117798333333
51.03075032 13.781016921666666
51.03080661999999 13.780877796666664
51.030862264999996 13.780755895
51.03090321166666 13.780653243333331
51.030948331666664 13.780580096666665
51.031000196666675 13.780551309999998
51.03105364666667 13.780556713333333
51.031112551666666 13.780604351666666
51.03120208500001 13.780689626666662
51.03128811499999 13.780775366666667
51.03139164833331 13.780872471666665
51.03149806333332 13.780968043333333
51.031600665 13.781062689999999
51.031711075000004 13.781136348333332
51.03180978166665 13.781229755
51.03189197500001 13.781329678333334
51.0319922 13.781423415000003
51.03208936000001 13.781514843333332
51.0321705 13.781599961666666
51.03226150833334 13.781687584999997
51.032336023333315 13.781769736666668
51.03240461833334 13.781844208333332
51.03246948166666 13.781912851666664
51.032530644999994 13.781980398333333
51.03258928999999 13.782040401666666
51.03264401499999 13.782091495000001
51.03269462833332 13.782140798333334
51.032740008333334 13.782184191666666
51.03277859166666 13.782221588333334
51.03280950500001 13.78225195
51.032835283333334 13.782278328333337
51.032851823333324 13.782299961666668
51.03286741499999 13.782307765000004
51.03287537999999 13.782315638333333
51.032877875000004 13.78231782
51.032848570000006 13.782326774999998
51.03284857666667 13.782326804999999
51.032848568333335 13.782326776666666
51.03284857333332 13.782326825
51.032848584999996 13.782326798333338
51.032848546666656 13.782326776666666
51.03284853833334 13.782326756666668
51.03284855166668 13.782326765
51.03284858 13.782326696666667
51.03284855833332 13.782326778333333
51.032848584999996 13.782326705
51.032848523333314 13.782326774999998
51.03284855166668 13.782326721666667
51.03284855500001 13.782326738333332
51.032848516666675 13.782326761666665
51.03284855500001 13.782326670000002
51.032848516666675 13.782326695000002
51.032848531666666 13.782326738333332
51.032848561666654 13.78232671
51.03284936833335 13.782327493333332
51.032864106666665 13.782341603333334
51.03289744166667 13.782372658333335
51.032944721666674 13.782415711666669
51.03300121833334 13.782465753333334
51.03306185333333 13.782520888333332
51.03312326 13.782583236666664
51.03318318 13.782648954999997
51.03324578833334 13.782718591666667
51.03331801166666 13.78278884666667
51.03339785833334 13.782855345
51.03348206166665 13.782924268333334
51.03356671666667 13.782997771666665
51.033652315000005 13.783076979999999
51.03373766666667 13.783160781666668
51.033822099999995 13.783246165000003
51.033906433333335 13.783338594999998
51.033990005 13.783437913333334
51.03406489833333 13.783524966666668
51.03412293333333 13.783588491666668
51.034163151666675 13.783630525000001
51.03418612166667 13.783653798333335
51.03421273666666 13.783643359999996
51.034229289999985 13.78363846833333
51.03422934666667 13.783638545
51.03422927666667 13.783638591666666
51.03422939333335 13.783638641666668
51.034229368333335 13.783638671666665
51.03422933833334 13.783638563333334
51.03422930833334 13.783638611666671
51.03422933833334 13.783638518333332
51.03422932499999 13.783638626666663
51.03422934833332 13.783638504999999
51.03422935833334 13.783638463333334
51.034229336666655 13.783638565
51.03422938500001 13.783638601666663
51.034229368333335 13.783638484999999
51.03422936333333 13.783638545
51.034229335000006 13.783638506666668
51.03422929833332 13.783638481666669
51.03422922333333 13.783638466666666
51.034229178333334 13.783638506666668
51.034229178333334 13.783638603333335
51.03422917666667 13.783638606666667
51.034229198333314 13.783638603333335
51.03422917333332 13.783638781666669
51.03422913500002 13.783638905000002
51.03422911999999 13.783638956666667
51.03422905333332 13.783638704999998
51.03422912166668 13.783638721666668
51.034228973333335 13.783638756666669
51.03422897 13.783638725
51.03422901333333 13.783638736666667
51.03422898 13.783638833333335
51.03422903333333 13.78363889166667
51.034228965 13.78363886
51.03422891833334 13.783638938333334
51.034228920000004 13.783638855
51.03422892166667 13.783639009999998
51.03422891833334 13.783638926666663
51.034228938333335 13.783639061666667
51.034228898333325 13.783638988333333
51.03422891666667 13.783639124999999
51.03422886833334 13.78363914333333
51.03422881333334 13.783639196666664
51.03422879333334 13.783639295
51.03422874333334 13.783639240000003
51.03422875666665 13.783639286666668
51.03422877 13.783639421666665
51.034228676666665 13.783639473333334
51.03422868833333 13.783639605
51.03422865166667 13.783639473333334
51.034228604999996 13.783639725
51.03422881666667 13.783640041666668
51.03423960166668 13.783650458333334
51.034270111666665 13.783683001666665
51.03432071666666 13.783731403333336
51.03438752333333 13.783796575
51.034465625 13.783875831666672
51.03455250333333 13.783964895
51.03464623833334 13.784060533333335
51.03474499333335 13.784160016666666
51.03484432666667 13.784260368333332
51.034941208333336 13.784361440000001
51.03503777333332 13.784456038333333
51.03513362833334 13.784543056666667
51.03522959833332 13.784622348333334
51.035325379999996 13.784703740000001
51.03542018500001 13.784797320000003
51.035519921666676 13.784890520000003
51.03561535666666 13.784984153333335
51.035709083333344 13.785078656666666
51.03579686499999 13.785181521666663
51.035873391666655 13.785299415
51.035932415 13.78543557166667
51.035971271666675 13.785583961666669
51.035989515 13.785739130000001
51.035990375 13.785894046666666
51.03598326333334 13.786045368333331
51.03598422499999 13.786189441666666
51.03598151000001 13.786333363333332
51.03597339666667 13.786478438333331
51.03597796999999 13.786609578333335
51.03597467333332 13.78673916166667
51.035971981666655 13.786860740000002
51.03597198999999 13.786975528333334
51.03596897166667 13.78708573166667
51.035967875000004 13.787190055
51.03596349166666 13.787292873333335
51.03596377666668 13.78739460666667
51.035962796666674 13.787503281666666
51.035911774999995 13.787619268333334
51.03591153500001 13.787725003333332
51.03591096499999 13.787827168333331
51.035908446666674 13.787919198333334
51.03590751333333 13.787994779999996
51.03590749333334 13.788062434999999
51.035908094999996 13.788125948333334
51.035909280000006 13.788187998333335
51.03591079166667 13.788252265000002
51.03591296333334 13.788309971666665
51.035920635000004 13.788360736666668
51.03594056833334 13.78841128333333
51.03596798833334 13.788456641666665
51.03599377166667 13.788486920000002
51.036013071666666 13.788501076666668
51.03602654333334 13.788505616666665
51.03603258666667 13.788506083333335
51.036088439999986 13.788495951666665
51.03609083000001 13.788495828333335
51.036092623333325 13.788496958333333
51.03609485333333 13.788498003333336
51.03609603333333 13.788504191666668
51.036096230000005 13.78849944333333
51.03609565666666 13.788497734999998
51.03609575 13.788497816666666
51.03609569 13.78849771333333
51.036095785 13.788497001666666
51.03609969166666 13.788498096666665
51.03611373500001 13.788499878333335
51.03613766333334 13.788502311666665
51.03616856166665 13.788500336666667
51.03620491499999 13.788497909999997
51.03617795166668 13.788506676666664
51.03618547499999 13.788437324999999
51.03629620333333 13.788482646666667
51.036379601666674 13.788501259999999
51.03651742499999 13.788529568333331
51.036577943333334 13.788480853333333
51.036672849999995 13.788514518333333
51.03670665666665 13.788543590000002
51.03679866666668 13.788513284999999
51.036839238333336 13.788494165000001
51.03694268166666 13.78851421166667
51.03704944833333 13.788547201666665
51.037147515 13.788489175000002
51.03721675 13.78855386833333
51.03730765833334 13.78849737
51.037388463333336 13.78850163
51.037467853333325 13.788508126666663
51.037541786666665 13.788514288333333
51.03762237166667 13.788518063333333
51.03771045333333 13.788522166666667
51.037797863333346 13.788530668333332
51.03788150333333 13.788535618333333
51.03796572166666 13.788541771666667
51.03804832333332 13.788543454999997
51.03813344666667 13.788544616666664
51.03821873333333 13.788544173333337
51.03830528500001 13.788547573333336
51.038394430000004 13.78855102
51.038487096666664 13.788553368333332
51.03857817 13.788555706666667
51.038669361666656 13.788559929999996
51.038759425 13.788564144999999
51.03884780666666 13.788567703333335
51.038927355000006 13.788616816666668
51.039004860000006 13.788620903333337
51.039095889999984 13.788626325
51.039181603333326 13.788644096666664
51.03927305500001 13.788651991666665
51.039372446666675 13.788660986666665
51.03945696666666 13.788667984999998
51.03954725666666 13.788667303333337
 
51.039735025 13.788646178333332
51.03980729166666 13.788653141666664
51.03985741666667 13.788654898333334
51.03989524333335 13.788620926666665
51.03993073833333 13.788622234999998
51.039942569999994 13.788669178333334
51.03997425833333 13.788646706666668
51.03998984166666 13.788655591666668
51.04000112166667 13.788659270000002
51.04000603666667 13.788659723333334
51.04000789666667 13.788660455000002
51.04001021666668 13.788661491666664
51.040013695 13.788661555
51.04001737 13.788662159999998
51.04001762666667 13.788662300000002
51.040017615000004 13.788637434999998
51.04002149166668 13.788638706666669
51.04002194833333 13.788632073333334
51.04002118166667 13.788637649999998
51.04002145833333 13.788628993333331
51.04002127666668 13.788627679999998
51.040021065000005 13.78862533166667
51.04002087666666 13.788623921666666
51.04002073333333 13.788622811666668
51.04002068666667 13.788621809999999
51.040020595 13.78862098
51.04002053000001 13.78862024
51.04002048 13.788619505000002
51.04002042833333 13.788618501666667
51.04002032666667 13.788618365000001
51.04002025500001 13.788617556666669
51.04002018000001 13.788616773333334
51.04002013833335 13.78861613
51.04002007166667 13.788615616666664
51.04002006666666 13.788615336666664
51.04002001166667 13.788614483333333
51.04001988333333 13.788613493333333
51.04001980333332 13.788612856666669
51.040019666666666 13.788611726666662
51.04001955166668 13.788611143333332
51.04001935333333 13.78860978166667
51.04001931333334 13.788608998333332
51.04001909833334 13.788607809999997
51.04002021333333 13.788629355000001
51.040020096666666 13.788628768333334
51.04002003999999 13.788628451666662
51.04001993666666 13.788627763333333
51.04001979166666 13.788627441666666
51.04001985333333 13.788626848333335
51.04002314833333 13.788626833333334
51.04003572666667 13.78862795
51.040054366666666 13.788592336666666
51.04008013999999 13.788593086666667
51.040115130000004 13.788594646666665
51.040157236666666 13.788596299999998
51.040208208333326 13.788588656666665
51.040266301666676 13.788578546666663
51.040314945 13.788643551666667
51.04038736166665 13.788674318333332
51.04047941 13.788646421666666
51.04054638833335 13.788658823333337
51.04062012333332 13.788663955
51.040692463333336 13.788668321666664
51.04076920000001 13.788673121666667
51.040845053333335 13.788675523333335
51.040919578333344 13.788681706666667
51.04099542166667 13.788679609999997
51.04107439499999 13.788683041666665
51.04115662666668 13.788687761666665
51.041244983333335 13.788689481666669
51.041331830000004 13.78869005666667
51.04141895666667 13.788703693333332
51.04150683666667 13.788706623333336
51.041596049999995 13.788706631666665
51.041685691666665 13.788708423333336
51.04177809666667 13.788719720000001
51.041862061666656 13.788726603333336
51.041939209999995 13.788723496666668
51.04202418 13.788725105
51.042094421666675 13.788753671666665
51.04219300666667 13.78873373833333
51.042276405 13.788742308333333
51.042368583333335 13.788763550000002
51.04245275500001 13.788760774999998
51.04252720833333 13.788750499999999
51.04260384333334 13.788796948333337
51.042669773333316 13.788755821666665
51.042732410000006 13.788751176666665
51.04279591666667 13.788760926666665
51.042846236666655 13.788765543333334
51.042886431666666 13.788763838333333
51.04292310333332 13.788764969999999
51.04295961333334 13.788767163333334
51.042987436666664 13.788768143333334
51.04301501833335 13.788769990000002
51.04304158 13.788772043333331
51.04306960833334 13.788766778333331
51.043106208333334 13.788777344999998
51.04314379166667 13.788772483333332
51.04318256499999 13.788765828333336
51.04322769333335 13.788740098333335
51.04327355333333 13.788687878333333
51.043306588333344 13.788622311666666
51.04331432166667 13.788586511666665
51.043330530000006 13.788553004999999
51.04333691999999 13.788528178333332
51.043340931666656 13.788502751666666
51.043342675 13.788485941666666
51.04334350166667 13.788472776666667
51.04334373666667 13.788466093333334
51.043346516666666 13.788464901666664
51.04334784166666 13.788467991666668
51.04334755833334 13.788467721666667
51.04333723 13.788458215000002
51.043340261666664 13.788463163333331
51.043341174999995 13.788462193333332
51.04334283333334 13.788462531666669
51.043342825 13.78846256333333
51.043345733333325 13.78846361
51.04334587833332 13.78846763166667
51.04334631666667 13.788467709999997
51.04334631166667 13.788467398333333
51.043346675 13.78846722
51.043345521666666 13.788463126666663
51.04334588666666 13.788453556666669
51.043345769999995 13.788453571666667
51.043346605 13.788464468333332
51.04334705333334 13.788463251666666
51.043346651666674 13.788463131666667
51.043347131666664 13.788466559999998
51.043345403333326 13.788462939999999
51.04334518833334 13.788462848333335
51.04334752666667 13.788464618333334
51.043347456666666 13.788464261666665
51.04334747166668 13.788464304999998
51.043344345 13.788462565000001
51.04334516999999 13.788461405000001
51.043346056666664 13.788450676666665
51.043346605 13.788421040000003
51.043347875 13.788378141666666
51.04334686666666 13.788328066666669
51.04334606833334 13.788270566666665
51.04333525166667 13.788198796666666
51.043337380000004 13.788109485
51.04332995666667 13.78800980666667
51.043326663333346 13.787901403333334
51.04334056000001 13.787779073333335
51.04331717499999 13.787651241666667
51.04332087166667 13.787509590000003
51.043325445 13.787356288333335
51.04335416666666 13.787189974999997
51.043354978333326 13.787022201666666
51.04335881999999 13.786845473333335
51.04336229166667 13.786666236666667
51.043366466666676 13.786480274999997
51.043377641666666 13.786279271666665
51.04338533333335 13.786068828333335
51.04338682333332 13.785858274999999
51.043401133333326 13.785655178333336
51.043406870000005 13.785455018333334
51.04341590000001 13.785257171666665
51.04341320499999 13.785084048333337
51.04342474666667 13.78491852
51.04340857666668 13.784722170000002
51.043423458333336 13.784552568333334
51.04343241333333 13.784385474999999
51.043438941666665 13.784226129999999
51.04344541166667 13.784077008333334
51.04345201666667 13.783932116666666
51.043454804999996 13.78380678
51.043462985 13.783673173333334
51.043474644999996 13.783540496666667
51.04349106333334 13.783422161666666
51.043512276666675 13.783312808333335
51.04353562166668 13.783208526666666
51.04356065499999 13.783109691666668
51.043585885000006 13.783018628333336
51.04361695666667 13.782961090000004
51.04362821666667 13.782851101666665
51.04364768166667 13.782781519999999
51.04366472166668 13.782718466666665
51.04368007666667 13.782661895
51.04369435833334 13.782610343333333
51.043706820000004 13.782564008333331
51.043718168333335 13.782522329999999
51.04372871 13.782484088333335
51.043738273333325 13.782449916666668
51.04374551666667 13.782423386666665
51.04375085833333 13.782403443333331
51.043753884999994 13.782391316666663
51.043754716666655 13.78238853333333
51.04375472833333 13.782386396666668
51.043754893333336 13.782386426666665
51.04375481666666 13.782386191666667
51.043754776666674 13.78238628333333
51.0437548 13.782386298333336
51.043754795 13.782386245000001
51.043754791666665 13.782386224999998
51.043754801666665 13.782386250000002
51.04375479333333 13.782386185
51.04375480666666 13.782386169999999
51.043754813333344 13.782386198333336
51.04375477833334 13.782386121666669
51.04375481166665 13.782386196666668
51.04375483666666 13.782386129999997
51.04375485166667 13.782386051666666
51.043754861666656 13.78238609
51.04375489166667 13.782386015000002
51.04375490333334 13.782386040000002
51.043754910000004 13.78238603166667
51.04375489666666 13.782386161666667
51.043754868333345 13.782386029999998
51.04375518333333 13.782386798333338
51.04375513333333 13.782385138333332
51.043754998333334 13.782385928333333
51.04375497666667 13.782385728333335
51.04375498666666 13.782385729999998
51.04375501166666 13.782385666666668
51.043755005 13.782385573333332
51.043755041666664 13.782385538333331
51.04375491166665 13.78238549333333
51.04375493999999 13.782385473333337
51.04375499333334 13.782385398333334
51.04375546833333 13.782386064999999
51.04375710333332 13.78237995666667
51.04376494166668 13.782349143333333
51.04377763666666 13.782300568333332
51.043794608333336 13.782235500000002
51.04381562333333 13.782153999999998
51.043838668333336 13.782056108333332
51.04386341333334 13.781937225000002
51.04388959166668 13.781800988333336
51.04391780333332 13.78165008
51.04394730833333 13.781486175000001
51.043979308333334 13.781317495000003
51.044015851666686 13.781145839999999
51.04405588000001 13.78097406166667
51.04409761499999 13.780807071666663
51.04413868166667 13.780645863333332
51.04417704833333 13.780489471666666
51.04421462333333 13.780339506666671
51.044251621666675 13.780190548333337
51.04429007166668 13.780037631666668
51.04433040833332 13.779878170000002
51.044371644999984 13.779711723333337
51.04441228333334 13.779549623333333
51.04444968333334 13.779402486666667
51.04448102 13.779280283333332
51.04450931833335 13.779182395000001
51.044536665 13.779114601666667
51.044558271666666 13.779078909999999
51.04457101000001 13.779057633333332
51.04457869666667 13.77903977
51.04458146333333 13.779029651666667
51.044581525 13.779028863333334
51.044581705000006 13.779027326666665
51.044581781666665 13.779026581666669
51.044581448333325 13.779026141666668
51.04458140333333 13.77902618166667
51.04458143999999 13.779026166666664
51.04458138666666 13.779026228333331
51.04458137833333 13.779026184999998
51.044581371666666 13.779026213333335
51.04458136333334 13.77902615
51.04458138500001 13.779026211666666
51.0445814 13.779026251666664
51.044581448333325 13.779026353333336
51.044581321666676 13.779026248333336
51.044581408333336 13.779026323333335
51.04458141833334 13.779026331666667
51.04458144499999 13.779026303333334
51.04458137500001 13.779026323333335
51.04458136333334 13.779026356666668
51.04458132 13.779026378333333
51.044581289999996 13.779026320000003
51.04458129666667 13.779026421666666
51.04458121833334 13.779026243333332
51.04458123000001 13.779026299999998
51.04458123333334 13.779026291666666
51.04458124666667 13.779026195000002
51.04458121166666 13.779026103333335
51.04458140166668 13.779024781666669
51.04458189166667 13.779020543333331
51.04458247000001 13.779012141666666
51.04458159166667 13.778998941666668
51.04457863333334 13.778985583333334
51.044576118333346 13.77897123833333
51.04457447333333 13.778955598333335
51.044574610000005 13.778940701666663
51.04457626166666 13.778930656666667
51.04457733666666 13.778923991666666
51.044578866666676 13.778918501666665
51.04457931333333 13.778915601666665
51.04457950000001 13.778914593333331
51.04457948166666 13.778914511666668
51.04457949 13.778914526666664
51.044579495 13.778914563333334
51.04457950333334 13.778914526666664
51.04457947166666 13.778914509999996
51.04457951833334 13.77891459
51.04457950999999 13.778914559999999
51.044579521666655 13.778914734999997
51.04457944166667 13.778914538333334
51.044579425 13.778914596666668
51.044579378333324 13.778914583333336
51.044579365 13.778914570000003
51.04457958000001 13.778913876666666
51.044580700000004 13.778909659999995
51.04458518833335 13.778890916666667
51.044593219999996 13.77885605666667
51.04460318833333 13.778815759999997
51.044614335000006 13.778772076666666
51.044628634999995 13.778727023333337
51.044645055000004 13.778684309999997
51.04465941333333 13.778644991666665
51.04467001000001 13.778611975
51.04467674166667 13.778589081666667
51.04468126166667 13.778573040000003
51.04468622333332 13.778554836666668
51.04469332 13.778528805
51.04470114166667 13.778498576666667
51.04470937666667 13.778466021666668
51.04471894499999 13.778424836666666
51.04473103500001 13.778370943333334
51.044745715 13.778297363333332
51.044763883333324 13.778205598333336
51.04478413666667 13.778109123333335
51.04480550833333 13.77801129333333
51.044829236666665 13.777908125
51.044855018333344 13.777799038333335
51.04488456000001 13.777672206666667
51.044918069999994 13.777527096666665
51.044954389999994 13.777370081666668
51.044990889999994 13.777218295
51.04502857666668 13.777067598333334
51.04506692666667 13.776914778333332
51.04510757166668 13.776753526666663
51.045149079999995 13.776589038333334
51.04518986333334 13.77642501333333
51.045229844999994 13.776264161666669
51.04527019499999 13.776104909999995
51.04531325666665 13.775943573333336
51.045361608333344 13.775781363333332
51.045414363333336 13.775625855000003
51.04546965333332 13.77547346833333
51.04552827666668 13.775321565000002
51.04558621833335 13.775173749999999
51.045643850000005 13.775028591666667
51.04569964666668 13.774886268333335
51.04575504333334 13.774746765000002
51.045809236666656 13.774610209999995
51.04586235666666 13.774476755
51.04591398666666 13.774344841666665
51.04596433999998 13.774215956666668
51.04601458333333 13.774089808333335
51.04606397666668 13.773968076666666
51.04611126166666 13.773853528333332
51.046153020000006 13.773752140000003
51.04619086333334 13.773658631666668
51.046224946666676 13.773574673333338
51.04625480166668 13.773500415000004
51.04628267166666 13.77343068
51.04630838000001 13.773366053333337
51.046331864999985 13.773308150000002
51.04635222499999 13.773259676666665
51.04637188166665 13.773216238333331
51.046391106666654 13.773176011666669
51.04640705833334 13.773140518333332
51.046418325 13.773114341666666
51.04642533833333 13.773096951666663
51.04642888 13.773087156666667
51.04643100666666 13.773082161666666
51.04643208999999 13.773079223333335
51.04643426333334 13.773074706666668
51.04643656666666 13.773068274999998
51.04643796333335 13.773064836666666
51.046437798333336 13.77306487
51.04643781333334 13.773064733333335
51.046437788333336 13.773064873333336
51.04643784833333 13.773064928333334
51.04643783833333 13.773064656666667
51.04643777666667 13.773064661666668
51.046437839999996 13.773064540000004
51.04643775500001 13.773064768333333
51.046437798333336 13.773064723333334
51.046437803333326 13.77306468166667
51.046437873333325 13.773064745000003
51.04643784833333 13.773064771666668
51.04643781666667 13.773064725000003
51.04643771666667 13.773064686666668
51.046437839999996 13.77306486
51.04643783333334 13.773064795000002
51.04643780166668 13.77306478666667
51.04643778333334 13.773064804999997
51.04643786666667 13.77306479333333
51.04643782 13.77306479333333
51.046437873333325 13.773064849999999
51.046437771666675 13.773064808333334
51.04643775500001 13.773064621666666
51.046437786666665 13.77306443
51.04644008166665 13.773059670000002
51.04644458999999 13.773045749999998
51.04645218833334 13.773021115000002
51.046465038333345 13.772981609999995
51.04648139833333 13.772928925
51.046501668333335 13.772867633333332
51.046525929999994 13.772797168333334
51.04655324 13.772722921666665
51.046580960000014 13.772649923333336
51.04660814333335 13.772578626666666
51.046636843333346 13.772504598333335
51.04666203500001 13.772439205000001
51.04668036499999 13.772391963333332
51.04669600333333 13.772351845000003
51.046710524999995 13.772313988333334
51.04672444166666 13.77227805
51.04673685833333 13.77224618666667
51.046744975 13.772225643333332
51.04674892666669 13.772215766666667
51.046749066666656 13.772215346666663
51.04674906833334 13.772215351666667
51.046749031666664 13.772215363333336
51.04674911166667 13.772215345
51.04674906833334 13.772215334999999
51.046749094999996 13.772215303333333
51.046749126666676 13.772215371666665
51.04674903666666 13.772215316666665
51.04674908333333 13.772215278333336
51.04674899833332 13.772215283333333
51.04674899666667 13.772215198333333
51.04674898333333 13.772215221666666
51.046749030000015 13.772215186666665
51.04674907833332 13.772215338333334
51.04674908666666 13.772215305000001
51.04674903333333 13.772215268333332
51.046749080000005 13.772215233333334
51.04674910333333 13.772215211666666
51.04674913500001 13.772215249999999
51.046749133333336 13.772215284999996
51.046749125 13.77221521666667
51.046749133333336 13.772215249999999
51.046749094999996 13.772215223333335
51.046749104999996 13.772215233333334
51.04674913999999 13.772215321666666
51.046749141666666 13.772215254999999
51.04674914333334 13.772215229999999
51.04674913166665 13.772215243333331
51.046749141666666 13.772215261666668
51.046749203333334 13.772215291666669
51.04674922333332 13.772215348333335
51.04674918999999 13.772215281666668
51.04674922333332 13.772215346666663
51.04674920000001 13.772215273333336
51.046749165 13.772215158333335
51.046749181666655 13.772215168333332
51.04674919833333 13.772215195000001
51.046749180000006 13.772215186666665
51.046749160000005 13.772215179999996
51.04674915333333 13.77221515
51.04674914666668 13.772215241666666
51.04674911999999 13.772215256666668
51.04674913833334 13.77221527
51.04674915166667 13.772215348333335
51.04674911833334 13.772215321666666
51.04674911 13.772215348333335
51.04674909833332 13.772215381666667
51.046749088333335 13.772215316666665
51.04674911166667 13.772215334999999
51.04674913 13.772215334999999
51.04674908666666 13.772215316666665
51.04674913833334 13.772215436666666
51.046749128333325 13.772215404999997
51.04674910000001 13.772215393333333
51.04674907833332 13.772215404999997
51.04674913166665 13.772215408333333
51.04674909333333 13.772215376666669
51.04674909666667 13.772215436666666
51.04674911166667 13.772215455
51.046749094999996 13.7722155
51.04674907333333 13.772215546666667
51.04674906499999 13.7722155
51.04674908333333 13.772215481666668
51.04674906333333 13.772215415000002
51.046749104999996 13.772215404999997
51.046749089999985 13.772215433333335
51.04674916166667 13.772215429999997
51.04674920166667 13.772215488333332
51.04674916166667 13.772215441666667
51.046749165 13.772215468333332
51.046749188333344 13.77221551
51.04674916999999 13.772215505
51.046749141666666 13.772215501666665
51.046749104999996 13.77221551833333
51.046749126666676 13.77221551833333
51.04675136166667 13.772210178333333
51.04676258833333 13.772180861666667
51.04678091833334 13.772132406666666
51.04679950666665 13.772082431666668
51.04681662333333 13.772039609999998
51.04683319166667 13.772007753333336
51.046845624999996 13.771990195
51.04685191333333 13.771983916666667
51.04685247166667 13.77198332
51.046852393333346 13.771983356666665
51.04685246166667 13.771983295
51.04685235333333 13.771983350000001
51.04685245166667 13.7719832
51.04685606666667 13.771979311666671
51.046871285000016 13.771966646666666
51.04689854499999 13.771955520000002
51.04694309333334 13.771965551666664
51.046999706666654 13.772012453333335
51.04706565166668 13.772073511666667
51.04714089333335 13.772148258333335
51.04722562833332 13.7722019
51.04730945166668 13.772299385
51.04740544 13.772395315000002
51.04750953333334 13.772509820000002
51.047611569999994 13.772612675000001
51.04771222166667 13.772713825000002
51.04781341000001 13.772814536666669
51.04791664666668 13.772916285
51.04802292166666 13.773018873333335
51.04813411333335 13.773161326666665
51.04823694 13.773263098333336
51.04832861666667 13.773319653333337
51.04842174666666 13.773376155000001
51.04847565499999 13.77346630333333
51.04854085 13.773524781666667
51.048612166666665 13.773588616666666
51.048656654999995 13.773635911666668
51.04869016666667 13.773682778333336
51.04872329 13.773715766666669
51.04875273333334 13.773745435
51.04878634499999 13.773774128333333
51.048823143333344 13.77380808
51.04886666999999 13.77385205
51.048916158333334 13.773899421666666
51.048967898333316 13.773953011666666
51.04901950333333 13.774003528333333
51.04907011000002 13.774052823333333
51.049120035 13.774099453333333
51.04916653333333 13.77415881833333
51.04924232333333 13.774219336666667
51.04930118666666 13.774286923333333
51.04936742666667 13.774352521666666
51.049435654999996 13.774419543333332
51.04950162333333 13.774482836666667
51.04956652833333 13.774543588333332
51.049623143333356 13.774596924999999
51.04967248333334 13.77463996833333
51.049697755000004 13.774688633333332
51.04972898999999 13.774718965
51.04977033500001 13.774736390000003
51.04979338000001 13.774758754999997
51.04981656499999 13.774778516666666
51.04983966166666 13.77480193166667
51.04985818 13.774827498333336
51.049884263333325 13.774850084999999
51.04990474166666 13.774869225000002
51.04992165333333 13.774888155000001
51.04994108166666 13.774906734999998
51.04996640166667 13.774932088333333
51.05000104333333 13.774966231666667
51.05004086666668 13.77499891333333
51.05009594166666 13.77505603
51.050158829999994 13.775122755
51.05022327166667 13.77518809333333
51.05029608333333 13.775261943333332
51.05036841333334 13.775334251666663
51.05043863666666 13.775407326666668
51.05050251666667 13.775469066666664
51.05055728666666 13.775521895
51.050605791666676 13.775569966666668
51.05066435666666 13.775624463333331
51.05071430500001 13.77567295
51.05075481999999 13.775713998333334
51.05079263000001 13.775740465000002
51.050822913333334 13.775775458333335
51.05085131166667 13.775756716666665
51.05086681833335 13.775784609999997
51.050890425000006 13.775809738333335
51.050928445 13.775837874999999
51.05094132333333 13.775895353333336
51.05099148000001 13.77584717
51.05102169666667 13.775864325000002
51.05105083999999 13.77589378166667
51.05108866666668 13.775951486666667
51.05112808333333 13.775991128333336
51.05117437333333 13.776037346666666
51.05122614166667 13.776086546666667
51.051274703333334 13.776093183333334
51.051314094999995 13.776214503333332
51.051370895000005 13.776276388333331
51.051432774999995 13.776280113333334
51.051473196666684 13.776341448333335
51.051480416666664 13.776436231666667
51.05155113833333 13.77641348
51.05158158999999 13.776442411666668
51.05155756833333 13.776535271666663
51.05157036000001 13.776559096666665
51.051605201666675 13.776559250000002
51.05162727500001 13.776694515
51.05166978333333 13.77666597
51.051676835 13.776628561666666
51.05169793333333 13.77667652
51.05171297666667 13.77669172
51.05172250166667 13.776696623333335
51.05172072166667 13.776699640000004
51.05172140333334 13.776705943333331
51.051721165 13.776705270000003
51.05172109333334 13.776705146666666
51.05172107 13.77670446
51.051720036666666 13.776703698333336
51.051755575 13.776663613333332
51.05177501499999 13.77663486166667
51.05179382666667 13.776651716666667
51.05179411333334 13.776651895000002
51.05179426666667 13.776652291666668
51.051793786666664 13.776653671666669
51.05179305 13.776654875
51.051793028333336 13.776654831666667
51.051793295 13.776655093333334
51.051789630000016 13.776658683333334
51.051787326666684 13.776660298333335
51.051788541666674 13.776660366666666
51.051781594999994 13.776660406666668
51.05178674666666 13.776661218333329
51.05178678000001 13.776661595
51.05178575666665 13.776662678333336
51.05178595166667 13.7766632
51.05178272166666 13.77666398
51.051782588333346 13.776664326666666
51.051782513333336 13.776664613333333
51.05178248000001 13.776664695
51.051782310000014 13.776657026666665
51.05178229499999 13.776657146666667
51.05178300166667 13.776664238333334
51.05176267833334 13.776658241666667
51.051762724999996 13.776658248333336
51.05176275500001 13.776658166666667
51.05176315833334 13.776658308333333
51.05178076000001 13.776661978333333
51.05178079166667 13.776662245
51.051780744999995 13.776662190000001
51.05178070499999 13.776662170000002
51.051780605000005 13.77666225
51.051780761666656 13.776662411666667
51.051784708333344 13.776666161666666
51.05180027833333 13.776683963333332
51.05182794666666 13.776724291666664
51.05186479666666 13.776750515
51.051906849999995 13.776774966666668
51.051950139999995 13.776822746666669
51.052006818333346 13.776872366666664
51.052045863333326 13.776921695000002
51.05215398166667 13.777009275000001
51.05218307333333 13.777077391666667
51.05224774666667 13.777132239999998
51.05231177833334 13.777207883333336
51.052369766666665 13.777276558333336
51.052433934999996 13.777340896666665
51.05249613833333 13.777402870000003
51.052558303333335 13.77746459
51.05262266166666 13.777527458333331
51.052685505 13.777589759999996
51.05273832166667 13.77765373666667
51.052783633333334 13.77772346833333
51.05284093666666 13.777758446666667
51.05287118666667 13.777832213333333
51.05289340166667 13.777907429999997
51.052911021666674 13.777982291666667
51.05290953 13.778074675000001
51.052929003333325 13.778088478333336
51.05293276333334 13.778119458333332
51.05293501000001 13.778143001666665
51.05291913500002 13.77819724
51.052927243333336 13.778194668333333
51.052900305 13.778249613333333
51.05290157000001 13.778261590000003
51.05290286666666 13.778274708333333
51.052904475 13.778293213333333
51.05290696666666 13.778324045000003
51.05290986333334 13.778361343333332
51.05291312666667 13.778400175000002
51.05295746833334 13.778379545
51.05296156333334 13.778415051666665
51.052926715 13.778510549999998
51.05293465666667 13.778573036666668
51.05293186833334 13.778693166666669
51.05294730833332 13.778814545
51.05297043999999 13.778963238333331
51.052990985000015 13.779122284999998
51.05300794499999 13.779305376666665
51.05302590333333 13.77948748666667
51.05305078 13.779664620000002
51.05313650666667 13.779818040000002
51.05316092333332 13.77993769
51.05319567 13.78015809333333
51.053342765 13.78022355666667
51.053357410000004 13.780369526666664
51.053336653333325 13.780518388333332
51.05325685333332 13.780684091666668
51.05327123666666 13.78081400666667
51.05328405 13.780938749999999
51.05326458166666 13.781124779999997
51.05326036000001 13.781174576666665
51.05326908666666 13.781269804999999
51.05327930666666 13.781348883333331
51.05325953500001 13.78142749333333
51.05332971499999 13.781461681666672
51.05337885000001 13.781488653333334
51.05343643000001 13.781494433333334
51.053493255 13.781480565000004
51.05354596 13.781471966666667
51.05359136166667 13.781464914999999
51.05363676666668 13.781454295
51.053678995000006 13.781443316666666
51.05371704666666 13.781452576666663
51.05374194166666 13.781440524999997
51.05377604666666 13.781420978333335
51.05378717833332 13.781423174999997
51.053792518333346 13.781433479999999
51.05379917666667 13.781430859999997
51.05380538666667 13.781427268333335
51.05381277166668 13.781423236666667
51.05381622166668 13.781418741666664
51.053807105000004 13.78142061333333
51.05380439833333 13.781418353333333
51.05380397333333 13.781418066666667
51.05380364999999 13.78141783333333
51.053803421666665 13.781417640000003
51.05380325833333 13.781417446666667
51.053803098333326 13.781417200000002
51.053802906666654 13.781417043333333
51.05380272833333 13.781416849999998
51.05380258833334 13.781416748333333
51.053802393333335 13.781416715
51.05380217666667 13.78141663666667
51.05380208166666 13.78141662
51.05380212499999 13.781416586666667
51.05380461833335 13.781415826666667
51.053821805000005 13.781415233333332
51.05383836166666 13.781420370000001
51.05384871833335 13.781433831666668
51.05389563666666 13.781420761666668
51.05391072166667 13.781411685
51.05394200833333 13.781402518333334
51.05397131499999 13.781393408333335
51.054010564999984 13.781386736666668
51.054024163333345 13.781382945000002
51.05403534666667 13.781379428333333
51.05405197666667 13.781374903333331
51.05409438166665 13.781337471666665
51.05413650166667 13.781313648333336
51.054166464999994 13.781306515000002
51.05418902333333 13.781298725
51.05420618333334 13.78129441833333
51.05421948833334 13.781291286666665
51.05423378999999 13.781287761666666
51.054251775 13.781283141666666
51.05427431 13.781276366666669
51.05430022166667 13.781269583333335
51.05432702333333 13.78126566
51.05435427833334 13.781264373333336
51.05438239333334 13.781264251666665
51.05441081499998 13.78126425
51.054437495 13.781264540000002
51.05446272833333 13.781266146666667
51.05448950500001 13.781272918333332
51.054523556666666 13.78128205
51.054560115 13.781283146666665
51.05459448166666 13.781274381666666
51.05462230666665 13.781262423333336
51.05464577333332 13.781253768333332
51.05466748999999 13.781247221666664
51.054688553333335 13.781240959999998
51.05470548833333 13.781238425
51.05472017666668 13.781235791666665
51.054730074999995 13.781234526666662
51.05473499666667 13.781233705
51.054735183333335 13.781233718333333
51.05473523333333 13.781233750000002
51.054735325 13.781233655000001
51.05473536166667 13.781233659999998
51.05473541166668 13.78123361
51.05473547 13.781233604999995
51.054737775 13.78123346
51.05475594333334 13.781233066666667
51.05478766833333 13.781229768333333
51.05482756666667 13.781215345000001
51.054875089999996 13.781195781666668
51.05493103833334 13.781180831666669
51.05499453166666 13.781167799999999
51.05506497666667 13.781157259999997
51.055139161666666 13.78114771166667
51.05521627166668 13.781139394999999
51.055292855 13.781129281666665
51.05537801499998 13.781122899999998
51.05542669 13.781168416666667
51.05550856666667 13.78115947
51.05558828833333 13.781150761666668
51.05566575000001 13.781142504999998
51.05574111000001 13.781134511666668
51.05581206833334 13.781126809999996
51.05587332166667 13.78112041166667
51.05592522333333 13.781115533333336
51.05596999666667 13.781110363333335
51.056008366666674 13.781106816666666
51.05604277833333 13.781103034999997
51.05607282833333 13.781100171666667
51.05609883999999 13.781097159999998
51.056121530000006 13.781094986666668
51.056141228333324 13.781092240000001
51.056158536666665 13.781091176666662
51.05617297166667 13.78108988166667
51.05618513000001 13.781089821666663
51.056198200000004 13.781087698333335
51.05621697333333 13.781085391666666
51.05628354333333 13.781026765000002
51.05631490833333 13.781020446666666
51.056354885000005 13.781010186666666
51.05639713000001 13.781005628333332
51.05644112666667 13.781000991666668
51.05648335833333 13.780996566666666
51.056512950000005 13.781010833333335
51.056555081666666 13.780987703333334
51.05659568333332 13.780983746666667
51.05663606333334 13.780977478333334
51.05667873000001 13.780973850000002
51.056721285 13.780968928333333
51.056763615 13.780970796666669
51.056814915 13.780958395
51.056865814999995 13.78095449
51.056914108333345 13.780952574999999
51.05696049333334 13.780947903333333
51.057003265000006 13.780940138333332
51.057042470000006 13.780938291666667
51.057082781666665 13.780933108333333
51.05713398333334 13.78092679
51.057197385 13.780917233333332
51.057265669999985 13.7809073
51.05733357666668 13.78090846833333
51.057404394999985 13.780905048333333
51.05747392 13.780899301666663
51.05754104333334 13.78090181
51.057603015 13.780900728333336
51.05766986666667 13.780891408333336
51.05773549833332 13.780882929999999
51.05780143166667 13.780874530000002
51.05786587333332 13.78086651
51.05792881666666 13.780861446666666
51.05796427833334 13.780892126666663
51.058023810000016 13.780885466666666
51.05808189 13.780879015000002
51.058137223333325 13.780873326666665
51.05816748166665 13.780889165000003
51.05822232833334 13.780934790000003
51.058282368333344 13.780920266666666
51.05832209666667 13.780809141666664
51.05836928500001 13.780904403333333
51.05838659499999 13.780791755
51.05842682666666 13.780844055
51.058462293333335 13.780845726666666
51.058493885000004 13.780849715000004
51.058529301666674 13.780855148333334
51.05856835333332 13.780864543333333
51.05860790666666 13.780873669999998
51.05863765666666 13.780876266666667
51.058653885 13.780873345000002
51.058685901666664 13.781046145000001
51.05862468500001 13.781104026666666
51.05867059166667 13.781197858333334
51.058597143333344 13.781129241666667
51.05860409833334 13.781112836666667
51.05861157833333 13.781111348333335
51.05862800500001 13.781108190000001
51.05865154166666 13.781043959999996
51.058681138333334 13.781029144999998
51.05869994666667 13.781024844999997
51.058727631666656 13.781003723333336
51.058757713333335 13.780973216666666
51.058776008333325 13.780961556666666
51.05880843333334 13.780949963333335
51.05884587666666 13.780936145000002
51.058872466666664 13.780915553333333
51.058892753333325 13.78090453833333
51.058883630000004 13.780900323333332
51.05888801166666 13.780895736666666
51.05888842833333 13.780889446666666
51.05889292166667 13.780880928333334
51.058901116666675 13.78087612
51.05891629666668 13.780859488333332
51.05893735333334 13.780812958333335
51.05894574333333 13.780721586666667
51.05894180833334 13.780597201666664
51.05893188833333 13.780444784999997
51.05892058333334 13.780275429999998
51.058905395 13.780106051666667
51.05889289333333 13.779933213333333
51.058879071666674 13.779759540000002
51.05886615166667 13.779586994999999
51.05885240666667 13.779417870000001
51.05884450833334 13.779263433333336
51.058833339999985 13.7791318
51.05881762333332 13.77901497833333
51.058809005000015 13.778908750000001
51.05880495833333 13.778814545
51.058797985 13.778731013333333
51.05880029333334 13.778658025
51.058808755 13.778593768333334
51.058798653333334 13.778552106666666
51.05880476666666 13.778521613333336
51.058797563333336 13.778501596666665
51.05881081166665 13.778468540000002
51.05880847333333 13.778451786666668
51.058798745 13.778454683333333
51.05879966499999 13.778451208333331
51.05879922666668 13.778451921666665
51.05879938666667 13.778451703333333
51.058860790000004 13.778364248333336
51.05886076 13.77836427
51.05886090333332 13.778364175000002
51.05886077333333 13.778364250000001
51.05886077833334 13.778364245
51.05886079166667 13.778364265
51.058860799999984 13.778364245
51.05886077500001 13.778364316666666
51.058860793333345 13.778364261666665
51.058860810000006 13.778364284999999
51.05886084333335 13.778364241666669
51.05886079166667 13.778363926666664
51.05886068333333 13.778360383333336
51.058860205 13.77834331833333
51.05885892166666 13.778312770000003
51.058856145 13.778270530000002
51.05885308500001 13.778227301666664
51.05884873333334 13.778170586666667
51.058843204999995 13.778098321666665
51.05883583666665 13.778016421666667
51.05882858666666 13.777936866666664
51.058827565 13.777884178333336
51.058820338333334 13.777793876666665
51.058806626666666 13.777676748333333
51.058813933333326 13.777595145000001
51.05883899166667 13.777529278333335
51.05888195166667 13.77748428
51.05894594333334 13.777457095000004
51.05902672833334 13.777446128333334
51.059112191666664 13.777435245
51.05919698833335 13.777420834999997
51.05928306833334 13.777400986666668
51.05937496833335 13.777379313333332
51.05948098999999 13.777352383333334
51.05959090166666 13.777332611666669
51.059698508333334 13.777319756666667
51.05980352833333 13.777309916666665
51.059904331666665 13.777298915000001
51.05999701833334 13.777289933333334
51.060077003333326 13.777282981666668
51.060148103333326 13.777280023333333
51.060207444999996 13.777283695000001
51.06025024999999 13.777284958333333
51.06027610666667 13.777283631666668
51.06029215833334 13.777282236666668
51.060304435000006 13.777281008333334
51.06031510666665 13.777279773333335
51.06031948500001 13.777278976666667
51.06031920166668 13.777279400000001
51.06031909499999 13.777279581666669
51.06031900833333 13.777279950000002
51.06031886999999 13.777280363333334
51.060318763333335 13.777280476666666
51.06031990666667 13.777279211666666
51.060319886666655 13.777279300000002
51.060319914999994 13.777279255
51.060321785 13.777278968333333
51.06033882666667 13.777276595
51.06036992166667 13.777272121666666
51.06040492499999 13.777266965
51.06045082333332 13.777259165000002
51.060509874999994 13.777246606666669
51.06057739 13.777232234999996
51.06064965166667 13.777219573333335
51.06072962833332 13.777209511666667
51.06081572333333 13.777199934999999
51.06090620500001 13.777191321666665
51.06100504333334 13.77718236
51.06111017833334 13.777173478333335
51.061220685 13.777164065000003
51.06133631166667 13.777154001666664
51.061457275 13.777143073333336
51.06158115333334 13.777131454999997
51.06170645833334 13.777118796666665
51.061829341666666 13.777107396666663
51.06194902666666 13.777096136666668
51.06206578666665 13.777085141666669
51.06218110500001 13.777074276666667
51.06229809333334 13.777063871666666
51.06241276666666 13.777053051666662
51.062524540000005 13.777042473333335
51.06263371499999 13.777032861666669
51.06274253833333 13.777023845
51.06284907333334 13.777015031666668
51.062953383333344 13.77700568833333
51.06305845333333 13.776995498333333
51.06316522 13.776984938333332
51.063278866666664 13.776973803333332
51.06339513833335 13.77696255
51.06351401666666 13.776951396666668
51.063633453333324 13.776952979999999
51.06374889833332 13.776940701666664
51.06384734499999 13.776919658333334
51.063940044999995 13.776909045000002
51.06402828499999 13.776901720000001
51.06413481833333 13.777147038333332
51.06423279666668 13.777139260000002
51.064340208333334 13.777127921666667
51.06452611833333 13.777059916666667
51.06457634499999 13.777001276666665
51.06466307000001 13.777096813333333
51.06474701999999 13.777103724999998
51.064849513333336 13.777094779999997
51.064974289999995 13.777070804999997
51.06508154666667 13.77706211166667
51.065196375000006 13.777051624999997
51.06531435 13.777041488333332
51.065436314999985 13.777029718333331
51.06556017166666 13.77704061333333
51.065675396666684 13.777032131666669
51.06577692999999 13.777004346666665
51.06586295666666 13.777001318333332
51.06595717166667 13.776993529999997
51.066046629999995 13.776987113333332
51.066130460000004 13.776985846666665
51.06620405499999 13.77699245
51.066265503333334 13.777001901666665
51.066311966666674 13.77700739333333
51.06633988500001 13.776999636666664
51.066366388333336 13.77701056
51.06638313500001 13.777003361666667
51.066388521666674 13.777011295
51.066392650000004 13.777011761666666
51.06639226000001 13.777012405
51.06639068833333 13.777013154999997
51.06638894333334 13.777013895000001
51.06635334333334 13.776975784999998
51.066353089999986 13.776975836666669
51.06636612666668 13.777019131666668
51.066365954999995 13.777019471666666
51.06639823666668 13.777038951666665
51.066366603333336 13.777019961666667
51.06640925 13.776974911666668
51.066424125000005 13.776974359999997
51.066440588333336 13.77697351166667
51.066468871666665 13.776972064999999
51.066506665 13.776969826666667
51.066556988333346 13.776965768333332
51.06661866833335 13.776958903333332
51.066688955000004 13.77694733
51.066767498333334 13.77692941
51.066853138333336 13.776907994999998
51.066972566666664 13.776645476666666
 
 
 
 
 
 
 
 
 
 
 
 
 
 
 
 
 
 
 
 
 
 
 
 
 
 
 
 
 
 
 
 
 
 
 
 
 
 
 
 
 
 
 
 
 
 
 
 
 
 
 
 
 
 
 
 
 
 
51.07152158833334 13.771068088333333
51.071522040000005 13.771063688333333
51.07152148833334 13.771066765
51.071501955 13.771083071666665
51.07150144166667 13.77108705666667
51.07152041833333 13.771069218333333
51.07150068333332 13.771085438333333
51.07150065666665 13.771085426666666
51.07150020166667 13.77108465
51.07151178166667 13.771060631666668
51.071508471666675 13.771060075
51.071499558333336 13.771082453333333
51.071500040000004 13.771081706666667
51.07150109333334 13.771080433333335
51.07150158166666 13.771078975
51.071503828333334 13.771074640000002
51.07150804333334 13.771060961666668
51.071516925 13.771033793333329
51.071531003333334 13.770988681666669
51.071550253333335 13.770929423333337
51.07156587666667 13.770884845000001
51.071574405 13.770860234999997
51.07158003166666 13.770844905
51.07158454333333 13.770832221666664
51.07158922833334 13.770819501666665
51.07159381666667 13.770805890000004
51.07159949666666 13.77078984
51.071605145 13.770773943333332
51.07160951166666 13.770761786666666
51.07161265666665 13.770751546666665
51.07162034333334 13.770728133333334
51.07163664666667 13.770676551666668
51.07165757999999 13.770602666666665
51.071681563333335 13.770510530000001
51.07171433333333 13.770391338333331
51.071757355 13.770252703333336
51.07180759 13.770097818333333
51.07186096666666 13.769929276666664
51.071911755 13.769750403333335
51.071965715000005 13.769568628333335
51.07202387166667 13.769388779999996
51.07208480166667 13.769208563333333
51.07214637666667 13.769030634999998
51.07220672666667 13.768842313333334
51.07226891666667 13.76866088166667
51.072329935 13.768476328333334
51.072390288333324 13.768296343333335
51.072449531666656 13.768119151666664
51.07250788166666 13.767944526666664
51.07256636000002 13.767772119999998
51.072624693333346 13.767601946666666
51.072682414999996 13.767429758333332
51.072741793333336 13.767261528333336
51.07280318 13.767096595000002
51.072863569999996 13.76693318666667
51.07292138833335 13.76677021166667
51.07297703833334 13.766607503333335
51.073031088333344 13.766446190000003
51.073084505 13.766287045000002
51.073137573333334 13.766125394999998
51.07319144833332 13.765962484999996
51.07324814833334 13.765798143333333
51.07330647166667 13.765634955
51.073364601666675 13.765473906666667
51.073421849999995 13.765299001666666
51.07347786666666 13.765107953333333
51.07353341499999 13.764911845000002
51.07359276833334 13.764717983333332
51.07365484833333 13.764529734999996
51.07371866166667 13.764335088333333
51.07378476666666 13.764134638333333
51.07385085833333 13.763934255
51.0739171 13.763734625
51.073984488333345 13.763531721666668
51.07405203500001 13.763332555
51.07411810333333 13.763135381666666
51.07418304166667 13.762945088333334
51.07424547833334 13.762761558333333
51.0743052 13.762584201666668
51.07436358500001 13.762411016666666
51.074421158333344 13.762239636666667
51.07447895500001 13.762072326666665
51.07453664499999 13.761908106666665
51.07459617666667 13.761747076666666
51.07465425833334 13.761592943333332
51.074705916666666 13.761450878333335
51.07474981999999 13.761326330000001
51.074786103333345 13.761219659999998
51.074815910000005 13.761130911666669
51.07484023666666 13.761058429999999
51.074860266666654 13.760998536666671
51.07487565500001 13.760953174999997
51.074886246666665 13.760922344999999
51.07489291999999 13.760902571666668
51.07489661000001 13.760892123333333
51.07489810166667 13.760887678333336
51.0748989 13.760885090000004
51.074899215 13.760883936666664
51.07489950166667 13.760883306666669
51.074899706666656 13.76088333833333
51.07489978333333 13.760883475000004
51.07489981833334 13.760883374999999
51.07489976333334 13.76088352
51.07489978666668 13.760883658333334
51.074899885 13.760883909999999
51.074899828333336 13.760884008333331
51.07489983666666 13.760884066666666
51.07489980333333 13.760884011666667
51.07489981833334 13.760884013333332
51.07489993166667 13.760883566666667
51.07490186833335 13.760877955000002
51.07490907 13.760856081666669
51.074922215 13.760813648333336
51.074940413333344 13.760757213333333
51.07496380166667 13.760685338333333
51.074992331666664 13.760597803333333
51.075024611666656 13.760500273333337
51.075059280000005 13.76039608833333
51.07509631666667 13.760284646666666
51.075136045 13.760166121666668
51.07517863500001 13.76004054
51.07522373666666 13.75990717
51.07527085 13.759766355
51.075318358333334 13.75962735666667
51.07536582166667 13.759491628333334
51.075417095 13.759357078333334
51.07547280833334 13.759218568333331
51.075530531666665 13.759068928333333
51.07558678333333 13.758914299999999
51.07564003500001 13.758761595000003
51.075690861666665 13.758610946666666
51.075740180000004 13.75846355833333
51.075786570000005 13.758325761666667
51.075830591666666 13.75819450666667
51.075872613333345 13.758070453333335
51.075911953333325 13.757954273333336
51.07594723999999 13.757850463333334
51.07597955166668 13.757754081666667
51.076009301666666 13.757664015000005
51.07605194499999 13.75764266833333
51.076066714999996 13.757535726666664
51.076085168333336 13.757429878333335
51.076103705000016 13.757359430000001
51.07612287500001 13.757290374999998
51.0761399 13.757226956666667
51.07615367833332 13.757176183333335
51.07616406 13.757139938333333
51.07617116666667 13.757115168333334
51.076176398333324 13.757097668333332
51.07617990833334 13.757086408333334
51.07618247166667 13.757077948333336
51.07618405333333 13.757072478333331
51.07618532666667 13.757068165000002
51.076186641666666 13.757064011666667
51.07618906333334 13.757056103333335
51.07619493833332 13.757039978333333
51.07620381333334 13.75701328166667
51.076215275 13.756977455
51.07622919666666 13.75693483
51.07624460666666 13.756888318333331
51.07626020833333 13.756842275
51.07627290833332 13.756804459999996
51.07628166166668 13.756778681666667
51.07628632833333 13.756765304999998
51.076287753333325 13.756760991666665
51.07628766333334 13.756761125000002
51.07628767499999 13.756761131666671
51.07628770833333 13.756761053333337
51.07628870333333 13.756758215000001
51.07629228166665 13.756747548333335
51.07630046833334 13.756722926666665
51.07630942166667 13.756695886666668
51.07631886000001 13.756667571666666
51.07632836333334 13.756639088333335
51.076337935000005 13.756609973333335
51.07634762833333 13.756580123333332
51.07635751666667 13.756549238333331
51.07636812999999 13.756514899999997
51.076383581666654 13.75646056166667
51.07640148500001 13.756383133333335
51.07642051000001 13.756287586666668
51.07644826666667 13.756184451666664
51.076481198333326 13.756081886666667
51.07651543500001 13.75597976333333
51.07654967166666 13.755878851666663
51.076584874999995 13.755778423333338
51.07662316000001 13.755669138333333
51.076665643333335 13.755545253333336
51.07671092999999 13.755421178333336
51.07676111666667 13.755295203333336
51.076815175 13.755159221666668
51.07687114333335 13.755013161666666
51.07692652166667 13.754864341666666
51.07698218 13.75471513
51.077037363333346 13.754563896666665
51.07709259333334 13.754409059999997
51.07714853000001 13.754251141666668
51.077205135 13.754092766666668
51.077261955 13.753933645000002
51.0773194 13.753774499999997
51.07734685500001 13.753651558333335
 
51.077559645 13.75333076333333
51.07757525500001 13.753166738333334
51.077582625 13.753042044999999
51.077634268333334 13.752927655
51.077700255 13.752744563333332
51.07774948500002 13.752586559999997
51.07779750166667 13.752446334999998
51.077846243333354 13.752315733333335
51.077893968333335 13.752182828333336
51.07794569333334 13.752080028333333
51.07799207833333 13.751984373333334
51.078028710000005 13.751916198333333
51.07815176333334 13.751937311666666
51.07816911166666 13.751902526666663
51.078173096666674 13.751843376666663
51.07818327166667 13.751774606666666
51.07818352166667 13.751780858333332
51.07818319 13.751855884999998
51.078177713333325 13.751843283333335
51.07817794666666 13.751895745000002
51.078176553333336 13.75184881333333
51.07817607166667 13.751851604999997
51.07817473166665 13.751902581666668
51.07817363666666 13.751904674999999
51.078172591666664 13.751906956666668
51.078077349999994 13.751795401666664
51.07807744499999 13.751795373333334
51.07807751166667 13.751795004999996
51.07809036999999 13.751796213333334
51.07806540166668 13.751763046666667
51.078069955000004 13.751769688333331
51.078072151666674 13.751773095000003
51.07807166999999 13.751775381666668
51.07808279833333 13.751783536666668
51.07808384833332 13.75178275833333
51.078082391666676 13.751787784999996
51.07808344333334 13.751783643333333
51.07808159 13.751786278333334
51.078082455 13.751783366666666
51.07808236666666 13.751782940000002
51.078083188333345 13.751782288333334
51.07808313833334 13.751782706666669
51.07808382333333 13.751783488333334
51.07808412333334 13.751783758333337
51.07808407999999 13.751783856666668
51.07808345 13.751784298333337
