51.020327346 13.443752460999999
51.020327349999995 13.443752465
51.02032734 13.443752445
51.02032732399999 13.443752437999999
51.020327317 13.44375233
51.020327361999996 13.443752559
51.020327349 13.443752572000001
51.020327314 13.443752535000002
51.020327328 13.443752550000001
51.020327263000006 13.443752562999999
51.020327358 13.443752533
51.020327279 13.443752629
51.020327318999996 13.443752689
51.020327349 13.443752669000002
51.020327395 13.443752669999999
51.02032734699999 13.443752636
51.020327343999995 13.443752625999998
51.020327388000005 13.443752659000001
51.020327335000005 13.44375264
51.020327361 13.443752662
51.020327308999995 13.44375257
51.02032733 13.443752611
51.02032732600001 13.443752602
51.020327341000005 13.443752593
51.02032734 13.443752595000001
51.020327351999995 13.443752605
51.02032732500001 13.443752613
51.020327345 13.443752597999998
51.020327373 13.443752632
51.020327374 13.44375258
51.020327367 13.443752572000001
51.020327385 13.443752648
51.020327415000004 13.443752642000002
51.02032737 13.443752656
51.020327385 13.443752657
51.020327413000004 13.443752646
51.020327396 13.443752600999998
51.020327415000004 13.443752624000002
51.020327398999996 13.443752594
51.020327429 13.443752523999999
51.020327365 13.4437526
51.020327425 13.443752612
51.020327398 13.443752552000001
51.02032740199999 13.443752511
51.020327416 13.443752516
51.020327376000004 13.443752565
51.020327404 13.44375258
51.020327392999995 13.4437526
51.020327394 13.443752625
51.020327395 13.443752600999998
51.020327401 13.443752654999999
51.020327449 13.443752437
51.020327877999996 13.443750894000003
51.020328727 13.443747707
51.020324643 13.443751485
51.020331387 13.443742291
51.020325951000004 13.443738964000001
51.020335667 13.443720189
51.020336126000004 13.443719215999998
51.020330081999994 13.443716746
51.020329065 13.443703590999998
51.020328027 13.443699783
51.020327554 13.44370101
51.020326514999994 13.443699673000001
51.020322828999994 13.443694614000002
51.020316788 13.443680007000001
51.020328147 13.443688016
51.020355286000004 13.443742288
51.020371974999996 13.443745125
51.020389675 13.443740535
51.02041985399999 13.443703814000001
51.020430541 13.443677499000003
51.02042867499999 13.443661978
51.020428163000005 13.443628402999998
51.020419014999995 13.44359616
51.020406392 13.443572064000001
51.020385192000006 13.443561665999999
51.020352001 13.443559427
51.020348766000005 13.44354345
51.020336715000006 13.443521587
51.020333015 13.443489742999997
51.02033876699999 13.443460072999999
51.020345655999996 13.443429211
51.020351498 13.443401544999999
51.020356336999996 13.443376787999998
51.02036119899999 13.443354667000001
51.020370058 13.443335218
51.020385559 13.443324012
51.020407172 13.443325165
51.020432346 13.443341665999998
51.020459179 13.443362791
51.020487018999994 13.443380683
51.02051617499999 13.443396435
51.020544668 13.443410798
51.020571866 13.443424864
51.020598011999994 13.443437113
51.020620983 13.443447712000001
51.020639677 13.443456507999999
51.020653725 13.443461887000002
51.020662796 13.443466002000001
51.020667991 13.443468617
51.020671622 13.443471877
51.020674875000005 13.443476615999998
51.020677758000005 13.443480795000001
51.020680594999995 13.443487159000002
51.020685306000004 13.443505678
51.020684624 13.443546256
51.02067447199999 13.443601271
51.020660803 13.443667054000002
51.02064604 13.443739153
51.020631851000005 13.44381384
51.02061747100001 13.443888065
51.020603549 13.443959928
51.020589983 13.444028566
51.02057795100001 13.444088042999999
51.020567573 13.444136922
51.020556678000005 13.444185022
51.020543883 13.444243766
51.020530442 13.444313314999999
51.020516756999996 13.444390819
51.020502334 13.444472649
51.020484909 13.444556547
51.020466127999995 13.444641517
51.020444537 13.444727425000002
51.020430143999995 13.444809247
51.02041357 13.444888341999999
51.020395609999994 13.44496981
51.02037754 13.445052550999998
51.020360663 13.445134386
51.020344488000006 13.44521357
51.020334802 13.445284234
51.020321413000005 13.445344104
51.02031127699999 13.445396305
51.020303034 13.445439612
51.020295923000006 13.445474088
51.020291240000006 13.4454954
51.020290376000005 13.445501019
51.02029014899999 13.445501986
51.020290312 13.445503199999997
51.020290315000004 13.445502033
51.020290237 13.445502021
51.020290223 13.445502255000001
51.02028902100001 13.445506640000001
51.020281831999995 13.445518565
51.020264737 13.445530880000002
51.020239292 13.445531050999998
51.02020782500001 13.445520210999998
51.02017106 13.445506229
51.020130093999995 13.445490889
51.02008409100001 13.445468839000002
51.02003595699999 13.445445795000001
51.019985578000004 13.445424461
51.01993477100001 13.445398490999999
51.01988502100001 13.445370102
51.019837355 13.445343550999999
51.019791752 13.445319318
51.01974723100001 13.445296077999998
51.019704784999995 13.445273742999998
51.019664613 13.445252045
51.019626484 13.445231103000001
51.01958771500001 13.445210944000001
51.019545833 13.445192534000002
51.01950495100001 13.445174315
51.019467399999996 13.445155793
51.019435906999995 13.445137343
51.019412206999995 13.445121512
51.019399088 13.445108270999999
51.01938603600001 13.445104312000002
51.019379765000004 13.445104259000003
51.01937384399999 13.445104353
51.019365627999996 13.44510609
51.019347923999995 13.445119052999999
51.01933119899999 13.445157865
51.019317293 13.445217504
51.019301486 13.445290477
51.019284641999995 13.445372634999998
51.01926648899999 13.445466574000001
51.019246782 13.445567887
51.019224826999995 13.44567598
51.019201491000004 13.445786756
51.01917839899999 13.445900596
51.019156532 13.44601081
51.019136067 13.446122789999999
51.01911373 13.446233852
51.019091092 13.446345559000001
51.01906916 13.446458159999999
51.01904627399999 13.446569839
51.019024037 13.44667931
51.019000756000004 13.446789373
51.01897825 13.446901527999998
51.018951587000004 13.447011300000002
51.018924172 13.447117464999998
51.018898031999996 13.447224494999999
51.01887345 13.447327505999999
51.018851778000005 13.447431292000001
51.018828293000006 13.447530167000002
51.01880864699999 13.447629543
51.018788093000005 13.447724835999999
51.018766219 13.447818717
51.018744086999995 13.447913643
51.018721459999995 13.448010095999997
51.01869794500001 13.448105025999999
51.01867596600001 13.448196691
51.018656703000005 13.448278144000001
51.01864111 13.448343004000002
51.018628203 13.448386173000001
51.01862036199999 13.448415084
51.018617228000004 13.448427839999999
51.018615878 13.448433447
51.018615579999995 13.448434502999998
51.018616291 13.448436522
51.01861521800001 13.448440804000002
51.018611213999996 13.448453517
51.018606452 13.448476397
51.018597988 13.448519616999999
51.018589677 13.448580332999997
51.018581414 13.448656802
51.018571045 13.448741914
51.018557931000004 13.448825794000001
51.018547675 13.448912937
51.01853732199999 13.449002535999998
51.01852772 13.449090832999998
51.018519685 13.449177657
51.018513334 13.44926276
51.018508835000006 13.449346865999999
51.018505941 13.449427172
51.018504786 13.449488139
51.018505274999995 13.449539672999999
51.018508166000004 13.449598722000001
51.018509103999996 13.449671161
51.018510237 13.449750372
51.01851549100001 13.449833045
51.018520572 13.449915082
51.018528304 13.449996187000002
51.018538921 13.450078017000001
51.018550827 13.450157718
51.018562328 13.45022867
51.018573023 13.450292285
51.01858118999999 13.450345769999998
51.018585893 13.450389749000001
51.01858803299999 13.450421651
51.01858882199999 13.45044771
51.018588404 13.450474250999997
51.018586389 13.450496644000003
51.01858350500001 13.450513642
51.018578469 13.450534339999999
51.018565751000004 13.450565435000001
51.018537521000006 13.450603146
51.018493639 13.450637246
51.018437516999995 13.450671237
51.01837379 13.450710522
51.018303503999995 13.450755577
51.01822958099999 13.450803955
51.018153780000006 13.450853665999999
51.018076238000006 13.450904560000001
51.017997127 13.450957202
51.017917155000006 13.4510114
51.017837173 13.451068991
51.01775678800001 13.451128664
51.01767846800001 13.451189935
51.017601241 13.451253530999999
51.01752410600001 13.451317957999999
51.017446869 13.451383807
51.017370202 13.45145089
51.017294432 13.451519637
51.017219573000006 13.451589747
51.017146567 13.451660967
51.017075551999994 13.45173292
51.017006425 13.451808398999999
51.016938141 13.451885944
51.01687136199999 13.451963467
51.016806564999996 13.452040682
51.016742588 13.452118441
51.016679006000004 13.452206976
51.016632218000005 13.452298133
51.016559084 13.452352777000002
51.016505795 13.452448282999999
51.016441876 13.452505032
51.01638411 13.452579715999997
51.016327603 13.452654514
51.016273692000006 13.452728782
51.016222726 13.452804237999999
51.016180529 13.452874520999998
51.016144688999994 13.452934733
51.016115185 13.452980737
51.016092017 13.453015618
51.016074767999996 13.453041203
51.016062523 13.453058852
51.01605497600001 13.453070435999997
51.016049755000004 13.453078005
51.016048170000005 13.453080434
51.01604824300001 13.453080473
51.01604821600001 13.453080518
51.01604815899999 13.453080585999999
51.016048066 13.453080582999998
51.016048008 13.453080535
51.016048038 13.453080519999999
51.01604802399999 13.453080554000001
51.016047977 13.453080519999999
51.016047935 13.453080574000001
51.016047933 13.453080611999999
51.016048018 13.453080601
51.016047966 13.453080581
51.016046423999995 13.453080027
51.016046381 13.453079969000001
51.016046368 13.453079992000001
51.01604642 13.453079984
51.016046426 13.453079998
51.016046392999996 13.453080002
51.016046413999995 13.453079935
51.016046392999996 13.453079998
51.016046411999994 13.453079984
51.01604640899999 13.453080002999998
51.016046421 13.453080000999998
51.01604642 13.453079986
51.01604642 13.453079980999998
51.01604640199999 13.453080022
51.016046418 13.453079999000002
51.01604640600001 13.45308
51.01604642 13.453079989
51.016046392 13.453080012000001
51.016046426 13.453079994999998
51.016046423 13.453080027
51.016046385 13.453080007
51.016046483 13.453080010999999
51.016046444 13.453080029999999
51.016046429 13.453080052999999
51.016046417 13.45308007
51.01604646199999 13.453080019000001
51.016046423999995 13.453080007
51.01604646 13.453080039000001
51.01604639 13.453080009000002
51.016046426 13.453080027
51.01604642 13.453080040999998
51.016046418 13.453080017000001
51.016046419000006 13.453080007
51.016046411999994 13.45307998
51.016046396 13.453079982000002
51.01604640899999 13.453079978
51.01604641 13.45307999
51.016046411000005 13.453079986999999
51.016046407 13.453080007999999
51.016046451 13.453079993
51.01604642499999 13.453079983
51.01604642 13.453080013000001
51.016046417 13.453080006
51.016046448999994 13.453079994999998
51.016046477 13.453079989
51.016046539 13.453079943
51.016046521999996 13.45307995
51.016046526 13.453079923
51.016046542 13.453079943
51.016046534 13.453079976
51.016046503999995 13.453079963
51.01604652300001 13.453079978
51.01604649600001 13.453079951
51.016046478 13.453079963
51.016046468000006 13.453079975000001
51.01604646199999 13.453079980999998
51.016046507 13.45307999
51.016046468000006 13.453080007999999
51.016046507 13.453079994000001
51.016046546000005 13.453079994000001
51.016046491000004 13.453079963
51.016046511000006 13.453080002
51.016046476 13.453080007999999
51.016046483 13.453080012000001
51.016046516 13.453080043
51.016046448 13.453079984
51.016046392 13.453080065
51.016046383 13.453080022
51.01604640899999 13.453080002999998
51.016046366 13.453080059000001
51.01604634800001 13.453080093999999
51.016046401000004 13.453080093
51.01604640199999 13.453080101000001
51.016046398 13.45308009
51.01604636 13.453080095999999
51.016046407 13.453080102
51.016046450000005 13.453080132999998
51.01604644300001 13.453080138
51.016046419000006 13.453080147000001
51.016046408 13.453080122000001
51.01604652300001 13.453080124000003
51.01604649 13.453080125
51.016046524 13.453080116999999
51.016046546999995 13.453080107
51.016046557 13.453080108
51.016046603999996 13.453080115
51.01604661500001 13.453080124000003
51.01604660300001 13.453080121000001
51.01604660600001 13.453080140999997
51.01604662100001 13.453080136
51.016046594 13.45308009
51.016046625 13.453080077
51.016046624 13.453080052
51.01604661500001 13.453080019000001
51.016046612 13.453079992000001
51.016046617 13.453079986999999
51.016046603999996 13.453080000999998
51.016046601000006 13.453080000999998
51.01604663699999 13.453080000999998
51.016046626999994 13.453079996
51.01604660300001 13.453079996
51.016046575 13.453080005000002
51.016046568 13.453080010999999
51.01604657199999 13.453080009000002
51.01604658 13.453080009999999
51.016046573000004 13.453080005000002
51.016046563 13.453080027999999
51.01604657800001 13.453080022
51.01604656600001 13.453080007999999
51.016046116999995 13.453080515000002
51.016038772 13.453091164
51.016025883000005 13.453109978
51.016010394 13.453132242999997
51.015993836999996 13.453155408
51.01597576300001 13.453180155999998
51.015953438 13.453210620999998
51.015931253999995 13.453241579000002
51.015910098000006 13.453275505
51.015891780000004 13.453313589000002
51.015876748000004 13.453353482999999
51.015864719999996 13.453396813
51.015856753 13.453446354
51.015855626000004 13.453501093
51.015863585 13.453558825999998
51.015880076 13.453614029999999
51.01590148 13.453669290999999
51.01592668999999 13.453728609000002
51.015956485 13.453792404000001
51.015990116000005 13.453857149000001
51.016026041 13.45392087
51.016063384999995 13.453983962000002
51.01610068 13.454047973
51.01613767 13.454113139999999
51.016171063 13.454185945999997
51.016208178999996 13.454254214000002
51.01624658 13.454316082
51.016283266 13.454381967
51.01632024600001 13.454450035
51.016356803 13.454517763000002
51.01639068 13.454582763000001
51.01642374 13.454645835
51.016451985 13.45471391
51.01648717399999 13.454783238
51.01651540600001 13.454850814000002
51.016542544 13.454908607999998
51.016555196 13.454982060999999
51.016588281000004 13.455043472000002
51.016614291 13.455106871
51.016637886999995 13.455164473
51.016658413 13.455213199999998
51.01667489500001 13.455253329000001
51.016687192 13.455285087000002
51.016696823000004 13.455309914999997
51.016705003 13.455328784
51.016710891 13.455343734000001
51.016715139 13.455354186
51.016717846 13.455360855000002
51.016719296 13.455364474
51.016719681999994 13.455365573
51.016719768 13.455365819999999
51.016719845999994 13.455365939
51.01671993 13.455365855
51.01671997 13.455365887000001
51.016719876 13.455365962
51.016719825 13.455365951
51.016719868 13.455365988
51.016719822 13.455365957000001
51.016719828999996 13.455365990999999
51.016719767 13.455365955999998
51.01671980300001 13.455365975
51.016719777 13.455365978
51.016719800000004 13.455365954000001
51.016719825 13.455365949000003
51.016719787 13.455365970999999
51.016719804 13.455365973000001
51.016719795 13.455365950000001
51.016719783999996 13.455365945
51.016719294000005 13.455364975
51.016719278000004 13.45536497
51.016719313 13.455364992
51.016719308 13.455364979
51.01671931800001 13.455364998
51.016719311 13.455364971
51.016719295 13.455364987000001
51.01671928100001 13.455364980999997
51.016719283 13.455364989
51.016719294000005 13.455364991
51.01671929300001 13.455364992
51.016719294000005 13.455364989
51.016719285 13.455365009000001
51.016719292 13.455365015999998
51.01671929 13.455364999
51.016719301 13.455365002
51.01671929 13.455364980999997
51.016719296 13.455364999999999
51.01671930899999 13.455364985
51.0167193 13.455364960000002
51.016719298 13.455364976
51.016719285 13.455364979
51.016719295 13.455364989
51.01671929 13.455364976999999
51.016719298 13.455364991
51.0167193 13.455364979
51.016719296 13.455364982999999
51.016719285 13.455364984000001
51.016719286999994 13.455364988
51.016719288999994 13.455364998
51.016719294000005 13.455364985
51.016719294000005 13.455364999999999
51.016719286999994 13.455365000999997
51.016719296 13.45536499
51.0167193 13.455364979
51.016719298999995 13.455364974000002
51.016719306000006 13.455364967000001
51.016719302 13.455364962
51.016719302 13.455364968000001
51.016719297 13.455364979
51.016719294000005 13.455364974000002
51.016719292 13.455364965999998
51.016719291 13.455364965
51.016719286999994 13.455364980999997
51.016719285 13.455364988
51.016719282 13.455364982
51.016719283 13.455364995
51.01671928 13.455365000999997
51.016719296 13.455364978
51.016719278000004 13.455364987000001
51.016719297 13.455364909000002
51.01671931199999 13.455364890999999
51.016719298999995 13.455364872999999
51.01671931399999 13.455364889
51.01671929 13.455364912999999
51.016719283 13.455364900999998
51.016719292 13.455364909000002
51.016719292 13.455364899000001
51.016719288000004 13.455364912
51.016719292 13.455364917000002
51.016719301 13.455364900999998
51.016719438 13.455365230999998
51.016720963 13.455369104
51.016726641999995 13.455382763
51.01673518199999 13.455403511
51.0167461 13.45542921
51.016757686 13.455457942
51.016766442 13.455489165
51.016770291 13.455522529000001
51.016770053 13.455556068
51.016767333000004 13.455589517
51.016763174999994 13.455627436
51.016757971 13.455667641
51.016752061999995 13.45571103
51.01674555100001 13.455757808000001
51.016738438999994 13.455808814000001
51.016731044 13.455863481
51.016723695 13.455921623
51.016716323 13.455984115000001
51.01670218 13.456059426
51.01670249199999 13.456116799000002
51.016692389999996 13.456182589000003
51.016681134 13.456252806
51.016669877 13.456324953000001
51.01665798100001 13.456390547000002
51.016648337 13.456448517000002
51.01664104300001 13.456500239
51.016633541000004 13.45654687
51.016626211 13.456591492
51.016616479999996 13.456634962999999
51.016602147 13.456673638
51.016585621000004 13.456709403
51.016569929 13.45673759
51.01655483199999 13.456763191
51.016539107 13.456794652000001
51.016522942 13.45683728
51.016506641999996 13.456890203
51.016491380000005 13.456954388
51.016479978999996 13.457028148
51.016469192 13.457103745
51.016456805 13.457181261
51.016441578999995 13.457263113
51.016422971999994 13.457345392000002
51.01640348 13.457428579000002
51.016379545 13.457510527999998
51.016349057 13.457590025999998
51.016315414 13.457672987999999
51.016283564 13.457755104
51.01625125199999 13.457837769000001
51.01622007299999 13.457917945999998
51.016196422 13.457998490999998
51.016184118 13.458084552999999
51.016183858999995 13.458175684
51.01619353600001 13.458268814
51.016207438 13.458362099
51.01622200399999 13.458456325
51.016236996 13.458546642000002
51.016246086 13.458633315
51.016241513000004 13.458716528
51.01622155300001 13.458798263
51.016199666000006 13.458883334
51.016185928999995 13.458971788
51.016183727 13.459060537000001
51.01619031 13.459147097999999
51.01620347 13.459231649000001
51.016223314 13.459315078
51.016239241 13.459392899
51.016239463000005 13.459471275
51.016219837 13.459557824000001
51.016192997 13.459623193
51.016151089 13.459685369999999
51.016114310000006 13.459784277
51.016072295 13.459874402
51.016025713999994 13.459948729
51.015976544 13.460030340000001
51.015929108 13.460096802
51.015885149 13.460171526
51.01584963600001 13.460238683
51.01581803600001 13.460305289
51.015790333000005 13.460337899999999
51.015782836999996 13.460396269999999
51.015764104999995 13.460414072
51.015765921 13.460443223
51.015744482 13.460447289000001
51.01570861300001 13.460445025999997
51.01573217800001 13.460445189000001
51.015730465000004 13.4604372
51.015741196 13.460438385
51.015744893000004 13.460438218
51.015745041 13.460438293
51.015744463000004 13.46043768
51.01574443199999 13.460437648
51.015747776999994 13.460435801
51.015749406999994 13.460434764000002
51.01575057 13.460433249000003
51.01575148399999 13.460433105
51.01575201199999 13.460432715
51.015751488999996 13.460433330999999
51.01575148800001 13.46043334
51.015751399 13.460433125999998
51.015750688999994 13.460432982
51.015750608 13.460432664
51.015750579 13.460432717000002
51.015750706999995 13.460432412
51.015750440000005 13.460432368
51.01575051100001 13.460432687
51.01575046800001 13.460432638
51.015750484 13.460432672
51.015750293 13.460432349999998
51.015748291 13.46043692
51.015744784999995 13.460480705
51.015719867 13.460521365
51.01570043699999 13.460554387
51.015668022999996 13.460613404999998
51.015632216 13.460658569
51.01559489500001 13.460726961
51.015555775 13.460803771999998
51.015514808 13.460886195999999
51.015471426000005 13.460971716
51.015426446 13.461061107999999
51.015383032 13.461149622999999
51.015340327000004 13.461235854000002
51.015302375000005 13.461334121
51.015265553 13.461409573
51.015230808 13.461478729
51.015198837999996 13.461540107000001
51.01517019100001 13.461591625
51.01514904199999 13.461638319
51.01512753499999 13.461674103
51.015108876000006 13.461703518
51.015094355 13.461726994000001
51.015091577 13.461750792999998
51.015115130000005 13.461786447
51.015111102 13.461796166
51.015109848 13.461799365999997
51.015112364 13.461789765999999
51.01510921999999 13.461795557
51.015070886000004 13.461776007000001
51.015070868 13.461775985
51.015070881 13.461776008
51.015070861999995 13.461776008
51.015070882 13.461775989
51.015070882 13.461775992999998
51.01507089399999 13.461775994999998
51.01507086399999 13.461776013000001
51.015070861000005 13.461776015999998
51.015070861000005 13.461776017000002
51.01507086399999 13.46177601
51.015070865 13.461775998
51.015070881 13.461776
51.015070877999996 13.461775971
51.015070856 13.461775965999998
51.015070877999996 13.461775992999998
51.015070861999995 13.461776009000003
51.015070855 13.461775997000002
51.015070857 13.461776017000002
51.01507083600001 13.461776008
51.015070873000006 13.461776013000001
51.015070876 13.461776015999998
51.015070857 13.461776021999999
51.015070872 13.461776015
51.015070872 13.461776023
51.015070873000006 13.46177602
51.01507086699999 13.461776015
51.01507088699999 13.461776037
51.015070484 13.461776617
51.015065805000006 13.4617858
51.015057857 13.461802404999998
51.015049346999994 13.461819195
51.015042244 13.461833072999998
51.015036662 13.461842929000001
51.015033218 13.46184875
51.015065240000006 13.461865222000002
51.015064037 13.461873699999998
51.015062556000004 13.461875915999999
51.015060897000005 13.461878448
51.01505867600001 13.461881542
51.015054903999996 13.461887744999999
51.01504847300001 13.461896317999999
51.015038991000004 13.461910636
51.015019839 13.461936455999998
51.014991413999994 13.461976703
51.014957319 13.462028107000002
51.014925495 13.46208253
51.01489629899999 13.462135981
51.014869170000004 13.462188258
51.014844288000006 13.462239525999998
51.014814772 13.462297739
51.014780728 13.462365699000001
51.014742592000005 13.462441389
51.014700861 13.462523188
51.01465548800001 13.462609941999998
51.014607875 13.462701999
51.014558539 13.462797062000002
51.014508129 13.462894483
51.014459625 13.462988583
51.014407844 13.463083140000002
51.014359937 13.463179457999999
51.014310211 13.463276403
51.014260283999995 13.463374517999998
51.01420849499999 13.463473740999998
51.014156840000005 13.463571784000003
51.014104501 13.463671557
51.01405198899999 13.46377045
51.01400082999999 13.463869683
51.013948543000005 13.463969515
51.01389597199999 13.464070972000002
51.013842948999994 13.464173397
51.013790523 13.464274142
51.013738630000006 13.46437587
51.013687026999996 13.464478117
51.013634677 13.464579244000001
51.013581703 13.464680498
51.013528631999996 13.464781212999998
51.013475565 13.464882465999999
51.01342283300001 13.464983063
51.01336969100001 13.465083837000002
51.01331673899999 13.465185011
51.013264028 13.46528814
51.013210947 13.465390636
51.013158088 13.465491903
51.013102883 13.465592142999999
51.01305315199999 13.46569142
51.013000966999996 13.465791147
51.012948905 13.465891064000003
51.012896262 13.465991075
51.012843743000005 13.466091647
51.012791278 13.466191254
51.012740321 13.466288871
51.012689838 13.466384686
51.012639916999994 13.466478675000001
51.012592168 13.466570976999998
51.012545481000004 13.466661080999998
51.012498466000004 13.466749055000001
51.012453102 13.466835254
51.012408904000004 13.466919901999999
51.012365276 13.467004759000002
51.012319209 13.467090992000001
51.01227522399999 13.467179972000002
51.012228046 13.467270792
51.01214881600001 13.467351252999999
51.012136598000005 13.467443629000002
51.012065149 13.467504250999998
51.01203414199999 13.467557886
51.01200705100001 13.467599353
51.011988243000005 13.467616220999998
51.011978787 13.467643008
51.011975451000005 13.467650879
51.01197438600001 13.467651100000001
51.01197426899999 13.467650965999999
51.01197436199999 13.467650954
51.011974290999994 13.467651019000002
51.012009029 13.467658970999999
51.01197352100001 13.467642763999999
51.011973581 13.467642707999998
51.011973196999996 13.467643417000001
51.011971544 13.467646616
51.011968404 13.467652560000001
51.011961622 13.467667458
51.011949607 13.467696435
51.01193454 13.467736425
51.01191489399999 13.467784689
51.011889374 13.467838611
51.011860712 13.467895204000001
51.011831986999994 13.467950759000002
51.011804011 13.468004718
51.011812581 13.468072420999997
51.01178666 13.468121987
51.011760208999995 13.468173265999999
51.011730312 13.468230931
51.011696302 13.468297009999999
51.01165816699999 13.468371065
51.011616933 13.468451058000001
51.011575998000005 13.468530697
51.011533832 13.468612582
51.01149114100001 13.468695354000001
51.011410698 13.468776420999998
51.011365728 13.468860937000002
51.01132057899999 13.468948074
51.01127614800001 13.469036173
51.011228216000006 13.469124353
51.011183149 13.469210464000003
51.01116910399999 13.469294228999999
51.01112384100001 13.469376297000002
51.011078443 13.469456639
51.011033307999995 13.469538964000002
51.010986888000005 13.469624165
51.010942945 13.469706657
51.010897045 13.469789333
51.010850787 13.469871343
51.010803943 13.469953386
51.010757799 13.470035808
51.010672841 13.470116890000002
51.010642702 13.470188691
51.010590867 13.470234715999998
51.010596414 13.470257189000002
51.010548046000004 13.470344222000001
51.010447982 13.47054942
51.010343860000006 13.470676049000001
51.010344468 13.470728377999999
51.010293853 13.47081813
51.010232042 13.470953525999999
51.010147587 13.470945449999999
51.01013554400001 13.471094802
51.01008387899999 13.471196078
51.010037497000006 13.471269443
51.00998972300001 13.471332234000002
51.00991358300001 13.471385283
51.009893069 13.471516605
51.00984776199999 13.471597795000001
51.009802789 13.471675839000001
51.009762686 13.471749835999999
51.009729217 13.471821714000003
51.009686611999996 13.471876520999999
51.009673533999994 13.471920586
51.009643305 13.471961687999999
51.009601212 13.471996054000002
51.009579248 13.472024714000002
51.009560959 13.472046529000002
51.009549443999994 13.472061642000002
51.009534095 13.47206592
51.009531452000004 13.472062534
51.009531927 13.472063013
51.009514884 13.472050275999997
51.009542864 13.472041509
51.009542833000005 13.472041529999998
51.009541369999994 13.472043250999997
51.009532397 13.472053980999998
51.009515007 13.472075499000002
51.009490355 13.472105543
51.009457748 13.472143090999998
51.00941831600001 13.472188502999998
51.00937373 13.472239691
51.00932426199999 13.472296145999998
51.00927017 13.472357317
51.009213203 13.472421659000002
51.00915493 13.472487340999999
51.009096793000005 13.472553204
51.009039263000005 13.472618789999999
51.008980921 13.472687484
51.008921325 13.472758551
51.008861883 13.472832253
51.008803624 13.472908635
51.008746318 13.472988447
51.008689927000006 13.47307209
51.008633475 13.47318733
51.008582218 13.473272624000002
51.00853401100001 13.473358886000002
51.00848920600001 13.473445834000001
51.008447539 13.473531420999997
51.008410306 13.473609557
51.008378009 13.473682130999999
51.008348358000006 13.473751941
51.008321218 13.473818667
51.00829753600001 13.473879898
51.008277675 13.473931812
51.008260662000005 13.473976835999999
51.008247389 13.47401404
51.008234419 13.474051757000002
51.008223686 13.474079199
51.008215453000005 13.474100775999998
51.008208056 13.474120132000001
51.00820299 13.474136184
51.008200349 13.474149177000001
51.00819873 13.474157745
51.008194935 13.474168489
51.00818596 13.474180048000001
51.008185508 13.474201570999998
51.008174023 13.474229954000002
51.00816463699999 13.474262069000002
51.008155433 13.474292761
51.008147345 13.474326276
51.008137377 13.474355656
51.008127706 13.474383914
51.008117831999996 13.474411412
51.008107423 13.474441868
51.008095129 13.474475845000002
51.008083194 13.474511623000001
51.008070294999996 13.474550345
51.008067241999996 13.474586573
51.008057005 13.474620419999999
51.008027938000005 13.474676987999999
51.00801655899999 13.474709254000002
51.008000583000005 13.474723389000001
51.007981212 13.474718556000001
51.007962313 13.474699439
51.007943256999994 13.474660316
51.00792204500001 13.474619522000001
51.007904360000005 13.474566877999997
51.007885179 13.474521009000002
51.007864598999994 13.474473329000002
51.007839618 13.474411744000001
51.007808211000004 13.474344320999998
51.00777346899999 13.474275392000003
51.00773749100001 13.474203695000002
51.007703781000004 13.474130953
51.007660843000004 13.47406634
51.00762483199999 13.47399627
51.00758753499999 13.473922615000001
51.007549045000005 13.473846732000002
51.007509399 13.473768416
51.007469412999995 13.473689377000001
51.00743009000001 13.473612545000002
51.00739178 13.473537515
51.007354846999995 13.473463783
51.007318696 13.473392575
51.007283431999994 13.473323553
51.007249202000004 13.473256025000001
51.007213672 13.473186854
51.007175907000004 13.473113395999999
51.007142131 13.473011457999998
51.007111438 13.4729494
51.00708558199999 13.472896755
51.007065213 13.47285517
51.007049378999994 13.472824517000001
51.007031788000006 13.472807558
51.00701419 13.472809779000002
51.007001717 13.472822032
51.006995797 13.472833379
51.00699486899999 13.472835242
51.00699485 13.472835307
51.006994848000005 13.472835290999999
51.00699555399999 13.472834377
51.006995051000004 13.472863175
51.00699776899999 13.472858834
51.00700028399999 13.47285317
51.00700209000001 13.472847024
51.007003233999995 13.472839679000002
51.00700331800001 13.472830816
51.00700259800001 13.472826089000002
51.007003296 13.472828277000001
51.00700961199999 13.472841309
51.007023542 13.472865508
51.00704253800001 13.472899622000002
51.00706651100001 13.472944630999997
51.007094452000004 13.472998562999999
51.007125374 13.473059552000002
51.007159617 13.473127101
51.007196594999996 13.473199071
51.007236099 13.473275263
51.007276308 13.473353647
51.007317242 13.473435372
51.007358468 13.473518326999999
51.007399998000004 13.473601492999999
51.00744323399999 13.473686059000002
51.007487227 13.473770675
51.00753110399999 13.473854955999998
51.007574686999995 13.473939805
51.007617545 13.474025039999999
51.007660328 13.474109872000001
51.00770123499999 13.474191312999999
51.007737202 13.474262580999998
51.007766926 13.474319836
51.00779062699999 13.474365087
51.007805533 13.474402335
51.007810289999995 13.474437734999999
51.007805284 13.474474872
51.007789544 13.474514624000001
51.00776578800001 13.474558235
51.007740375000004 13.474573487
51.00771070399999 13.474651506
51.007695778999995 13.474696747000001
51.007669701000005 13.474746023
51.00764105100001 13.474793155
51.00761992700001 13.474835006
51.007590052000005 13.474878663
51.007570343000005 13.474913778
51.007555266 13.474939309000002
51.007548842 13.474961135
51.007533194 13.474953240999998
51.00752598 13.474966215
51.007523155 13.474969656999999
51.007523843 13.4749675
51.007523248000005 13.474968357999998
51.00752312899999 13.474968787
51.007519378999994 13.474972917999999
