51.07808681833335 13.75177886833333
51.07808679333334 13.751779059999997
51.07808672833333 13.751779183333333
51.07808679333334 13.751779246666668
51.07808681833335 13.751779293333334
51.078086876666674 13.751779586666668
51.07808685 13.751779678333332
51.07808688500001 13.751779791666669
51.07808692333333 13.751779911666668
51.078086833333344 13.751780155000002
51.07808691333333 13.751780196666664
51.078087010000004 13.751780328333332
51.07808817500001 13.751780348333334
51.07808822500001 13.751780406666667
51.07808892 13.751780295000003
51.078089 13.751780325
51.07808901833334 13.751780450000002
51.078088993333346 13.75178042
51.07808898333333 13.751780494999998
51.07808993166667 13.751780333333333
51.07808906 13.751780641666665
51.07808906166667 13.751780773333337
51.07808907333333 13.75178083
51.07808922666668 13.7517807
51.07808928333334 13.75178068833333
51.07808935666665 13.75178084
51.078089381666665 13.751780871666664
51.07808941999998 13.751780955
51.07808945333333 13.751781031666667
51.078089458333324 13.751781231666666
51.07808939666667 13.751781429999998
51.07808967333334 13.751781590000004
51.07808906166667 13.751781459999998
51.07808907166667 13.751781551666665
51.07808959833333 13.751780515
51.078089125 13.751781503333337
51.078092985 13.75177293
51.07808902 13.751781496666668
51.07808967833333 13.751781620000001
51.07809423166667 13.751773651666667
51.07808969999999 13.751781678333336
51.07808968166666 13.751781681666671
51.078089133333336 13.751780938333331
51.07808925333334 13.751781056666667
51.078088425000004 13.751781766666666
51.078089585 13.751780928333336
51.07808949333333 13.751781316666666
51.07808875333333 13.751782103333335
51.07808960833333 13.751781029999998
51.07808955666666 13.75178108166667
51.078092539999986 13.751771853333333
51.07809200500001 13.751786778333333
51.07809199166666 13.751786861666668
51.07809206833334 13.751786821666666
51.07809205166668 13.751786404999999
51.07809193833334 13.751786971666668
51.07809198166667 13.751786904999998
51.07809191666667 13.751786953333331
51.07809200500001 13.751786978333334
51.078092080000005 13.751786896666665
51.07809208833332 13.751786856666667
51.07809209666667 13.751786855
51.078092094999995 13.751786873333337
51.07809201666667 13.751786904999998
51.07809200666666 13.751786968333333
51.07809209166667 13.751786961666669
51.078092055000006 13.75178681333333
51.07809198166667 13.751786838333333
51.07809199166666 13.751786855
51.07809205833334 13.751786863333333
51.07809205333333 13.751786853333332
51.078092055000006 13.751786841666668
51.07809198666667 13.751786799999998
51.07809196666667 13.751786896666665
51.07809203333333 13.751786946666668
51.07809204 13.751786863333333
51.078092048333325 13.751786879999997
51.078092041666665 13.751786853333332
51.078092046666676 13.751786855
51.07809205 13.751786858333332
51.07809205166668 13.751786841666668
51.078092061666666 13.751786829999999
51.07809203666666 13.751786818333331
51.078092061666666 13.751786848333335
51.07809192 13.751786890000002
51.078091879999995 13.751787003333334
51.07809195166668 13.751786898333334
51.07809202833334 13.751786545
51.078092 13.751786491666667
51.07809206666668 13.751786513333332
51.07809205166668 13.751786428333336
51.07809281499999 13.751785381666666
51.078094368333346 13.751781273333336
51.07809694166667 13.75176839333333
51.0780976 13.751752584999997
51.07809550166668 13.751733416666669
51.078082544999994 13.751705008333337
51.07805218833334 13.751689499999998
51.07801925833334 13.751714991666665
51.07799350333333 13.751771638333333
51.07796985333333 13.751841141666667
51.07794368666666 13.751912655000002
51.07791284333333 13.751979945
51.077878301666686 13.752042093333333
51.0778396 13.752114520000001
51.077791535 13.752209578333334
51.07773905166667 13.75232468
51.07768731166666 13.75246031
51.077635898333334 13.75261443833333
51.07758427833334 13.752777163333333
51.077529555 13.752939934999999
51.07747307666667 13.75310394
51.07741577 13.753269315000004
 
 
51.07726983833334 13.753757645000004
51.077190861666665 13.753903806666669
51.077139508333325 13.754053091666666
51.07708967833332 13.754183754999996
51.077045285000004 13.754315615
51.07700353333333 13.754440211666667
51.07696121166667 13.754552171666667
51.07692605166667 13.754645338333335
51.07689198833334 13.754716673333332
51.07687094999999 13.754760346666664
51.076855744999996 13.754790995
51.07684600666666 13.754810220000001
51.07684091000001 13.754820791666665
51.07683620166667 13.754826695
51.07683381000002 13.754829708333334
51.07683366833335 13.754830054999998
51.076833673333326 13.754830078333335
51.07683522166667 13.754830561666669
51.07683605166667 13.754830394999999
51.076836245 13.754830036666666
51.07683618833333 13.75483008
51.07683612666668 13.754829690000001
51.07683640666666 13.7548289
51.076836448333324 13.754828578333331
51.07683670166668 13.754827983333334
51.07683663833333 13.754827965
51.07683678999999 13.754827631666668
51.07683694666668 13.754827575000002
51.07683704833333 13.754827478333334
51.07683738166666 13.754827490000002
51.076837378333344 13.754827429999997
51.07684317166668 13.754828459999999
51.07684313666667 13.754828479999999
51.076843155000006 13.754828484999996
51.07684317500001 13.754828451666663
51.07684313666667 13.754828425000001
51.076843141666664 13.754828461666667
51.07684312 13.754828451666663
51.0768431 13.754828483333332
51.0768431 13.754828448333335
51.07684312 13.754828386666668
51.07684311166666 13.754828390000004
51.07684312 13.754828428333333
51.076843108333335 13.754828416666669
51.076843131666664 13.754828436666669
51.07684316000002 13.754828383333331
51.07684316000002 13.754828353333334
51.076843161666666 13.754828341666666
51.07684317500001 13.75482831
51.07684314666667 13.754828334999997
51.07684313666667 13.754828345000002
51.07684313 13.754828383333331
51.076843178333334 13.754828428333333
51.07684314666667 13.754828411666669
51.07684313666667 13.754828421666666
51.076843135000004 13.754828408333333
51.076843125 13.754828411666669
51.07684311499999 13.754828428333333
51.07684312833333 13.754828434999999
51.07684311833335 13.754828443333334
51.07684311000001 13.754828453333335
51.076843108333335 13.754828481666667
51.07684307333332 13.754828493333331
51.07684304333334 13.754828511666668
51.0768431 13.754828475000004
51.076843135000004 13.754828434999999
51.076843161666666 13.75482842
51.07684317500001 13.75482842
51.076843155000006 13.754828409999996
51.07684314499999 13.75482842
51.07684311833335 13.754828421666666
51.076843108333335 13.754828434999999
51.07684315166668 13.754828473333335
51.07684316000002 13.754828450000002
51.07684317333333 13.754828441666666
51.07684317666667 13.754828436666669
51.07684318333333 13.754828450000002
51.07684313833333 13.754828451666663
51.07684316833333 13.754828434999999
51.07684314 13.754828411666669
51.076843141666664 13.754828403333336
51.076843156666655 13.754828534999998
51.07684317166668 13.754828550000003
51.07684324333333 13.754828486666668
51.07684325333333 13.754828468333331
51.076843314999984 13.754828575
51.07684325333333 13.75482852
51.07684321499999 13.754828518333333
51.07684322 13.754828479999999
51.07684321333334 13.754828479999999
51.076843188333335 13.754828476666663
51.076843193333325 13.754828433333333
51.07684317166668 13.754828443333334
51.07684318666667 13.754828428333333
51.07684322333333 13.754828450000002
51.07684318333333 13.754828388333332
51.07684321499999 13.754828405000001
51.076843141666664 13.754828418333334
51.07684071833334 13.754834353333335
51.076831748333326 13.754854109999997
51.07681908333334 13.754882673333334
51.076801903333326 13.754922098333335
51.076782861666665 13.754966354999999
51.076763268333345 13.755012328333331
51.07674571833333 13.755054085
51.076729721666666 13.75509431833333
51.07671161166666 13.755143503333333
51.076690830000004 13.755202291666668
51.07667065833334 13.755261820000003
51.076648660000004 13.755327641666668
51.07661976166667 13.75540482
51.07658170666665 13.755504511666667
51.07653646166667 13.75563108
51.07648808166667 13.755779173333334
51.076440406666656 13.75594929
51.076386235 13.75613496
51.07632575000001 13.756330638333331
51.07626163166666 13.756527573333335
51.07619565333333 13.75672455666667
51.076131536666665 13.756917168333333
51.07606928166667 13.757103455
51.076008695000006 13.757285866666667
51.07594682666666 13.75747351
51.07588375833334 13.757664256666668
51.07581926333332 13.757856163333331
51.07575393666666 13.758049954999997
51.075691410000005 13.758245729999999
51.07562860166668 13.758438000000002
51.07557292166666 13.758640944999998
51.075509731666656 13.758842225
51.07544314166667 13.759045434999999
51.07537589166667 13.759244953333337
51.075309285 13.75944065833333
51.07524049666667 13.759635076666662
51.07516573666667 13.759828898333334
51.07508748333333 13.76002306
51.07501038 13.760216656666667
51.074936295 13.760408726666666
51.074867523333324 13.760602726666665
51.07480126833334 13.760798363333333
51.074736689999995 13.760991549999998
51.07467221 13.76118458
51.07460669 13.761379473333333
51.07454183666667 13.761573108333334
51.07447668500001 13.761768551666664
51.07440727 13.76196455
51.07433825500001 13.762167298333335
51.07426957833333 13.762370709999997
51.07420109166667 13.762570416666666
51.07413603 13.762765513333333
51.07407111833334 13.762958178333333
51.074007630000004 13.763146953333335
51.073945871666666 13.763328923333331
51.073883863333336 13.763512898333333
51.07382419666666 13.763686958333334
51.073766469999995 13.763848233333333
51.073710433333325 13.763995468333333
51.07366038833334 13.764120463333333
51.073618201666676 13.764227403333333
51.07358320833334 13.764322868333332
51.073552214999985 13.764411948333334
51.07352307666667 13.764498051666665
51.07349506333333 13.764582016666669
51.07346582666667 13.764671486666668
51.073433445 13.764772884999998
51.07339685500001 13.764885796666666
51.07335778833333 13.765003509999996
51.07331482666668 13.765128709999999
51.0732674 13.765265365000001
51.07321758666667 13.765408045
51.073166575 13.765553576666665
51.07311552333332 13.765703211666668
51.073067046666665 13.765855205
51.07301956166666 13.766009401666663
51.07297329166668 13.766163259999995
51.07292540333333 13.76631498
51.07287448666668 13.766470178333334
51.072823155 13.766623623333336
51.072770936666664 13.766779911666667
51.072720308333345 13.766940080000003
51.072669686666664 13.767107953333333
51.072618158333334 13.767284203333334
51.07256261333334 13.767459759999998
51.07250288166665 13.76763671
51.072444748333325 13.767812448333332
51.07238674666667 13.767986478333334
51.07232905166667 13.768160103333337
51.072271795000006 13.768329698333332
51.07221429 13.768499033333335
51.072156353333334 13.768672436666668
51.07209625166667 13.768847816666664
51.072033288333344 13.769019236666669
51.07196668833333 13.769187061666665
51.07189974166666 13.769356543333334
51.07183373833333 13.769533911666667
51.07177607166667 13.769751326666665
51.071708135 13.769910853333332
51.07164450833332 13.770103313333333
51.07158173333334 13.770290643333333
51.07151992000001 13.770474486666668
51.071456498333326 13.770661661666669
51.071394865 13.77084459166667
51.07132393500001 13.771070926666669
51.071281285000005 13.771229303333334
51.0712138 13.771385645000002
51.07115524333334 13.771565129999999
51.071104938333335 13.771775501666665
51.071045710000014 13.771956998333334
51.07097993166667 13.772114781666668
51.070916896666674 13.772306031666668
51.07085184166666 13.772500998333335
51.07078552499999 13.772699055000002
51.07071888 13.772900391666667
51.07064982833334 13.773103991666664
51.070579245 13.773309548333335
51.070508848333326 13.773514996666666
51.070441644999995 13.773707771666663
51.070377348333324 13.773884738333333
51.07031675500001 13.774054546666665
51.07025869999999 13.774223020000003
51.07017436166666 13.774398399999999
 
 
 
 
 
 
 
 
 
 
 
 
 
 
 
 
 
 
 
 
 
 
 
 
 
 
 
 
 
 
 
 
 
51.066668826666664 13.776656165
51.06640394833333 13.776601943333333
51.06626258666667 13.776610001666665
51.06612941333334 13.776626525
51.06599679666667 13.776639495000003
51.065863573333324 13.776647959999998
51.06573473 13.776656943333334
51.065606261666666 13.776667396666664
51.06547921333334 13.776679113333334
51.065353739999985 13.776689665
51.06522834166667 13.776700416666666
51.06510492333332 13.776711351666666
51.064982811666674 13.776722159999997
51.06485878 13.776733376666664
51.06473067166668 13.776744941666667
51.064599295 13.776757481666667
51.064466008333326 13.776770376666665
51.06432897 13.776782461666668
51.06419108833334 13.776793203333334
51.064054563333336 13.776807483333334
51.063913096666674 13.77682769333333
51.06377528166666 13.776842111666667
51.063646719999994 13.776853981666667
51.06349399333333 13.776892234999998
51.063352521666665 13.776881558333336
51.06321398333333 13.776891553333334
51.063076305 13.776902009999995
51.06293239166666 13.776914538333331
51.06278999833333 13.776924023333333
51.06265074499999 13.776936826666663
51.06250347333333 13.776950048333337
51.06235044666667 13.776973853333335
51.06220926666666 13.776983806666669
51.062063800000004 13.776992161666666
51.061914439999995 13.777006436666666
51.06176321499999 13.777019471666666
51.06161259333333 13.777031858333336
51.0614642 13.777044106666668
51.061318175 13.777056551666666
51.06117343333334 13.777069575
51.061028595 13.777083311666665
51.060884389999984 13.777097218333331
51.060740436666656 13.777110953333333
51.060598866666666 13.777123371666669
51.060459733333346 13.777135121666664
51.06032167833334 13.777145975
51.06018490833333 13.777155386666667
51.060051863333335 13.777162554999999
51.059926088333334 13.777168838333333
51.05980482666667 13.777177691666669
51.05968689666667 13.777189983333335
51.05958129333333 13.77720444333333
51.05949146666667 13.77722179333333
51.05941748666666 13.777240199999998
51.05935843833334 13.777257061666667
51.059310966666665 13.777269608333336
51.05927028666667 13.777277979999997
51.05923344833333 13.777284526666666
51.059201225 13.77728924
51.059173916666666 13.777293036666666
51.059150673333335 13.77729611833333
51.059133886666665 13.777298341666668
51.05912313666666 13.777299531666669
51.059116606666656 13.777300476666664
51.059113646666674 13.777300733333334
51.059113481666664 13.777300721666666
51.05911346499999 13.777300605
51.05911347999999 13.777300355
51.05911344833333 13.777300331666668
51.05911340333332 13.777300384999997
51.05911341833335 13.77730043166667
51.059113399999994 13.777300400000001
51.05911336666668 13.777300391666666
51.059113453333325 13.77730051833333
51.059113451666676 13.777300456666667
51.05911336999999 13.777300588333333
51.05911328833334 13.777300488333333
51.05911334833333 13.777300426666667
51.059113316666675 13.777300408333334
51.059113338333326 13.777300356666668
51.05911332333332 13.777300368333332
51.059113326666676 13.777300358333331
51.059113393333334 13.777300276666665
51.059113413333336 13.777300338333331
51.059113414999985 13.777300356666668
51.05911344333334 13.777300351666664
51.059113419999996 13.777300458333336
51.059113356666664 13.777300391666666
51.059113361666654 13.777300298333337
51.059113341666674 13.777300478333332
51.05911331000001 13.777300451666667
51.05911322333331 13.777300418333331
51.05911326166665 13.777300421666663
51.059113236666676 13.777300540000002
51.05911325 13.77730044
51.059113214999996 13.77730040666667
51.05911322333331 13.77730051833333
51.059113221666664 13.777300475
51.059113231666664 13.777300483333333
51.05911319333333 13.777300453333332
51.05911323500001 13.77730061166667
51.05911317333333 13.777300473333336
51.05911318666667 13.777300400000001
51.05911318166665 13.777300366666669
51.05911314833334 13.777300446666667
51.059113123333326 13.777300501666666
51.05911108 13.77730061333333
51.05909551499999 13.777302705
51.059070555 13.777305785
51.059038961666666 13.77730917
51.05900022333332 13.77731336166667
51.058951921666676 13.777317036666666
51.058898314999986 13.7773204
51.05884720833334 13.77733275666667
51.05880187000001 13.777368073333337
51.05876554166668 13.777426163333333
51.05874458500001 13.777497618333333
51.05873905166666 13.777580215
51.05874416000002 13.777682076666668
51.05875418833334 13.777800490000004
51.05876728666667 13.777925831666668
51.058780491666674 13.778049315000002
51.05879168 13.77816986166667
51.05880074666667 13.778276541666669
51.05880734999999 13.778364236666668
51.05881224333334 13.778431545
51.05881551999999 13.778485511666668
51.05881926833334 13.778535756666672
51.058822330000005 13.778584078333335
51.058825651666666 13.778631773333336
51.05882995333333 13.77868741333333
51.05883607166667 13.778755295
51.05884144499999 13.778822516666667
51.058846811666655 13.778884711666668
51.058850095 13.778929991666667
51.05885280833334 13.778962368333332
51.058854239999995 13.778986190000005
51.058856155000015 13.779007196666665
51.058857588333346 13.779029851666662
51.05886253500001 13.779062608333334
51.05887639833333 13.779118376666665
51.058893726666675 13.779201023333334
51.05890251833334 13.779303078333335
51.05890421666666 13.77942610666667
51.058906626666676 13.779548905000002
51.05891164166666 13.779645695000003
51.05891501999999 13.779702673333334
51.05891618833333 13.779739728333334
51.058918828333326 13.779786050000004
51.05892483166666 13.779859520000002
51.05893321333335 13.779962558333333
51.05894303333333 13.780084663333332
51.05895385 13.780212116666666
51.058965023333336 13.780332566666663
51.058973848333316 13.780432678333334
51.058980410000004 13.780515276666666
51.058980354999996 13.780584133333337
51.058971135 13.780640073333336
51.05895390333333 13.780684565000001
51.05893071999999 13.780716966666667
51.058899535 13.780736165
51.05886290166668 13.780742356666668
51.05882710666666 13.780742728333333
51.05879674333334 13.780743929999998
51.05877313999999 13.780748
51.05876201833335 13.780749411666667
51.05876132333333 13.780748690000003
51.05876174499999 13.780748638333334
51.058761756666655 13.780748598333336
51.058761546666666 13.780748550000002
51.058761436666664 13.780748636666665
51.05876166666667 13.780748611666668
51.058761395 13.780748686666668
51.05875798 13.780749196666667
51.05874574166668 13.780750735
51.05873122 13.780751765000002
51.058716543333354 13.780752929999998
51.05870502833333 13.78075354333333
51.058698975 13.780753531666669
51.05869690833333 13.780753548333333
51.058696755 13.780753459999998
51.058697395 13.78075388166667
51.05869737499999 13.780753906666666
51.058697405000004 13.78075388166667
51.05869707833334 13.780753946666664
51.058697120000005 13.780753893333333
51.05869710166668 13.780753916666667
51.05869496333333 13.780753815000002
51.05867843833333 13.780753928333334
51.058655436666655 13.780754441666666
51.0586293 13.780760766666667
51.05859636000002 13.780774531666669
51.058556044999996 13.780788783333332
51.05850762333333 13.780797954999999
51.058455206666665 13.78080308166667
51.058399181666665 13.78080839166667
51.05834466833335 13.780814273333336
51.05829181499998 13.780820113333334
51.05823884333334 13.780807450000001
51.058191279999996 13.780818724999998
51.05808898333333 13.78100143
51.05807647833332 13.780848658333332
51.05802384166667 13.780860521666666
51.05798294666667 13.780854128333333
51.05793039333333 13.780861159999999
51.05788750833334 13.780870206666668
51.05784621666667 13.780876516666668
51.05780775666667 13.78088095666667
51.05776662833333 13.780883645000001
51.05772348666666 13.780885073333335
51.057679831666654 13.78089169333333
51.057635260000005 13.780900309999996
51.05759034 13.780905968333332
51.05754189333335 13.780914245
51.05749040833333 13.78092171
51.05743776333334 13.780925400000001
51.05738533666666 13.780928088333333
51.057337725 13.780930015000001
51.057300019999985 13.780935253333332
51.05727126333333 13.780935826666667
51.05724225666666 13.780940386666668
51.05720861166666 13.78094620666667
51.05716398166666 13.780950381666665
51.05710922333333 13.780949295000001
51.05704899999999 13.780947548333335
51.05698739333334 13.780948980000002
51.05692503333334 13.780950881666667
51.05686031333333 13.780954528333332
51.05679356833334 13.780960490000004
51.056723686666665 13.780966911666667
51.056653886666666 13.780972838333332
51.056583495 13.780979821666666
51.05651352666667 13.78098811
51.056444664999994 13.780996753333337
51.05637527833333 13.781006373333335
51.05630397333333 13.781017306666667
51.05623116666667 13.781027798333335
51.056160081666654 13.781036336666666
51.05608498666667 13.781044505
51.05600745833333 13.781053261666667
51.055936348333326 13.781059468333334
51.055864365 13.78106714333333
51.055789525 13.781073153333333
51.05571468666667 13.781080641666666
51.055643875 13.781116223333333
51.055578643333334 13.781099903333333
51.055511886666665 13.781105536666667
51.05544229666666 13.781114725000002
51.05537655166666 13.781120928333333
51.05530936333333 13.78112765
51.05524365333334 13.781134846666665
51.055179498333324 13.781142091666668
51.05511610500001 13.781150773333335
51.055055225 13.781158643333333
51.05499577666668 13.78116423666667
51.054936439999985 13.78116948166667
51.05488275 13.781172236666668
51.05483843833334 13.781174451666663
51.05480172833333 13.781177348333335
51.05476910666666 13.781179596666668
51.05473845333333 13.781181884999997
51.05471062833332 13.781182313333334
51.054681669999994 13.781182886666667
51.054653455 13.781184571666666
51.054630141666664 13.781187423333336
51.054612519999985 13.781189756666667
51.054602384999995 13.781191346666667
51.05459878 13.781191578333335
51.054597821666675 13.781191663333335
51.05459715 13.781191766666666
51.05459495 13.781191825
51.05458215333333 13.781191903333335
51.054560261666666 13.781193495000002
51.054538451666666 13.781196211666668
51.054517723333326 13.781199438333333
51.05450076 13.781201223333335
51.054487904999995 13.781202985
51.05447622666667 13.781204596666665
51.05446356000001 13.781206241666666
51.054449425 13.781208093333332
51.054434055 13.781210585
51.054418985 13.781212754999997
51.05440395666666 13.781215373333335
51.05438664 13.781218765000002
51.05435963999999 13.781224898333335
51.05433454833333 13.781230553333334
51.05432199333333 13.78123311333333
51.05431148000001 13.781235576666665
51.05430486 13.781236496666669
51.054301723333325 13.781236903333335
51.05429841 13.781237301666666
51.05427739833332 13.781240341666667
51.05423591666666 13.781255588333332
51.05418514666667 13.781281476666667
51.054128206666654 13.781305224999999
51.05406663500001 13.781325338333334
51.054004739999996 13.781342711666666
51.05394369166667 13.781358208333335
51.05388514333334 13.781372801666665
51.05383141999999 13.781385550000001
51.053785671666674 13.781395833333333
51.053745799999994 13.781405100000002
51.05371031833335 13.781413723333337
51.05367561333334 13.78142240666667
51.053642055 13.781431296666664
51.05360885 13.781443183333332
51.053580079999996 13.781471853333331
51.05356413 13.781474991666665
51.05355655 13.781456870000003
51.053540721666664 13.781461488333331
51.05352310166666 13.781463835
51.05349995666667 13.78147062
51.053469325 13.781479234999999
51.053439438333335 13.781485943333333
51.053408111666656 13.781493545
51.053378370000004 13.781495051666665
51.05335555666667 13.781486481666668
51.05334434166666 13.781478563333334
51.05333080500001 13.781464914999999
51.053309263333325 13.781433696666666
51.053290836666655 13.781379021666664
51.05327787833333 13.781297148333335
51.05326642499999 13.781194428333333
51.053255998333334 13.781085873333332
51.05324282 13.78097947
51.053225311666665 13.780876841666668
51.053205748333326 13.780767888333333
51.05318913833333 13.780645665000002
51.053176083333334 13.78051298
51.05316572833333 13.780381054999998
51.05315687 13.780244484999999
51.05314861333334 13.780105321666667
51.05313947166666 13.77996655
51.05312648833333 13.77982444
51.05310931666668 13.779678144999998
51.05308839333334 13.779522750000002
51.05306717 13.779358628333334
51.053046795 13.779193173333336
51.05302872666666 13.779043990000002
51.05301416833334 13.778920278333336
51.05300388833334 13.778832288333335
51.052999189999994 13.77878735
51.05299763666665 13.778770156666667
51.052996626666676 13.778761265000004
51.052995775 13.778747971666666
51.05299291499999 13.778716696666667
51.052989489999995 13.778677295
51.05298434833333 13.778619919999999
51.05297805166666 13.778550776666664
51.052970054999996 13.778470108333332
51.052959475 13.778381493333333
51.05294873166666 13.77829016
51.05293794833333 13.778194049999998
51.05292679166667 13.778097851666667
51.05291536333334 13.777993178333334
51.052892738333334 13.777879246666668
51.05285478833334 13.77776699333333
51.05280762166667 13.777664756666669
51.05274648166666 13.77756599166667
51.052667048333326 13.777470548333337
51.05257588833333 13.777377108333333
51.05247940166667 13.777282521666667
51.05237941666666 13.777183634999998
51.05228009833333 13.777085055000002
51.05218343833334 13.776987261666667
51.05209454999999 13.776889149999999
51.05201092000001 13.77680467
51.051935813333344 13.776731926666665
51.05186363999999 13.776668961666667
51.051802463333324 13.776608415000002
51.05175226833333 13.776558406666672
51.05171171166665 13.776517578333335
51.051679703333335 13.776485808333332
51.051654631666665 13.776459071666666
51.051635913333335 13.776440388333333
51.051626735000006 13.776431459999996
51.05162388 13.776428184999997
51.05162396499998 13.77642827
51.051623985 13.776428198333338
51.05162393333333 13.776428223333335
51.051623864999996 13.776428396666665
51.05162380499999 13.77642843
51.051623893333336 13.776428341666668
51.051623633333335 13.776428681666667
51.05162362166667 13.776428695
51.05162358999999 13.776428716666668
51.051623591666676 13.776428748333334
51.051623586666665 13.776428734999998
51.05162362666668 13.776428723333334
51.051623639999995 13.77642874333333
51.051623635000006 13.776428775
51.05162361000001 13.776428813333332
51.05162362833333 13.776428818333333
51.05162365333334 13.776428781666668
51.05162363166666 13.776428826666665
51.05162359999999 13.776428851666667
51.05162361000001 13.77642883666667
51.051623571666674 13.776428833333334
51.05162338999999 13.776428658333336
51.051619865000006 13.776425041666668
51.05160551000001 13.776411390000002
51.051579296666674 13.776384643333332
51.051542135 13.776347890000004
51.05149728833333 13.776303731666667
51.05144409333334 13.776250589999998
51.05138108666665 13.776186865
51.051310183333335 13.7761166
51.051234868333346 13.776041988333334
51.051157803333325 13.775965258333335
51.051081036666666 13.775888984999998
51.05100281 13.775811829999999
51.050919930000006 13.775733266666668
51.050832820000004 13.775651334999997
51.050741550000005 13.775563791666668
51.050646545 13.775470741666668
51.05055191833333 13.775377545
51.050459186666664 13.775286611666669
51.05036773666666 13.775199978333335
51.050278361666656 13.775115009999999
51.05019127833332 13.775031221666666
51.050106464999985 13.774947913333332
51.05002459666666 13.774866326666665
51.049948611666665 13.774789711666665
51.049881736666656 13.774722106666669
51.04982227333332 13.774660448333334
51.04976792166667 13.774604895000001
51.04971916666667 13.774554875000002
51.04967390333333 13.774504818333332
51.04963291999999 13.774456703333332
51.049601358333334 13.774418495
51.049581325000005 13.774395311666668
51.049569144999985 13.774382253333332
51.04956301833334 13.774376313333331
51.049562 13.77437551
51.04956204833332 13.774375528333334
51.049562043333346 13.774375503333337
51.049562066666674 13.774375538333329
51.04956203500001 13.774375616666665
51.049561985000004 13.774375615
51.04956200833333 13.774375661666665
51.049561973333326 13.774375715000003
51.04956191666667 13.774375758333333
51.04956191499999 13.774375775
51.049561919999995 13.77437576666667
51.049561925000006 13.77437564
51.04956094666668 13.774374728333335
51.04955805833333 13.774371295
51.049548685000005 13.774362609999999
51.04953364833333 13.774348906666667
51.049511769999995 13.774329415
51.04948370833334 13.774305698333334
51.049451138333325 13.774277808333332
51.04941765166668 13.774249124999999
51.049384925000005 13.77422153
51.04934993 13.774191321666665
51.049313663333336 13.774158431666669
51.049279561666665 13.774125601666666
51.049247315 13.77409407
51.04921818 13.774065513333335
51.04919186166667 13.774040446666667
51.04916772 13.774017825000003
51.049144523333325 13.773994898333335
51.04912115500001 13.773972623333334
51.04909856000001 13.773950046666664
51.04907692500001 13.773928845
51.049057999999995 13.773909855
51.04904553333334 13.773898218333333
51.04903978000001 13.773891693333333
51.04903631166667 13.773889029999998
51.04903406666666 13.773886098333337
51.04903218833333 13.77388404
51.049030740000006 13.77388296
51.04902984666666 13.773882191666667
51.04902977666667 13.773882031666668
51.04902987166667 13.773881856666666
51.049029884999996 13.773881885
51.04902964333334 13.773882153333338
51.049029515 13.773882663333332
51.04902956166666 13.773882575
51.04902949166667 13.773882638333331
51.04902946999999 13.773882643333332
51.049029483333335 13.773882698333333
51.04902948999999 13.773882611666666
51.04902954333333 13.773882673333333
51.04902954333333 13.773882641666667
51.04902949666666 13.773882729999999
51.049029525 13.773882724999998
51.04902952166667 13.773882726666667
51.04902949666666 13.773882771666665
51.04902944333333 13.773882781666668
51.04902943500001 13.773882826666663
51.0490294 13.773882851666666
51.04902938333335 13.773882819999999
51.049029368333336 13.773882821666666
51.04902931499999 13.773882838333334
51.049029283333326 13.773882850000003
51.04902717499999 13.773880551666666
51.04901332166667 13.77386698
51.048991510000015 13.773844738333333
51.048963121666674 13.773817675000002
51.04892946166667 13.773785359999996
51.04889026499998 13.77374673166667
51.04884378 13.773702133333332
51.048793126666666 13.773652741666664
51.04873814666668 13.773598858333333
51.04867875 13.773540103333335
51.04861401499999 13.77347639
51.04854448 13.773407191666665
51.04847053999999 13.773335141666667
51.04839768500001 13.773262123333332
51.04833288500001 13.773195671666663
51.04826910333333 13.77310955
51.04821084833332 13.773049721666666
51.048158116666656 13.773013701666665
51.04812371833335 13.772981031666669
51.048097903333336 13.772958949999998
51.04808560333333 13.772947741666666
51.04808177333333 13.77293946166667
51.048083971666664 13.772935968333332
51.04808395500001 13.772935640000004
51.04808242166667 13.772939649999996
51.048081065 13.772942658333333
51.048083049999995 13.772939421666665
51.048081966666665 13.772939941666667
51.04807371333333 13.772930306666668
51.04805335333332 13.772911985
51.04803261999999 13.772891990000002
51.048004173333325 13.772863031666668
51.047968475 13.772826408333334
51.04792585500001 13.77278501
51.04788239333334 13.772741819999998
51.04783422833334 13.772697384999999
51.04778515833333 13.772650790000004
51.047738745 13.772604345000001
51.04769022333333 13.772590861666666
51.047645601666666 13.772560401666665
51.047609989999984 13.772504204999999
51.04756635333333 13.772483328333335
51.04752984833332 13.772441718333331
51.04749011833334 13.772404568333332
51.04745278166667 13.772396041666665
51.04742308833333 13.77234346833333
51.04740367333332 13.77231993
51.047388455 13.772305458333335
51.04737915833333 13.772296433333334
51.047374813333334 13.772284084999997
51.04737013999999 13.77228324333333
51.04736806999999 13.772281940000001
51.04736810666665 13.772282716666666
51.047367165 13.772284036666667
51.04736674166667 13.772279671666665
51.047366673333315 13.772279673333337
51.047366910000015 13.772279725000002
51.04736690333333 13.772279693333333
51.047366943333344 13.772279723333334
51.047366943333344 13.772279721666667
51.04736701333334 13.772279696666665
51.04736701333334 13.772279663333332
51.04736683666667 13.77227967
51.04736592333334 13.772278711666665
51.047355928333324 13.772268635
51.04733178999998 13.772248071666668
51.04729925 13.772214333333332
51.047260765 13.772176504999997
51.04721594166666 13.772133203333333
51.04716819 13.772086406666668
51.04712116333334 13.77204225666667
51.04707773666666 13.772000356666668
51.04703824666667 13.771961279999998
51.04699689166667 13.771920286666667
51.04695091166666 13.771882551666666
51.04689782333333 13.77186409333333
51.04684077500001 13.771876494999999
51.046779574999995 13.771938243333329
51.046741755000006 13.771957665000002
51.04669832499999 13.772050951666666
51.04664559166666 13.772202516666669
51.046611026666675 13.772296193333329
51.046573953333336 13.772389341666667
51.04653793999999 13.772479721666665
51.04650509666667 13.772562795000002
51.04647606833334 13.772632754999998
51.04645005833333 13.77269093
51.046420000000005 13.772750076666663
51.04639810666666 13.772792575000002
51.046384044999996 13.772820008333333
51.04637471833333 13.77283946
51.04636936333333 13.772852225000001
51.04637519999999 13.772850129999998
51.04637665 13.772848909999997
51.046371645 13.77287538666667
51.04632822166666 13.772946471666668
51.046330301666664 13.772951425
51.04640301166666 13.772818854999999
51.04638545666667 13.772787091666668
51.04639064499999 13.772770031666669
51.04636812333333 13.772851426666664
51.046384623333324 13.772789786666669
51.046368563333345 13.772850913333336
51.046368656666665 13.77285084
51.04636866499998 13.772850753333334
51.04636876166666 13.772850706666668
51.04636876166666 13.772850888333334
51.04636853500001 13.772851018333332
51.046368468333334 13.772851366666668
51.046367506666655 13.772854034999996
51.046300003333336 13.772958326666666
51.046331505000005 13.772969128333333
51.04628911666667 13.7730048
51.04632142833334 13.772990579999998
51.04627325666665 13.773113340000002
51.04626063999999 13.773178196666667
51.046218849999995 13.77328655
51.046173625 13.773414071666666
51.046125615 13.773541095
51.04607081166666 13.773668386666664
51.04601266333334 13.773820765000002
51.04595308000001 13.773973653333334
51.04589036833334 13.774134421666664
51.04582488999999 13.774301796666665
51.04575963833333 13.774468381666669
51.045694536666666 13.774634359999997
51.045626508333335 13.774796883333336
51.04556183000001 13.77495288
51.04549634166666 13.775124936666668
51.045439441666666 13.775271426666666
51.04537997833333 13.775419633333332
51.04532965 13.775557101666667
51.04528756000001 13.775686718333331
51.04525144666666 13.77580669333333
51.045219194999994 13.775918196666664
51.04519251833335 13.776020236666666
51.045167610000014 13.776109846666667
51.04514411333333 13.776194848333338
51.045121771666665 13.776277578333334
51.04509987499999 13.77635933166667
51.04507775833334 13.776446201666666
51.045053915000004 13.77653432
51.04503166666667 13.776614593333333
51.04500907666667 13.776684154999998
51.04499152833332 13.776738918333335
51.04497709166667 13.776781613333332
51.04496822166666 13.776810708333334
51.044962961666656 13.776829313333334
51.044959729999995 13.776840834999996
51.04495756666667 13.776847805
51.04495645 13.776851920000002
51.04495525166667 13.776856656666666
51.04495454333334 13.776862133333331
51.04495215 13.776863781666668
51.04495259 13.776864509999996
51.044952630000004 13.776864473333335
51.044952625000015 13.776864329999997
51.04495427666667 13.776863209999998
51.04495440666666 13.776863223333335
51.04495298500001 13.776864929999999
51.044952066666674 13.776867256666666
51.04494665666666 13.776887343333332
51.04493677000001 13.77693090666667
51.04492573166666 13.776989046666666
51.044911821666666 13.777060646666666
51.044895624999995 13.777142781666669
51.04487595833334 13.777233683333334
51.04485244666667 13.777338428333334
51.044824353333325 13.777462603333333
51.044792471666675 13.777602774999998
51.044757325 13.777752456666667
51.04472051166666 13.777906345
51.044681038333344 13.778066428333334
51.04463888666666 13.778234359999999
51.04459474333333 13.778410168333334
51.04454894166667 13.778593533333332
51.04450270166669 13.778777621666666
51.04445752333333 13.778958196666668
51.04441567333333 13.77913693
51.04437171833333 13.779312941666667
51.04432593166665 13.779488301666664
51.04428422166667 13.779665031666669
51.04423936833335 13.779840720000001
51.04419182499999 13.780016499999999
51.04413985333334 13.780190679999999
51.04408523999999 13.780364353333335
51.04403412666667 13.780544148333336
51.04398735166668 13.780724378333336
51.04394200333333 13.780901923333337
51.043897595 13.781076803333333
51.04385177666668 13.781248545000002
51.043808645000006 13.781415898333334
51.04376429999999 13.781583778333333
51.04371977666668 13.781748626666664
51.043675570000005 13.781910443333329
51.04363205166668 13.782070336666667
51.043591084999996 13.782224858333333
51.04354944833334 13.78237814333333
51.043510133333335 13.782527689999998
51.043470975000005 13.78267386
51.04343253166665 13.782814188333335
51.043404800000005 13.782960078333334
51.04339007500001 13.783107271666665
51.043387825 13.783250403333334
51.04338610166668 13.783392780000002
51.04337870833333 13.783531696666667
51.043372961666655 13.783667105
51.043368855000004 13.783801946666665
51.04336414666668 13.783934283333334
51.04335954 13.78406786666667
51.04335816000001 13.784204788333334
51.04335586833334 13.78434739166667
51.043349876666674 13.784500538333331
51.043346253333326 13.784656371666665
51.04334147666668 13.784808953333338
51.04333511499999 13.78496645666667
51.04333134499999 13.785128363333332
51.04332643333334 13.785291138333331
51.043321338333335 13.785451449999998
51.043316965 13.785611155
51.04331151833335 13.785767538333335
51.043307735000006 13.785921904999999
51.04330282833333 13.786064475
51.04329858999999 13.786201045
51.04329531666666 13.786333241666666
51.0432918 13.78646046166667
51.04328729666666 13.786588003333334
51.04328170666666 13.786728408333333
51.04327634166666 13.786885784999997
51.04327188500001 13.787053809999998
51.04326748000002 13.787225318333332
51.04326316499999 13.787399629999998
51.043258578333344 13.787574446666667
51.0432555 13.787747191666664
51.04325157666667 13.787917121666664
51.04324673000001 13.78807536666667
51.043242173333326 13.788213704999999
51.04324696333333 13.788324381666666
51.043245243333345 13.788412581666668
51.043234585 13.788504716666667
51.04321761166668 13.788534489999998
51.04318712333332 13.788569333333331
51.04315183333333 13.78858007
51.04311792333331 13.788621758333333
51.043097456666665 13.788617388333334
51.04308789333333 13.78861495666667
51.04308088999999 13.788611501666667
51.043075006666655 13.788611374999997
51.04307224166667 13.788615370000002
51.04306846000001 13.788610226666666
51.043066178333326 13.788609718333332
51.04306381166666 13.788608338333331
51.04307017166668 13.788568636666666
51.04307008999999 13.78856833833333
51.04306969166666 13.788569325
51.043069705 13.788569373333337
51.043069735 13.788569806666668
51.04306962833333 13.788569305
51.04306965666667 13.78856924333333
51.04306965333332 13.788569228333335
51.04306967000001 13.788569190000002
51.043069675 13.788569116666668
51.043069663333334 13.788569111666668
51.043069673333335 13.788569283333334
51.04306966166667 13.78856921333333
51.04306970666665 13.78856934
51.04306959999999 13.788569543333331
51.04306957833334 13.78856968
51.043069576666674 13.788569640000002
51.04306958666666 13.788569413333335
51.043069573333334 13.788569501666666
51.04306952500001 13.788569566666668
51.043069534999994 13.788569566666668
51.043069540000005 13.788569543333331
51.043069620000004 13.788569523333335
51.04306958166667 13.788569290000002
51.04306962833333 13.788569301666662
51.04306963166667 13.788569184999998
51.043069543333345 13.788569305
51.04306952833334 13.788569318333332
51.043069573333334 13.788569305
51.04306950500001 13.788569191666666
51.04306951666668 13.788569223333335
51.04306947500001 13.788569208333335
51.04306950333333 13.788569258333332
51.043069543333345 13.788569240000005
51.04306951166665 13.788569248333333
51.04306954666666 13.788569379999997
51.04306952333333 13.788569348333336
51.043069458333335 13.788569429999999
51.04306951 13.788569596666665
51.043069521666666 13.788569415
51.04306954666666 13.78856947
51.043069534999994 13.78856951333333
51.04306951166665 13.788569591666668
51.04306957833334 13.788569824999998
51.04306955666666 13.78856964333333
51.04306959166667 13.78856968
51.04306955166668 13.788569781666668
51.04306953666666 13.788569713333334
51.04306950166668 13.7885699
51.04306950666666 13.788569828333333
51.04306947 13.788569983333332
51.043069448333334 13.788570236666668
51.04306947666667 13.788570088333332
51.04306958 13.788570073333336
51.043069625 13.788569963333336
51.04306943333333 13.788570213333333
51.04307069499999 13.788566183333334
51.04307085833334 13.788565954999997
51.04307078 13.788565963333333
51.043070721666666 13.78856599333333
51.043070619999995 13.78856636
51.04307066666667 13.788566165
51.04307070333333 13.788566176666667
51.043070495 13.788566821666667
51.04307008500002 13.788566531666671
51.04306657 13.788567555000002
51.04305893666666 13.788571433333335
51.043047698333325 13.788580786666667
51.04302549166667 13.788593701666665
51.042987815 13.788602558333332
51.042936648333324 13.788604765000002
51.042872755000005 13.788603666666665
51.04279947666667 13.788597421666664
51.04271599333333 13.788595234999999
51.04262430500001 13.788590406666666
51.04253096666666 13.788586630000001
51.042440225 13.788583415000002
51.04234878333333 13.788579573333333
51.04225191333333 13.788576665
51.04215055166666 13.788574086666666
51.042044950000005 13.788568641666666
51.04193309166666 13.78860143166667
51.04181808166666 13.78859468833333
51.041703985000005 13.788548120000003
51.041588041666664 13.78854227
51.04147410666666 13.788536688333332
51.04136126499999 13.788560331666668
51.04125157 13.788552181666667
51.04114575500001 13.788545018333332
51.04103471166666 13.788524201666666
51.04093411999999 13.788554008333332
51.040823970000005 13.788513720000003
51.04072119833333 13.78851409333333
51.04061960333332 13.788520475
51.04052090166667 13.788515091666666
51.040418994999996 13.788530304999998
51.04032997333332 13.788524270000002
51.04025867 13.788477306666667
51.040173010000004 13.788533378333334
51.04009291333333 13.788496835
51.04002335500001 13.78849571
51.03993969 13.788495393333331
51.03984301833334 13.788502453333335
 
51.039685555000005 13.788472234999999
51.039594695000005 13.788469176666664
51.03953256333334 13.788457426666666
51.039427091666674 13.788461934999997
51.039355725000014 13.788451049999999
51.03930364166668 13.788438731666668
51.03926199166667 13.788430113333334
51.039235330000004 13.788430151666663
51.03921485833333 13.788426240000001
51.039231380000004 13.78841328666667
51.03919686333334 13.788418798333336
51.03919500666666 13.788405453333333
51.03919477833333 13.788405988333333
51.03919272499999 13.788405586666666
51.03919150333333 13.788404775
51.039191473333325 13.788404206666666
51.03919168000001 13.788403625
51.039191893333346 13.78840334333333
51.03919214333334 13.788402936666667
51.03918823500001 13.78837933166667
51.03918754666667 13.78837891333333
51.03918552333333 13.788378499999999
51.039178846666665 13.788380963333335
51.03916788333333 13.788394876666667
51.03913535833333 13.788410836666666
51.03908864666667 13.788422498333338
51.03902649833332 13.788417795000003
51.038958165000004 13.788413971666667
51.038885494999995 13.788438271666667
51.03880399333334 13.78840666833333
51.03872675666666 13.788435315000005
51.038644211666664 13.788400284999996
51.03856882666667 13.788401475
51.038492063333344 13.788401586666664
51.03842264833332 13.788396991666666
51.03835528166666 13.788392733333334
51.03828922833333 13.788390149999998
51.03822515166668 13.788386744999999
51.038162478333334 13.788384489999999
51.03810089666668 13.788382236666667
51.03803648333334 13.788380701666664
51.03796392333332 13.788378338333333
51.03788505833333 13.788376596666664
51.03780274833333 13.788374926666666
51.03771814499999 13.78837184333333
51.03762811333333 13.788377303333334
51.037540866666674 13.788368243333332
51.037458971666666 13.788366323333337
51.037385768333344 13.78833695
51.037292631666666 13.788366276666666
51.03721230833333 13.788364390000003
51.03714087666667 13.788379215
51.037062115 13.788359761666667
51.03699639 13.788331320000001
51.03692613666666 13.788320533333335
51.03684362166667 13.788309868333329
51.03676561666666 13.788341916666669
51.036689730000006 13.78833583166667
51.036624124999996 13.788339986666669
51.036539063333336 13.788316376666668
51.03646661833333 13.788301601666664
51.03641080166667 13.788314178333334
51.036356389999995 13.788310169999999
51.03631265833333 13.78831297
51.03626796666667 13.788293245
51.036244756666655 13.788303698333333
51.03618871333333 13.788275559999999
51.03617864666667 13.788292990000002
51.03612778999999 13.788256428333334
51.03608489666667 13.788176723333338
51.036097248333334 13.78829201333333
51.03606700333333 13.78830098
51.03605350833333 13.788302788333333
51.03603643333333 13.78829663833333
51.03606652 13.788229465000002
51.03602443166666 13.788257606666669
51.03601855333333 13.78821372833333
51.03601510500001 13.788152743333335
51.03599684999999 13.788093223333332
51.03599597999999 13.788015731666666
51.03600841000001 13.787925070000002
51.03600684833334 13.787839086666668
51.03600848999999 13.78775299333333
51.036008816666666 13.787678140000002
51.036006405 13.787613803333333
51.03600407333333 13.787572601666666
51.036005280000005 13.7875344
51.03600599666667 13.787507408333333
51.03600648500001 13.787491289999998
51.03600661833334 13.78748376166667
51.03600666333333 13.787479853333336
51.03600675833333 13.787478816666665
51.036006793333335 13.787478138333332
51.03600676333334 13.787478115000003
51.036006828333335 13.78747798666667
51.03600669833333 13.787476058333334
51.03600675333334 13.787469135
51.03600676999999 13.787455428333336
51.03600654333334 13.787429341666666
51.03600578 13.787397115000003
51.03600536833334 13.787359841666667
51.03600420666667 13.787308613333334
51.036002915000005 13.787246934999995
51.036001481666666 13.787178218333334
51.03600030833334 13.787102470000002
51.035999871666675 13.787021053333335
51.036000730000005 13.78692949
51.036002166666655 13.786822615000002
51.036003924999996 13.786701373333335
51.036005419999995 13.786569003333334
51.036007244999986 13.78642872
51.036009594999996 13.786289154999997
51.036012198333324 13.786150999999998
51.03601549666667 13.786013846666666
51.03602004 13.785875216666666
51.03602303166666 13.78573706833333
51.03601838166666 13.785603586666669
51.03599862666668 13.78547892
51.03596330166668 13.785367786666665
51.035914735000006 13.785272323333334
51.035854881666666 13.785190871666668
51.03578871499999 13.785116823333336
51.03572082333332 13.78504818666667
51.035653311666664 13.784980479999998
51.03558717166667 13.784914240000004
51.035523274999996 13.784849674999998
51.03546085999999 13.784787411666668
51.03539938833334 13.784728424999999
51.035339160000014 13.784676969999998
51.035285208333335 13.784634675
51.035228169999996 13.784632086666667
51.03520729499999 13.784563928333334
51.03517922833333 13.78454711166667
51.035164303333325 13.78452843
51.03515261833334 13.784516891666666
51.03514798000001 13.784510695000002
51.035146329999996 13.784509538333332
51.03514456333334 13.784508996666666
51.03514439333335 13.784509891666668
51.035140843333345 13.784509940000001
51.03513996333333 13.784509028333336
51.035139993333345 13.784508936666665
51.03514003999999 13.784508851666665
51.03514001 13.784508876666667
51.03514005666666 13.784508641666669
51.03514002833332 13.784508629999998
51.03514003 13.784508574999998
51.03514003833334 13.784508558333334
51.03514006 13.78450861
51.03514011000001 13.784508873333333
51.03514010000001 13.784508775000003
51.03514010833332 13.784508851666665
51.03514008333333 13.784508853333334
51.03514003999999 13.784508846666665
51.03514011000001 13.784508753333334
51.03514011000001 13.784508750000002
51.035139343333334 13.784508076666665
51.035135189999984 13.784503798333336
51.03511963833333 13.784487933333333
51.03508949333333 13.784457388333331
51.03505043666666 13.784417311666667
51.03500284166667 13.784369143333333
51.03494699666667 13.784315131666668
51.034885155 13.784253991666667
51.03482011833333 13.78418393166667
51.03475826833334 13.78409889
51.034701503333324 13.784005246666668
51.03464808500001 13.783908470000002
51.03459337666666 13.783811896666668
51.03453205666666 13.783712898333333
51.03446315833333 13.783615988333334
51.03438851999999 13.783526151666665
51.03430719333334 13.78344176833333
51.03422621166666 13.783361151666668
51.03414599833333 13.783280201666665
51.03406539833331 13.783200484999998
51.033984193333346 13.783119573333336
51.03390043666665 13.783036111666668
51.03381299166667 13.782948253333332
51.03372402 13.782859323333335
51.03363349999999 13.782772768333329
51.03354066166666 13.782698000000002
51.03344829833333 13.782639031666667
51.03335772666667 13.782593726666665
51.03326949166667 13.7825546
51.033182395 13.782511276666666
51.03309917833334 13.78245273
51.03301565833333 13.782377584999999
51.03292839999999 13.782293195000003
51.032841130000016 13.782207798333335
51.032752808333335 13.782122988333333
51.03266339666667 13.782037951666666
51.032573038333325 13.781952101666665
51.032482994999995 13.78186511833333
51.032393786666674 13.781779023333335
51.032306145 13.781693841666668
51.032207131666674 13.781632373333336
51.032128053333324 13.781517305
51.03203400166667 13.781431536666666
51.031945693333334 13.781342268333333
51.031857848333324 13.781251919999999
51.031766375000004 13.781174371666664
51.03168371 13.781098851666664
51.03160529333334 13.781028386666666
51.03153178833333 13.780965328333336
51.031471426666684 13.780909621666668
51.03141591166666 13.780861433333333
51.03136941000001 13.780819886666666
51.03133225666666 13.780785134999997
51.03130179833333 13.780756603333336
51.03127895166667 13.780733040000003
51.03126107666667 13.780716395000002
51.031250198333325 13.780705303333331
51.03124097500001 13.780702824999999
51.031240528333335 13.780702391666667
51.03124051666667 13.780702375000002
51.03124057833332 13.780702333333332
51.031240610000005 13.780702365000002
51.03124062166667 13.780702343333333
51.03124042333332 13.780702206666668
51.03123316999999 13.780695483333334
51.03121212666667 13.78067585
51.03118004666667 13.780645676666666
51.0311427 13.780610708333336
51.03109941166667 13.780569615000001
51.031048733333336 13.780522393333332
51.030998161666666 13.780475508333332
51.030948226666666 13.780435141666668
51.030892841666656 13.780414693333334
51.03083171666667 13.780425351666663
51.030774926666666 13.780474961666668
51.030725391666664 13.780560138333332
51.03067783833333 13.78066986
51.030628285 13.780795433333333
51.03057505333333 13.780930456666665
51.03051855333333 13.781073553333336
51.03045839166666 13.781225358333332
51.03039595166667 13.781382079999998
51.03033321833333 13.781540784999997
51.03027022 13.781699824999999
51.03020655333333 13.781861211666667
51.03014132500001 13.782026304999999
51.03007508833334 13.782193601666666
51.030007731666664 13.782361938333331
51.02994110833333 13.782529878333337
51.02987509166666 13.782696715000002
51.02980866499999 13.782864823333338
51.02974098833333 13.78303401833333
51.029672455000004 13.783203528333335
51.029604958333344 13.783369875000002
51.02954209166668 13.783536313333332
51.029486533333326 13.783706254999997
51.029435531666664 13.783879379999997
51.02938131333334 13.784048378333333
51.02932160333333 13.784208195
51.02926076833334 13.784361483333335
51.029202229999996 13.784511213333333
51.029144838333345 13.784657238333333
51.029087803333326 13.784799603333333
51.02903355333333 13.784935623333334
51.02898419833332 13.785059293333331
51.028939865 13.785169471666666
51.028901658333325 13.785264751666666
51.028868698333326 13.785346963333332
51.028840394999996 13.78541826333333
51.02881616833335 13.785479301666665
51.028795314999996 13.785532038333335
51.02877765 13.78557715666667
51.02876197166667 13.78561727
51.02874563999999 13.785659258333332
51.02872466666666 13.785713629999998
51.028697369999996 13.785784130000001
51.02866368833334 13.785869606666669
51.02862441999999 13.785968665000004
51.028581450000004 13.786076621666666
51.028538160000004 13.78619353333333
51.02849575500001 13.786319203333335
51.02844725666666 13.786447738333333
51.028395483333334 13.78657775
51.02834389499999 13.786706481666666
51.02829308166667 13.786832600000002
51.02824331 13.786956855000001
51.028195053333334 13.787077258333333
51.02814880333334 13.78719475
51.02810339999999 13.787308701666666
51.02806091666666 13.787419484999997
51.02801798 13.787541088333331
51.02798216499999 13.787633441666665
51.027946996666664 13.78771154333333
51.027906416666674 13.787735273333336
51.02785204833332 13.78775306
51.02779558999999 13.787737183333336
51.02773876333334 13.787692590000002
51.02767984999999 13.787635903333333
51.027612785 13.787572673333333
51.02753999833333 13.78750398
51.02746635666666 13.787433363333331
51.02738876499999 13.787385253333335
51.02730836666668 13.787383965
51.027227113333325 13.787417779999998
51.027138685 13.78746703666667
51.027044645 13.787522571666667
51.026947333333325 13.787586500000002
51.02684993166666 13.787663768333335
51.026756641666665 13.787753683333335
51.02666545 13.787848191666663
51.026575165000004 13.787942818333333
51.02648478833335 13.788036686666665
51.02639671333335 13.788128763333331
51.026310021666674 13.788218823333336
51.02622481666667 13.788307549999997
51.02614105333334 13.788394326666666
51.026057160000015 13.78848078666667
51.025970343333334 13.788570123333333
51.025878978333324 13.788703994999999
51.025811746666676 13.788753175
51.02572065666665 13.788825121666665
51.02563458166666 13.788910609999997
51.02555220000001 13.788993013333334
51.02546131999999 13.78908665666667
51.02536511499999 13.789155034999999
51.02526087333332 13.789209104999998
51.02515550500001 13.789253121666665
51.02504665833333 13.789292228333336
51.02494092333333 13.789334048333334
51.024833905 13.789378195000003
51.02473053166667 13.789419084999997
51.024630014999985 13.789459738333335
51.02452846000001 13.789497981666667
51.024435356666665 13.789547398333335
51.02433236333334 13.789586138333334
51.02422788500001 13.789623615000002
51.02412519166668 13.789670113333333
51.024008423333335 13.78970783166667
51.023903175 13.789750121666664
51.023791769999995 13.789794481666668
51.02367862666668 13.789841101666665
51.023565861666654 13.789887456666667
51.02344956499999 13.789932320000002
51.02333427 13.789961971666665
51.02321979 13.790008228333337
51.02310784666667 13.790050859999997
51.02299894333334 13.790082791666668
51.02289750499999 13.790102705
51.02280578 13.790115528333335
51.02271954 13.790125686666666
51.02263692666667 13.79013945
51.02256323500001 13.790148796666665
51.022500875 13.790154403333334
51.022446793333344 13.790166721666667
51.02240593333334 13.790171893333332
51.022373993333346 13.790173663333332
51.02234524833332 13.790180679999999
51.02231967666667 13.790185361666666
51.02229733666666 13.790185826666667
51.02227528000002 13.790192403333332
51.02226038333333 13.790193488333333
51.022251816666675 13.790194468333334
51.022250555000014 13.790194658333332
51.02224772166667 13.790193820000002
51.02224773166666 13.790193773333332
51.022247695000004 13.790193763333331
51.022247699999994 13.79019380666667
51.02224768666667 13.790193816666665
51.02224769666667 13.790193833333335
51.02224768666667 13.790193788333333
51.02224772833332 13.790193749999998
51.02224769833333 13.790193726666667
51.022247675 13.790193773333332
51.02224776000001 13.79019373833333
51.022247785000005 13.790193723333335
51.02224779333334 13.790193638333335
51.02224779833333 13.790193661666668
51.02224779666667 13.79019363
51.02224776666665 13.790193561666667
51.02224776000001 13.790193620000002
51.022247753333325 13.790193625000002
51.022247738333334 13.790193651666668
51.02224783666667 13.790193688333334
51.02224777666667 13.790193653333331
51.022247735 13.790193633333331
51.022247758333336 13.790193646666664
51.02224771833335 13.790193638333335
51.022247745 13.790193676666664
51.02224779666667 13.790193615000002
51.02224778333334 13.790193659999996
51.02224774666667 13.790193538333332
51.022247714999985 13.790193596666665
51.02224771000001 13.790193565000001
51.02224768999999 13.790193486666665
51.02224772166667 13.790193428333335
51.022247500000006 13.790193499999997
51.022240524999994 13.790194415
51.022218003333336 13.790198598333337
51.022185643333344 13.79020492
51.022150355 13.790213198333337
51.02210633166666 13.790222649999999
51.02206715166667 13.79026705
51.02200076833334 13.79025866
51.021940994999994 13.79028860666667
51.02188000333332 13.790328251666665
51.02182145500001 13.790375703333332
51.02176588999999 13.790432526666667
51.02171279166666 13.790499811666667
51.0216616 13.790576004999998
51.021611745 13.790655591666667
51.021561635000005 13.79072491833333
51.02151615 13.790792140000004
51.02145996666666 13.790815334999998
51.02139677666667 13.790804678333332
51.02132100000001 13.790761470000003
 
 
 
51.02093800833333 13.790387515
51.02083982666668 13.790410378333336
51.020713676666674 13.790351845000002
51.02059666333334 13.790318501666665
51.020477525 13.790272733333335
51.02035721166667 13.790232771666664
51.02023675666666 13.790186654999998
51.02011418833334 13.790139698333332
51.019987075 13.790093908333336
51.01985912500001 13.790047799999998
51.01973181166667 13.790003208333333
51.01960653166666 13.78995989
51.01948037166667 13.789914736666667
51.01935197166666 13.789865921666664
51.01922406833334 13.789817091666668
51.01909743833333 13.789766453333334
51.018971295 13.789714623333335
51.01884543666665 13.78966381833333
51.0187213 13.789612884999997
51.01859488833334 13.78956295
51.018467026666684 13.789510288333334
51.018340923333334 13.789458244999999
51.01820982333332 13.78940559333333
51.018081060000014 13.789354696666665
51.01795592666667 13.789300388333334
51.01783605166667 13.789233683333334
51.017721990000005 13.789155458333335
51.01761417166666 13.789067720000002
51.01751301666666 13.788971268333334
51.01741789166666 13.78886903166667
51.01732525500002 13.788767208333331
51.01723478666666 13.788667796666664
51.01714693666666 13.788571223333333
51.017061485000006 13.788477533333332
51.01697840833334 13.788386915
51.01689763833335 13.788298668333331
51.01681904333335 13.788212733333333
51.01674433666667 13.788131815000002
51.01668111000001 13.788062916666668
51.01663039 13.788008521666665
51.016590868333346 13.787968259999998
51.01656175 13.787939221666667
51.01654190666665 13.787919779999998
51.016526795 13.787905596666667
51.0165155 13.787894685
51.01650788833334 13.78788726833333
51.016499719999985 13.787879015000003
51.01648262833334 13.787861963333334
51.01644733666665 13.787827183333336
51.016397053333336 13.787777108333334
51.016338523333324 13.787716456666669
51.01628185 13.787656848333336
51.0162348 13.78760597
51.016198683333336 13.787566263333334
51.01617131499999 13.787536411666668
51.016152883333326 13.78751611833333
51.01614292666668 13.787504965000002
51.016141276666666 13.78750309
51.016141275 13.787503129999997
51.016141285 13.787503081666667
51.016141299999994 13.78750334
51.01614130333333 13.787503396666663
51.01614129333334 13.787503368333335
51.01614126499999 13.787503311666667
51.01614125 13.787503403333336
51.01614126166666 13.787503406666671
51.01614127 13.787503391666666
51.016141251666674 13.787503391666666
51.016141306666654 13.787503351666665
51.01614130833333 13.787503351666665
51.01614133333332 13.787503395000003
51.01614131166666 13.787503436666668
51.01614127833333 13.787503453333333
51.01614126499999 13.787503425
51.016141271666676 13.787503366666666
51.01614128833333 13.787503348333336
51.01614132333332 13.787503421666663
51.01614133333332 13.787503434999996
51.01614131833333 13.787503399999999
51.016141275 13.787503465000002
51.016141305000005 13.787503369999998
51.016141285 13.787503395000003
51.01614131833333 13.787503393333331
51.01614134166666 13.787503318333332
51.01614127833333 13.787503316666667
51.01614129166666 13.787503205
51.01614134333334 13.787503358333334
51.01614134499999 13.787503346666664
51.01614135666666 13.787503373333333
51.01614131333334 13.78750347
51.01614131166666 13.78750338166667
51.01614132500001 13.787503433333336
51.01614134166666 13.787503418333332
51.016141385000005 13.787503366666666
51.01614133666667 13.787503418333332
51.01614129166666 13.787503458333333
51.01614126333334 13.787503399999999
51.01614128333334 13.787503395000003
51.01614126333334 13.787503415
51.01614128166666 13.787503386666666
51.01614131000001 13.787503416666668
51.01614129666667 13.78750336166667
51.01614105 13.787503126666666
51.016135778333336 13.787497218333332
51.01611949499999 13.787479283333335
51.016097965 13.787455818333331
51.016072183333335 13.787428173333334
51.01604008166666 13.787393553333334
51.01599832 13.787347883333332
51.015949535 13.787292896666667
51.015890875 13.787223415000001
51.0158388 13.787147303333336
51.01579551499999 13.78707966833333
51.01574720833334 13.78704371
51.01569227 13.787040728333332
51.01562784666667 13.787078784999999
51.01555885000001 13.787150996666666
51.01548285666666 13.787236081666666
51.01539991666667 13.787328513333334
51.01531415000001 13.787425266666666
51.01522876999999 13.787523231666666
51.015145325000006 13.78761993166667
51.01505740833333 13.787721063333333
51.01496531333334 13.78782671166667
51.014871938333336 13.78793617
51.01477975000001 13.788050253333335
51.014688099999994 13.788169278333331
51.01459845333332 13.78829182
51.014511221666666 13.788416133333332
51.01442576833333 13.788544198333337
51.01434483833335 13.788676828333337
51.01426896166666 13.78881267
51.01419241166666 13.788959040000002
51.014128680000006 13.789083446666666
51.014062963333345 13.789216636666668
51.01400097666668 13.789349615000003
51.013942349999994 13.789482981666668
51.013886414999995 13.789616359999998
51.01383400500001 13.78975035666667
51.01378496 13.789882715000003
51.013738905000004 13.79001116333333
51.013697481666654 13.79012871
51.01366327166667 13.790229801666666
51.01363331833334 13.790319013333333
51.01360738 13.790396661666671
51.01358491333334 13.790465833333334
51.01356270166668 13.790532106666667
51.013541055 13.790600228333336
51.01352436333333 13.790655656666669
51.013509025 13.790685784999997
51.01349944166667 13.790716371666663
51.013494294999994 13.790736053333335
51.01348989666667 13.790748998333333
51.013487655 13.790755401666665
51.013481406666656 13.790768595000001
51.013470505 13.79080244666667
51.01346059166666 13.790863349999999
51.013438230000006 13.790936045
51.013409893333346 13.791021146666667
51.013377444999996 13.791121783333335
51.01334251833335 13.791238954999999
51.01330962 13.791371204999999
51.01327959499999 13.791518565
51.01325130166666 13.791668868333334
51.013222303333336 13.791828398333333
51.013192973333325 13.791990423333335
51.01316378833334 13.792157454999998
51.01313295666666 13.792327133333334
51.01310397333334 13.792496241666667
51.013075698333324 13.792669326666665
51.013055060000006 13.792842348333336
51.01303947666667 13.793022294999998
51.01303024833332 13.793201908333334
51.01302616666667 13.793377323333335
51.01302875 13.79354442
51.013034911666665 13.793685609999995
51.013043433333344 13.793810286666666
51.01304675166668 13.793890105
51.01304267666668 13.793935151666664
51.01303517833333 13.793962720000001
51.01302479333334 13.793982891666667
51.01301141833334 13.793993801666666
51.01298970833333 13.79400458833333
51.012967513333344 13.794025383333333
51.01293499500001 13.794042103333334
51.01289897666667 13.794072279999996
51.012849079999995 13.794085478333333
51.01278918 13.794092718333332
51.01272027333333 13.794080243333333
51.01264373666666 13.79405953666667
51.012568310000006 13.794041801666662
51.012490508333336 13.79399815666667
51.012418049999994 13.793968490000001
51.01234612166666 13.793938540000003
51.012277105 13.793907856666669
51.01220958166667 13.79388047
51.01213763333333 13.79385181833333
51.01206182333332 13.793821600000001
51.01198658666667 13.79378403166667
51.01191142 13.793745988333335
51.011839849999994 13.793719946666666
51.01177779 13.793701731666669
51.011728103333326 13.793686061666666
51.01168778166666 13.793670959999996
51.01165739666667 13.793653290000002
51.011639039999984 13.793629140000004
51.01162723500001 13.793600998333337
51.011621578333326 13.793564865000004
51.01162602333332 13.793512433333335
51.01164331 13.793445246666666
51.01167236166666 13.793372001666667
51.01171228166666 13.793293906666667
51.011757928333324 13.793207871666663
51.01180615 13.793113388333332
51.011857986666655 13.793016498333335
51.011908656666655 13.79291836833333
51.011966058333336 13.792826711666669
51.012014755 13.792715181666669
51.01206146166666 13.79261987
51.012108306666654 13.792520316666666
51.012156826666676 13.792422730000002
51.012205438333346 13.792323909999997
51.012255076666676 13.792229275
51.012301785 13.792140626666662
51.01234078166666 13.792066445
51.012372830000004 13.792010366666666
51.012403169999985 13.79197639333333
51.012424865 13.791949125
