51.01255959333334 13.791469905000001
51.01255992333333 13.791469776666665
51.01255229333334 13.79147397
51.01255291833334 13.791473803333334
51.012552854999996 13.791473848333336
51.01253434333334 13.791486413333333
51.012556658333324 13.791473274999998
51.012556951666674 13.791473069999999
51.012557341666664 13.791473041666666
51.01255755833333 13.791473134999997
51.01255777333333 13.791473063333335
51.01255801333333 13.791473026666665
51.01255806333334 13.791473018333333
51.01255808833333 13.79147303666667
51.01255814833333 13.791473094999999
51.01255854666667 13.791473001666665
51.012558673333324 13.791472928333333
51.012558881666656 13.791472768333332
51.01255897166667 13.791472761666666
51.01255914333333 13.791472578333332
51.01255915166668 13.791472615000002
51.01255934999999 13.791472603333334
51.01255946333334 13.791472256666669
51.01255956499999 13.79147212
51.01255959333334 13.791471996666667
51.012559710000005 13.791471793333331
51.012559446666685 13.791471898333334
51.01255930500001 13.791471745
51.01255917333333 13.791471716666665
51.01255909333333 13.791471681666671
51.01255900166667 13.791471651666665
51.012558993333336 13.791471578333335
51.012559101666675 13.791471488333332
51.012559194999994 13.791471376666667
51.01255930500001 13.79147128
51.012559325 13.791471325000002
51.012559280000005 13.79147129
51.01256007500001 13.791470949999999
51.01255986833335 13.79147101333333
51.012559865 13.791471043333331
51.012583298333325 13.791534748333337
51.01258329999999 13.79153471
51.012583325 13.79153469333333
51.01258334999999 13.791534686666667
51.012583330000005 13.79153472
51.01258331999999 13.791534751666665
51.012583331666654 13.791534736666666
51.012583335 13.791534706666669
51.01258334833333 13.791534716666668
51.01258334166667 13.79153472
51.012583335 13.79153469333333
51.01258331999999 13.791534734999997
51.012583331666654 13.791534723333337
51.012583375 13.791534675
51.01258337166667 13.79153468
51.012583345 13.791534713333332
51.01258332333332 13.791534688333332
51.01258331833334 13.791534701666665
51.01258332666668 13.7915347
51.01258333333333 13.791534675
51.01258331166665 13.791534671666666
51.01258332333332 13.791534678333335
51.01258333999999 13.791534683333335
51.01258334999999 13.791534736666666
51.012583336666665 13.791534701666665
51.01258331999999 13.79153471
51.01258332333332 13.7915347
51.01258334166667 13.791534701666665
51.012583369999994 13.79153466833333
51.01258334333333 13.791534690000002
51.01258329999999 13.791534678333335
51.01258332833334 13.791534696666668
51.012583345 13.791534706666669
51.01258335333332 13.79153469333333
51.01258334166667 13.7915347
51.01258332833334 13.791534701666665
51.01258333999999 13.791534726666665
51.01258334333333 13.791534706666669
51.012583330000005 13.791534711666664
51.01258331333335 13.7915347
51.01258334833333 13.791534705
51.01258334333333 13.791534698333331
51.012583345 13.791534688333332
51.01258328833334 13.791534701666665
51.012583308333326 13.791534659999998
51.012583346666666 13.79153463166667
51.01258336000001 13.79153462
51.01258336166666 13.791534563333334
51.012583335 13.791534625
51.01258332166667 13.791534645000002
51.01258332833334 13.791534645000002
51.01258330666666 13.791534675
51.01258332666668 13.79153465666667
51.012583298333325 13.791534676666666
51.012583298333325 13.791534681666667
51.01258329666666 13.7915347
51.012583314999986 13.791534646666666
51.012583316666664 13.791534615
51.012583308333326 13.791534623333332
51.012583316666664 13.7915347
51.012583295 13.79153473
51.01258254666668 13.791536256666669
51.01257656333334 13.791549505
51.01255033833334 13.791500665000001
51.01256652 13.791593713333334
51.01254274666667 13.791549716666669
51.01253477500001 13.79158296166667
51.01253968333334 13.791692840000003
51.01248749166666 13.791678923333333
51.01247742833333 13.791705898333335
51.01245422833334 13.791751155000002
51.01243041333334 13.79179584
51.01240586000001 13.79183916333333
51.012378506666664 13.791885959999998
51.012348046666666 13.791945986666667
51.012315156666666 13.792017691666668
51.01228210333332 13.792092870000003
51.012239595 13.792173584999997
51.01219458833332 13.792259566666667
51.01214398333333 13.792353013333335
51.01209053666666 13.792450329999998
51.01203518833334 13.792554186666667
51.01197881666667 13.792662038333333
51.01192046333334 13.79276947
51.01186011666667 13.792875358333333
51.01179969166666 13.792981171666668
51.0117427 13.793085646666668
51.01168950000001 13.793187040000001
51.01164196166666 13.793280391666666
51.01160502999999 13.793353346666667
51.011582539999985 13.793405778333332
51.01157100166667 13.793451445
51.01157163 13.793504586666666
51.01159121166667 13.793559798333336
51.01163098 13.793600506666671
51.01182271333334 13.793916381666667
51.01190475666666 13.793966825000004
51.01183974166667 13.793692521666665
51.01192344833333 13.79372790833333
51.01199437333333 13.793732040000002
51.01208656000001 13.793777958333335
51.01224086666668 13.79396877
51.01232941166666 13.793997316666669
51.01231443500001 13.793801451666665
51.01250696499999 13.794017795000002
51.012536841666666 13.793988073333333
51.01261161000001 13.793975145000001
51.012730455 13.794028834999999
51.012796239999986 13.794049309999998
51.012869823333325 13.794042679999999
51.012914818333336 13.794041975
51.012920521666665 13.794053611666667
51.012968483333346 13.79403528
51.01293547833334 13.794057871666666
51.01298087166666 13.794032128333333
51.01298387833334 13.794030271666664
51.01300559166666 13.794100016666668
51.01300634833333 13.79409985833333
51.0130075 13.794099636666665
51.01301938500001 13.794096295000001
51.01304717833333 13.794073679999997
51.01307322166666 13.794023331666668
51.01308902166667 13.793941520000002
51.01309402166667 13.793823615000004
51.013092181666664 13.793695128333331
51.013087635 13.793554573333335
51.01308466833334 13.793409450000002
51.013085573333335 13.793266368333331
51.013090428333335 13.79313084
51.013098219999996 13.793009165000004
51.01310726666667 13.79290404
51.01311654999999 13.792819115000002
51.01312452833334 13.792757456666667
51.013130860000004 13.792714991666665
51.01313539833332 13.792684561666666
51.013137976666684 13.792667665000003
51.01313892833333 13.792661641666665
51.013139313333326 13.792659086666667
51.013139339999995 13.792658858333334
51.01313928333334 13.792659283333334
51.01313924666667 13.792659574999997
51.013139235000004 13.792659676666664
51.013139245000005 13.792659715000003
51.013139364999994 13.792658873333334
51.01314028333333 13.792652945000002
51.013141539999985 13.792644883333333
51.01314528000001 13.79262044
51.013152764999994 13.792573970000001
51.01316154833333 13.792522281666667
51.013172514999994 13.792459596666667
51.013184941666665 13.792389601666665
51.01319815833334 13.792318394999999
51.01321341999999 13.79223574166667
51.01323092833333 13.79213855
51.01325007166667 13.792032291666665
51.013269939999994 13.791921971666666
51.01329256999999 13.79179744333333
51.01331674499999 13.791663505
51.013341851666674 13.791525615000001
51.01337256833334 13.791386711666666
51.01340988666666 13.791248845
51.01345185500001 13.79111622
51.01349367166667 13.790985666666666
51.013535381666664 13.79085711166667
51.013561210000006 13.79066625
51.01360208833333 13.79053749
51.01364296 13.790410161666667
51.01368613999998 13.790280933333333
51.013732325 13.790146784999997
51.01377791333334 13.790007098333335
51.01382742333332 13.789868120000001
51.01387916333335 13.78972598166667
51.01393509499999 13.78958410666667
51.013993966666675 13.78944309
51.014056218333344 13.789302808333336
51.01412080166668 13.789165451666667
51.01418591499999 13.789033588333332
51.014268519999995 13.788972791666668
51.014334240000004 13.788852659999998
51.01439929166668 13.788741904999998
51.014444024999996 13.788576070000003
51.01449866499999 13.788491651666664
51.01454208 13.788423091666667
51.01457518833334 13.788373931666667
51.01459803666667 13.788340165000003
51.014610388333345 13.78832237
51.01465868999999 13.788415371666664
51.014617918333336 13.788311776666667
51.01462242833333 13.78830526
51.01463255666666 13.788291115000003
51.01464508500001 13.78827270666667
51.01465776166666 13.78825601333333
51.014672166666664 13.788235120000001
51.014692476666674 13.78820770666667
51.01471532000001 13.788176640000001
51.01473807666666 13.788147030000001
51.01476099 13.7881166
51.01478461166666 13.788086975000002
51.014810495 13.788052986666669
51.014838671666666 13.78801693
51.01486723833333 13.787981965000002
51.01489593833333 13.78794703833333
51.01492441333333 13.787913656666667
51.014956026666674 13.787877500000002
51.014990831666665 13.787837108333333
51.015028075 13.787795056666669
51.01508248166665 13.787816738333333
51.01510336000001 13.787709863333331
51.01515665666666 13.78773752
51.01518931666668 13.787701665000002
51.015218751666666 13.787668646666665
51.0152466 13.787637086666667
51.01525700166667 13.787539186666667
51.015283100000005 13.78750728
51.015321564999994 13.787551778333333
51.01533579 13.787534469999999
51.01534905333333 13.787519173333335
51.01536177499999 13.787504884999999
51.015373894999996 13.78749114333333
51.01536652833332 13.787414321666668
51.015371175000006 13.787408841666664
51.01537197833333 13.787408146666667
51.01537189166667 13.787407876666665
51.01537197333332 13.787407758333332
51.01537193333332 13.78740768166667
51.015371914999996 13.787407673333332
51.015388980000004 13.787474558333335
51.01538898166667 13.787474605
51.015388980000004 13.787474583333335
51.01538899833333 13.787474518333333
51.015388948333324 13.787474209999997
51.01538896833334 13.787474155
51.01538894333335 13.787474165000003
51.01539056499999 13.787472320000003
51.015397488333335 13.787464425
51.01541545 13.787444079999997
51.01544660666665 13.787408751666666
51.01548377999999 13.787366101666665
51.01553049833333 13.787313508333334
51.015575014999996 13.787263274999997
51.015613301666676 13.787220451666666
51.01565031666666 13.787179138333332
51.015688395000005 13.787142946666666
51.01572909833333 13.787132044999998
51.01576833666666 13.787156543333333
51.01581488666666 13.787206143333332
51.01587928666666 13.787276445000002
51.01595602333332 13.787361375
51.01604143166666 13.787456008333333
51.01613928500001 13.787564403333336
51.01624200333334 13.787677078333335
51.01635016333334 13.787789421666666
51.01645982333333 13.787902073333335
51.016569576666676 13.788016953333333
51.01667884333333 13.788133563333334
51.016787583333326 13.788251196666666
51.016895833333336 13.788368565
51.01700414333333 13.788485603333333
51.017112061666666 13.788602901666666
51.01721973500001 13.788721309999998
51.01732710500001 13.78884035666667
51.01743525 13.788957933333332
51.017546016666664 13.78906898833333
51.01766058666667 13.789169325
51.01777843 13.789258084999998
51.01789889 13.789336523333334
51.01802156666666 13.789406020000001
51.01814607166666 13.789466178333335
51.018269885 13.78952197
51.01838152333333 13.789571206666668
51.018475441666666 13.789611163333332
51.01856073166665 13.789646433333333
51.018647046666665 13.789681490000001
51.018739660000016 13.789717771666664
51.01883888833334 13.789753791666666
51.01894285499999 13.789787483333335
51.01905133 13.789820503333337
51.01916094666667 13.789855286666667
51.01927411000001 13.78989513166667
51.01939056166666 13.789938399999999
51.01950972833333 13.789983716666665
51.019631286666666 13.790027098333336
51.019753830000006 13.790069395
51.01987613833333 13.790111986666666
51.01999913666667 13.790155981666668
51.02012228333333 13.790201478333332
51.020242681666666 13.790247111666668
51.020360733333334 13.79028828
51.020474269999994 13.790325284999998
51.020584516666666 13.790360409999998
51.02069311 13.79040480666667
51.020797886666664 13.790470784999998
51.02089964666667 13.790550981666668
51.021001913333336 13.790624206666667
 
 
 
 
51.02135621166667 13.790895209999997
51.02137853000001 13.790922645
51.02140584333335 13.790940533333332
51.02144390333333 13.790944003333333
51.02149254333334 13.790919961666669
51.021513716666654 13.790862656666668
51.02157139333334 13.790793826666663
51.02163288166666 13.790705356666669
51.02169548666666 13.790608953333336
51.021768695000006 13.79051529
51.02185223 13.790434083333333
51.02194476666667 13.790365878333334
51.02204832833334 13.790316038333334
51.02215683833333 13.79028205
51.02227041833333 13.790258316666666
51.022391004999996 13.790239036666666
51.02251757666668 13.790221384999999
51.02264602500001 13.790205426666663
51.02277568333332 13.790187173333338
51.022901729999994 13.790168974999998
51.02303245833333 13.790136203333335
51.02315920833333 13.790093890000003
51.02328482166666 13.790044179999999
51.02341040833333 13.789994313333333
51.023535156666654 13.789942688333333
51.02365972833333 13.789890680000001
51.023784845 13.789838820000003
51.02390904833332 13.789787961666669
51.024033671666665 13.789736815000003
51.02415835833334 13.789685884999999
51.024283145 13.789635481666668
51.02440867 13.789585378333333
51.02455600500001 13.789561408333334
51.024682478333325 13.789502695000003
51.02479759166666 13.789469336666665
51.024950693333345 13.7894511
51.02505773666667 13.789389641666666
51.025159043333346 13.789295288333335
51.02532215166668 13.789283096666663
51.02540191833334 13.789161846666666
51.02551962833333 13.789071786666666
51.02562681499999 13.78896103
51.025760555000005 13.788903540000002
51.025866091666664 13.788785253333334
51.02597117833332 13.788668190000003
51.026063801666666 13.78852383
51.02617630333332 13.788404903333333
51.026283924999994 13.788293265
51.026391276666665 13.788180938333332
51.02649466499999 13.788073711666668
51.02661743999999 13.787989911666667
51.02674560166667 13.787880401666662
51.02693698833333 13.787962351666666
51.026925260000006 13.787649810000001
51.027032726666675 13.787570671666666
51.027137825 13.787502648333335
51.027241825 13.787452233333333
51.027345023333325 13.78744425666667
51.02744065333333 13.787483750000002
51.02751893999998 13.787544963333335
51.02760109999999 13.787632648333336
51.027670486666665 13.787698728333332
51.02772690333333 13.787753265
51.027769825000014 13.787794991666665
51.02779940833334 13.787823425
51.02781519666667 13.787838534999999
51.02781790166667 13.787841045
51.02781783833334 13.787840916666669
51.02781770166668 13.787840761666667
51.027817844999994 13.787841084999998
51.02781792833333 13.787841263333332
51.02781800333334 13.787841431666667
51.02781795666667 13.787841848333334
51.027825189999994 13.787848528333333
51.027855893333346 13.787871849999998
51.027898931666655 13.787878240000001
51.02794636833334 13.787849229999999
51.027991463333336 13.787774926666664
51.02804013333333 13.787656428333337
51.02809818166666 13.78750972
51.028159855 13.78735443
51.028225914999986 13.787189311666669
51.02828908833333 13.78699328666667
51.02835576166665 13.786827783333335
51.02842890333333 13.786650220000002
51.02850568 13.786468785
51.028608391666666 13.786332679999997
51.02868363833333 13.786143430000001
51.02873578166667 13.78594178
51.028811658333325 13.785758500000002
51.02888558833333 13.785574040000002
51.02895954999999 13.785390083333334
51.02903411333333 13.785204248333336
51.029109655 13.785017886666667
51.02918533833334 13.784829056666668
51.02926079666666 13.784638538333331
51.02933649833332 13.784446998333335
51.02941262333332 13.784253931666667
51.029488921666676 13.784064213333332
51.029565956666666 13.783880278333337
51.029645705 13.783707578333333
51.029724276666684 13.783537423333337
51.029801471666666 13.783372378333334
51.02987350166668 13.783207956666669
51.02994047833334 13.783036873333337
51.03000916833333 13.782866426666665
51.03010872 13.782718841666668
51.03017666833334 13.782537109999998
51.030247025 13.782355924999997
51.030315621666674 13.782175165000002
51.030388731666655 13.782003618333329
51.03045624333334 13.781833014999998
51.03052210833333 13.781665936666668
51.03058258333332 13.781524784999998
51.03063818833334 13.781387990000004
51.03068824833333 13.78126676833333
51.030724855 13.781171558333336
51.03075580833333 13.781089503333332
51.030786711666664 13.781026794999999
51.03080636333334 13.780976561666668
51.03081956499999 13.78094094
51.030827821666676 13.780921231666666
51.03082976 13.78091608666667
51.03082991333333 13.78091523166667
51.030829571666665 13.780915158333334
51.030829345 13.780915169999998
51.030829225 13.780915196666664
51.03082925166668 13.780915023333334
51.03082919166666 13.78091493666667
51.030829201666684 13.780914815000001
51.03082919166666 13.780914693333333
51.03082918333333 13.780914709999998
51.03082909666667 13.780914854999999
51.030829163333344 13.780914928333335
51.03082908666667 13.780915068333332
51.03080021999999 13.78087786833333
51.03079945333332 13.780877975
51.03079958999999 13.780878616666666
51.030799413333334 13.78087752
51.03080098999999 13.78088881333333
51.030798981666656 13.780885645000001
51.030799853333335 13.780887105
51.030800644999985 13.780887635
51.03080069166667 13.780887416666667
51.03080007333333 13.780886166666665
51.03079906666667 13.780886293333333
51.03079891166666 13.780886155
51.03080003166665 13.780889666666667
51.03079891999999 13.780885451666666
51.030798804999996 13.78088585
51.03079866333333 13.780885931666667
51.03079828500001 13.780885004999996
51.030798020000006 13.780884090000002
51.03079784166666 13.780883893333332
51.03079787 13.780883229999999
51.03079796 13.780882891666666
51.030798081666674 13.780882138333334
51.03079785666666 13.780881398333333
51.030798075 13.780881558333336
51.03079833500001 13.780880716666665
51.03079984166667 13.780877571666668
51.030803490000004 13.780869384999997
51.03081717 13.780842023333337
51.030832936666656 13.780791061666665
51.03085213833333 13.780741449999997
51.030872124999995 13.780690329999997
51.03088962499999 13.780635568333329
51.03091455666666 13.780588506666668
51.030946715 13.780553324999998
51.031004195 13.780590590000001
51.03105314 13.780612538333333
51.03109550166667 13.78061489
51.03117971999998 13.780728303333335
51.03123365666667 13.780745391666665
51.03131211666667 13.780821395000002
51.03139456 13.780899810000001
51.031479488333346 13.780977790000001
51.03156471999999 13.781054393333333
51.03168887333333 13.781193048333337
51.03178275666666 13.781275266666666
51.03187233166667 13.781358254999997
51.03195937333333 13.781443911666667
51.03204748000001 13.781530505000001
51.03213366833334 13.781616951666665
51.03219984166667 13.781676675000002
51.03227101000001 13.781758608333332
51.03231550166668 13.781792723333334
51.032355294999995 13.781834453333333
51.03238906499999 13.781868096666665
51.03240512666668 13.781878775
51.03244475500001 13.781909713333334
51.032495625 13.781954024999997
51.03254943333333 13.782011915000002
51.03260567666668 13.782070090000001
51.03265876999999 13.782130986666667
51.03271408999999 13.782187409999999
51.03276662333333 13.782238070000002
51.032815548333325 13.782284203333331
51.032854803333336 13.782322398333333
51.03288453333333 13.782350473333338
51.032904085000006 13.782369176666665
51.03291163999999 13.78237641
51.03291163166666 13.782376438333332
51.03291162166667 13.782376424999999
51.03291171166666 13.782376241666665
51.03291173000001 13.782376258333333
51.032911696666666 13.782376336666667
51.032911680000005 13.782376343333333
51.03291168833334 13.782376309999998
51.032911725 13.782376283333333
51.032911715 13.78237625666667
51.032911695 13.78237628166667
51.032911751666674 13.782376146666666
51.03291173166666 13.782376125
51.03291174666666 13.782376215
51.032911745 13.78237624
51.03291173833335 13.782376261666668
51.03291170833333 13.782376251666665
51.03291172666668 13.782376228333332
51.03291173833335 13.782376243333333
51.03291173166666 13.782376188333334
51.03291176333334 13.782376161666669
51.032911748333326 13.782376135
51.03291172833333 13.782376218333331
51.03291170833333 13.782376251666665
51.03291171666667 13.782376245000004
51.03291174333334 13.782376200000003
51.032911756666664 13.782376190000003
51.032911735 13.782376146666666
51.032911725 13.782376191666666
51.03291173166666 13.78237624
51.032911733333336 13.782376236666668
51.032911733333336 13.782376248333337
51.03291175 13.782376263333333
51.03291173166666 13.782376275
51.032911735 13.782376275
51.03291174666666 13.782376268333334
51.032911755 13.782376265000002
51.03291175 13.78237625666667
51.032911739999996 13.782376268333334
51.03291172333332 13.782376308333335
51.03291173000001 13.782376301666666
51.032911725 13.782376279999998
51.03291174666666 13.782376231666667
51.032911735 13.782376258333333
51.03291173666666 13.782376283333333
51.032911719999994 13.782376295000002
51.03291172666668 13.782376261666668
51.03291172333332 13.782376279999998
51.03291172666668 13.78237630666667
51.03291175333334 13.782376241666665
51.03291174333334 13.782376238333333
51.032911745 13.782376233333332
51.032911756666664 13.782376228333332
51.032911773333325 13.782376226666667
51.03291178999999 13.782376211666667
51.03291180166666 13.782376181666667
51.03291177833333 13.782376178333333
51.03291175 13.782376196666666
51.032911745 13.782376253333332
51.032911739999996 13.78237625666667
51.03291174333334 13.782376215
51.03291178166666 13.782376191666666
51.03291181000001 13.782376191666666
51.03291180666667 13.782376200000003
51.03291181333334 13.782376156666665
51.032911795000004 13.782376155000001
51.032911766666665 13.782376175000001
51.03291178166666 13.782376190000003
51.03291179333334 13.782376190000003
51.032911795000004 13.782376148333336
51.032911785 13.782376178333333
51.032911775 13.782376183333334
51.03291177833333 13.782376209999999
51.03291176000001 13.782376126666664
51.03291291833334 13.782377293333331
51.03292757333334 13.782391271666665
51.032959225 13.782421733333331
51.03300523333334 13.782465903333335
51.033058518333334 13.782516425000003
51.03312361666667 13.78258298333333
51.03319552833333 13.782658991666665
51.03327425166667 13.782739461666669
51.03336063 13.782823163333335
51.03345248166666 13.782908683333336
51.03354552666668 13.782996718333333
51.033633991666676 13.783088028333335
51.03371807833332 13.783177538333332
51.03379945 13.783261418333332
51.033878370000004 13.783341676666664
51.033959943333336 13.783423591666667
51.034047406666666 13.783509236666669
51.034136941666674 13.783595133333332
51.034230421666656 13.78368833833333
51.03432759166667 13.783787496666665
51.03442656666666 13.783890691666667
51.03452726333333 13.783995186666667
51.03462884333333 13.784099853333336
51.03473132666668 13.784205341666667
51.03483522666669 13.784309803333334
51.03493914833333 13.784414655
51.03507575666666 13.784558141666666
51.03515196499999 13.784615851666668
51.035266156666665 13.784709753333335
51.035372031666654 13.784795728333336
51.035476503333335 13.784898625000002
51.03558005666665 13.785002118333333
51.03568133999999 13.78510795666667
51.035776911666666 13.785221065
51.035857738333334 13.785351523333334
51.03591558333334 13.785505765000002
51.03594775500001 13.785677133333332
51.03595762166666 13.785858391666666
51.0359559 13.786044778333332
51.03595248666667 13.78623395
51.03594965666666 13.78642584
51.03594688 13.786619490000001
51.03594318166665 13.786815196666664
51.03593903666667 13.787012351666666
51.035934829999995 13.78721148
51.03593376999999 13.787410419999999
51.035937438333335 13.787604284999997
51.03594107500001 13.787788790000002
51.03594207 13.78795498833333
51.03594117333332 13.788097440000001
51.035940180000004 13.788208458333331
51.03593925666666 13.78828404
51.03593865 13.788333355
51.03593809166666 13.78837603833333
51.035943386666666 13.78842543166667
51.03596650666667 13.788469873333334
51.03600886833335 13.78849038
51.036070646666666 13.78849403
51.03625512500001 13.788623906666668
51.03637186833335 13.788734603333333
51.03640596999999 13.7887006
51.03655182666667 13.788749484999999
51.03665819499999 13.78876957
51.036582823333326 13.788624458333334
51.03682752500001 13.788763275
51.036876821666674 13.788767463333333
51.036796249999995 13.788611168333334
51.03687376499999 13.788480615000003
51.036909699999995 13.788543843333333
51.03699893833335 13.788532966666667
51.037103335 13.788559696666669
51.037159278333334 13.788573079999999
51.03726293 13.788578505000002
51.037313641666664 13.788568611666669
51.03747010666666 13.788567590000003
51.037588500000005 13.78857557
51.03768662666668 13.788523376666664
51.03779536833334 13.788590045000001
51.03792725833332 13.788584324999999
51.038013195 13.788539965
51.038132833333336 13.788542455
51.038263739999984 13.78860395
51.038374833333336 13.788609676666665
51.03850325333333 13.788605476666666
51.038607386666655 13.78855783166667
51.0387231 13.788626695000001
51.03885785333333 13.788569106666671
51.03893944666667 13.788667863333334
51.03913227500001 13.788626875
51.039254833333324 13.788632425
51.03938133500001 13.788636376666666
51.03951090166667 13.788644159999997
51.03963069833333 13.788654018333329
 
51.039851438333336 13.788705431666669
51.03999840666667 13.7886963
51.04011741499998 13.788624595000003
51.04019951 13.788728823333338
51.04034365333334 13.788722526666664
51.04049336 13.788657208333332
51.04062458 13.788750921666667
51.040703545 13.78876623833333
51.04088598500001 13.788725784999997
51.041005396666684 13.788747186666667
51.04111745833334 13.788682249999999
51.04124159 13.788692308333335
51.041368303333336 13.788694621666666
51.04149448 13.788701511666666
51.041620019999996 13.788707783333333
51.041744490000006 13.788714096666665
51.04186442500001 13.788722158333334
51.041986255 13.788725554999996
51.04211858833334 13.788785536666667
51.0422188 13.788725535
51.04232562833332 13.788753998333334
51.04243339833333 13.788769561666667
51.042537059999994 13.788788281666665
51.042637858333336 13.788796545000002
51.042716275000004 13.788791248333336
51.04280753666667 13.78881131333333
51.042871281666656 13.788814086666665
51.04291620166667 13.78881593833333
