51.012465000000006 13.79189181833333
51.012465028333324 13.79189145
51.01246507833333 13.791891378333332
51.012464961666666 13.791891261666668
51.01246483666666 13.791891345
51.012464760000015 13.791890966666665
51.012464574999996 13.791890601666667
51.01246446166667 13.79189056166667
51.01246428333334 13.791890363333334
51.0124643 13.791890329999998
51.01246412833333 13.791889925000001
51.01246396499999 13.791889678333332
51.01246381333333 13.791889248333332
51.01246370833334 13.791889284999998
51.01246362 13.791889011666667
51.01246345833333 13.791888954999997
51.012463499999996 13.791889006666668
51.012463445 13.791888848333334
51.01246321166666 13.791888588333332
51.012463103333324 13.791888431666667
51.01246295999999 13.791888158333332
51.012463013333324 13.791888276666665
51.012462955000004 13.791888026666667
51.012462930000005 13.79188827
51.012462656666656 13.79188821166667
51.012462533333334 13.791888408333334
51.01246247666666 13.791888518333334
51.01246230333333 13.791888313333335
51.01246205333334 13.791888040000003
51.01246213333334 13.791888134999999
51.01246213666666 13.791888088333334
51.012462251666676 13.79188795
51.01246225 13.791887766666665
51.012462446666675 13.791888078333336
51.01246250333332 13.791888193333333
51.01246257333334 13.791888306666669
51.012462575 13.791888375000001
51.012462555 13.791888368333332
51.01246255833333 13.791888276666665
51.01246251333334 13.791888246666664
51.01246249333335 13.791888109999999
51.01246250333332 13.791888205000001
51.01246267166666 13.791888298333333
51.012462475 13.79188815
51.012462656666656 13.791888266666668
51.012462836666664 13.791888223333334
51.012462815 13.791888421666666
51.012462931666654 13.79188815
51.01246302666668 13.791888115000003
51.01246317166668 13.791888020000004
51.01246320833332 13.791888101666666
51.012465125 13.791889835
51.01246510166667 13.791889665000001
51.01246522833332 13.791889915000002
51.01246509166667 13.791889808333334
51.01246525166666 13.791889866666668
51.01246522333333 13.791889733333335
51.012464735 13.791890956666668
51.01246468833333 13.791890946666667
51.01246486499999 13.791890671666666
51.012465764999995 13.791887398333335
51.01246759833332 13.791880448333336
51.01247010666666 13.791870458333335
51.01247487333332 13.791846224999999
51.01248199833332 13.791812946666663
51.012496785 13.791763678333332
51.012526763333334 13.79170056833333
51.01256878833335 13.791618401666664
51.01262010666666 13.791522298333332
51.012672565 13.791419666666668
51.01272575166668 13.79131465
51.01278496 13.791220001666662
51.012837603333324 13.791126938333331
51.01287902333333 13.791029765000003
51.01291897833333 13.790948684999996
51.01295292500001 13.790893405
51.01298104333333 13.790856541666669
51.013007511666665 13.790810035
51.013022325 13.790791131666671
51.013033095000004 13.790775503333334
51.01303293666665 13.790771301666666
51.01303373166665 13.790771283333333
51.01303533999999 13.790775986666665
51.013032235000004 13.790777811666668
51.01303142166667 13.790779251666663
51.01303051333333 13.790778725
51.01303168000001 13.790777228333335
51.013038991666676 13.790767891666667
51.01304911999999 13.790750713333333
51.013058215 13.790711070000002
51.013057591666666 13.790644033333335
51.01303326999999 13.790562604999998
51.01298247 13.790465856666666
51.01292315166667 13.790350293333331
51.012859626666675 13.790229691666665
51.01278871666667 13.79009196
51.01271553 13.789952506666669
51.012647021666666 13.789813166666667
51.012574616666676 13.7896679
51.01250198833335 13.789521116666666
51.012425111666666 13.789371425000002
51.012347539999986 13.78922081833333
51.01226956833334 13.789068743333333
51.01218963333334 13.788912941666668
51.01210841333333 13.788754158333331
51.01202628833333 13.788593461666665
51.01194626999998 13.788432941666667
51.01186662166668 13.788272558333336
51.011788805 13.788116773333336
51.01171285666666 13.787965758333334
51.01163879833333 13.787819141666667
51.01156700666665 13.787676640000003
51.01149520166668 13.787537234999999
51.011420650000005 13.78739385
51.011344536666655 13.787246511666668
51.011268189999996 13.787097531666669
51.011192353333335 13.786948490000002
51.01111714833333 13.786799651666664
51.011042616666664 13.78665066833333
51.01096803166667 13.786502614999998
51.01089245166666 13.78635451166667
51.01081522 13.786204728333336
51.010736821666676 13.786053584999998
51.01065819833334 13.785903046666666
51.010581574999996 13.78575351
51.01051010666665 13.78561277
51.010446728333335 13.785487998333334
51.01039133833334 13.785376721666667
51.010343335 13.785278111666665
51.01030189499999 13.78519616833333
51.01026848333334 13.785131498333332
51.01024310666665 13.785081685
51.01022323999999 13.785042876666667
51.01020730666666 13.785010846666667
51.010194645 13.784985356666668
51.010185188333345 13.784966643333332
51.01017757666667 13.784952146666663
51.01017273666666 13.78494269
51.01017103166666 13.784939511666668
51.010171065 13.784939575
51.01017136666666 13.784939488333334
51.010171353333334 13.784939476666663
51.010171365 13.78493946333333
51.01017138 13.78493946166667
51.010171383333336 13.784939451666663
51.01017138833334 13.784939451666663
51.01017143999999 13.784939445000001
51.010171486666664 13.784939450000001
51.010171445 13.784939446666666
51.010171455 13.784939406666668
51.010171195000005 13.784939638333332
51.01017118999998 13.784939663333335
51.01017146833335 13.784939456666667
51.010171475 13.784939446666666
51.010171478333326 13.784939465000003
51.01017126166666 13.784939571666666
51.010171248333336 13.784939638333332
51.010171469999996 13.78493944
51.010171211666666 13.7849396
51.01016588166667 13.784929101666664
51.01015018333332 13.784897491666664
51.01012660833333 13.78485057
51.010098753333324 13.784793238333334
51.01006931333333 13.784726258333334
51.010042986666654 13.784660851666668
51.01001420833333 13.784588294999999
51.009978649999994 13.784503293333334
51.00993904166667 13.784414975
51.00989895833333 13.78433378166667
51.00986023166667 13.784256986666666
51.009823415 13.784184101666664
51.0097925 13.78412376
51.00977095333333 13.78408273
51.009759675000005 13.784060729999998
51.009753995 13.784050041666667
51.009750185 13.784042696666665
51.00974717999999 13.784037369999998
51.009742925 13.784029623333334
51.00973480333334 13.784013038333331
51.00972622000001 13.78399590666667
51.009719953333324 13.783981201666666
51.009714200000005 13.783966376666664
51.00971026833334 13.783953118333333
51.00970836666667 13.783944741666668
51.009708053333334 13.783942726666664
51.00970789666667 13.783942159999997
51.009707846666664 13.783942096666665
51.009707260000006 13.783939301666665
51.00970603333334 13.783931405000002
51.00970348500002 13.783905166666667
51.00970689833333 13.78385898833333
51.00972955666666 13.783797046666667
51.00977390833334 13.783725348333332
51.00983717166667 13.783638383333331
51.00991376499999 13.783534979999997
51.00999956833334 13.783418473333336
51.01009072500001 13.783295084999997
51.01018411000002 13.783169850000002
51.010276555000004 13.783046359999998
51.01036927 13.782921858333335
51.010463445000006 13.782793353333334
51.010557711666664 13.782663099999999
51.010647935000016 13.782532468333333
51.010733763333334 13.782401873333336
51.01081753500001 13.782268886666667
51.010901061666665 13.782129455000002
51.010984969999996 13.781985913333335
51.01106883500002 13.781843373333334
51.01115177166666 13.781704496666665
51.01123330500001 13.781566676666664
51.01131642 13.781426065000002
51.011402538333336 13.781280281666671
51.01149190833335 13.781130186666667
51.01158311833334 13.78097778
51.01167211 13.780825066666663
51.01175790833333 13.780671908333334
51.011841331666666 13.780518690000005
51.011921908333335 13.780364144999998
51.011998995000006 13.780211226666665
51.01206978166667 13.780063676666664
51.01213382166667 13.779924958333334
51.01219327500001 13.779792595
51.01224760166668 13.779666846666665
51.01229681499999 13.77954941
51.01234041166667 13.77944398
51.0123771 13.779352238333335
51.012408035 13.779272836666667
51.01243420666666 13.779203939999999
51.012457613333346 13.779141371666666
51.01247837333332 13.779085458333334
51.01249648166666 13.779035415000003
51.012512426666675 13.778990665
51.012526554999994 13.778950565000002
51.012538345 13.778916384999999
51.012548726666665 13.778886633333336
51.012557058333336 13.778862333333333
51.012563230000005 13.778844388333331
51.012567105 13.778832963333333
51.01256870666666 13.778827694999999
51.012569135000014 13.778826295000004
51.01256915333333 13.778826286666666
51.012569125 13.778826315
51.012569070000005 13.778826325
51.012569103333334 13.778826283333334
51.01256913166665 13.778826320000004
51.01256922833333 13.778826358333333
51.01256918666666 13.778826399999998
51.01256926499999 13.778826416666668
51.01256919833333 13.778826315
51.012569215 13.77882634
51.012569323333324 13.778826228333333
51.01256934 13.778826226666665
51.01256935 13.778826176666662
51.01256936499999 13.778826285
51.01256937333333 13.778826271666667
51.01256936499999 13.778826285
51.0125694 13.778826316666663
51.01256938333334 13.778826325
51.01256939666667 13.778826295000004
51.012569408333334 13.778826291666666
51.01256943 13.778826336666668
51.01256937333333 13.778826376666666
51.012569385000006 13.778826325
51.01257015000001 13.778824034999998
51.01257728 13.778803451666667
51.01259078666666 13.778763581666665
51.012606778333335 13.77871516166667
51.012625176666674 13.778659001666664
51.012647349999995 13.778592238333333
51.01267395833334 13.778513895000003
51.01270524166668 13.778421868333332
51.01274123500001 13.778317236666664
51.01278074666666 13.778202715
51.01282346166666 13.778079188333333
51.012867711666665 13.777951601666667
51.01291396166666 13.777816836666666
51.01296221333334 13.777673911666666
51.013012941666666 13.77752535
51.013064866666674 13.77737387
51.01311704833332 13.777219865000003
51.01316882833333 13.777065625
51.01322051666668 13.77691169
51.013268148333324 13.77675950333333
51.01330966833334 13.776601753333333
51.01334670999999 13.776437688333333
51.01337990500001 13.776270873333333
51.013412523333336 13.776098373333332
51.013446008333325 13.775921630000001
51.01348022166667 13.775744458333333
51.01351371833334 13.775571025
51.013546350000006 13.775401018333332
51.01357842000001 13.775232583333336
51.01361212333333 13.775062241666667
51.013652293333344 13.774892584999998
51.01370104833333 13.774724843333331
51.013757601666676 13.774560208333332
51.01382313500002 13.774395805
51.01389487833333 13.77423531333333
51.01396910666666 13.774077555
51.01404505166667 13.773916210000001
51.01412168 13.773752603333337
51.01419689833333 13.773591254999996
51.014272395000006 13.773428955000002
51.014349325 13.773263783333334
51.014428124999995 13.773095134999998
51.01450513166666 13.772930379999998
51.014581625 13.772770658333332
51.01466348999999 13.772623874999999
51.01475208 13.772492753333335
51.01484541666667 13.772375795
51.014943219999985 13.772275950000001
51.015044201666676 13.772190321666669
51.015150748333326 13.77210901833333
51.01526112666667 13.772026666666667
51.01535922833333 13.771953809999998
51.01543650166666 13.771896578333333
51.015489863333336 13.771856856666666
51.015518953333334 13.771835343333331
51.015535644999986 13.771823046666665
51.01555092333333 13.771812016666669
51.01556815000001 13.771799820000002
51.015587241666665 13.771786044999999
51.01560781499999 13.771771625000001
51.01562687333333 13.771758416666668
51.01563918666666 13.771749703333334
51.015643563333334 13.771746534999997
51.015643476666675 13.771746604999999
51.01564346666666 13.771746573333333
51.01564344666667 13.771746546666664
51.015643448333336 13.771746573333333
51.015643443333346 13.771746565
51.01564342499999 13.771746570000001
51.01564325000001 13.771746658333333
51.01564325000001 13.771746616666666
51.015643478333324 13.771746665000004
51.01564348166665 13.771746618333331
51.015643476666675 13.771746583333334
51.01564349499999 13.771746595000002
51.015643469999986 13.771746533333332
51.015643454999996 13.771746519999999
51.01564349 13.771746598333333
51.01564351166667 13.771746636666668
51.015643540000006 13.771746604999999
51.01564352333332 13.771746638333331
51.015643531666655 13.771746616666666
51.0156435 13.77174661
51.01564351333333 13.771746628333336
51.01564351999999 13.77174665
51.01564351166667 13.771746661666668
51.01564350333333 13.771746671666666
51.01564353666667 13.771746611666666
51.015643540000006 13.771746583333334
51.01564356000002 13.771746641666663
51.01564353500001 13.77174665
51.015643355 13.771746671666666
51.01564336666667 13.77174671333333
51.01564336 13.771746661666668
51.01564333666667 13.771746620000004
51.01564328333334 13.771746643333332
51.01564334666667 13.771746761666668
51.015643338333334 13.771746683333333
51.01564336833335 13.77174673833333
51.015643378333316 13.771746618333331
51.015643378333316 13.771746709999999
51.01564337499999 13.771746765
51.015643363333325 13.771746733333332
51.015643373333326 13.771746696666666
51.01564336666667 13.771746685000002
51.01564335666667 13.771746706666667
51.01564337666667 13.771746740000003
51.01564336666667 13.77174671833333
51.015643338333334 13.771746681666668
51.015643309999994 13.771746620000004
51.01564332166666 13.771746566666666
51.015643353333324 13.771746681666668
51.01564333166666 13.771746629999999
51.015643338333334 13.771746671666666
51.01564333333334 13.77174666
51.015643309999994 13.77174666
51.015643326666684 13.771746701666666
51.01564333666667 13.771746703333333
51.01564337 13.771746663333333
51.015643395000005 13.771746686666665
51.01564416833333 13.77174595833333
51.015655165 13.771738033333333
51.01568292166667 13.771717881666666
51.015725386666674 13.771686196666668
51.01578210333332 13.771641735
51.015852634999995 13.771585855000001
51.01593338666667 13.771521071666665
51.01602201166666 13.771443648333335
51.016116385000004 13.77135375
51.016215695 13.771262419999998
51.016320459999996 13.771171511666667
51.016429760000015 13.771079008333334
51.01654248666667 13.770985408333331
51.01665813333334 13.770891168333332
51.01678016666666 13.770788558333333
51.01690572833333 13.770686218333333
51.01703705500001 13.770577946666666
51.017164235 13.770479584999999
51.01729429333334 13.770377731666667
51.01742451 13.770270921666663
51.01755655666666 13.770164499999998
51.01768925333334 13.77005742
51.01782146833334 13.769951438333331
51.017951108333335 13.769847295
51.01807999999999 13.769744741666667
51.01820766000001 13.76964288
51.018331741666664 13.769541113333332
51.01845465666667 13.76944333166667
51.01857533333334 13.769346999999998
51.018692200000004 13.769254876666666
51.01880240666666 13.769167798333335
51.018903941666665 13.769085463333333
51.01899813833334 13.769011393333331
51.019082996666675 13.768943688333332
51.01915993166666 13.768881976666664
51.01922950166668 13.768826553333334
51.01929100166667 13.768776988333332
51.01934674833333 13.768732071666667
51.01939915 13.768689413333334
51.019449814999994 13.768648898333337
51.01949620833334 13.768610899999999
51.01954160166667 13.768574701666664
51.019594024999996 13.768539038333335
51.01965773166667 13.768488495000001
51.019734639999996 13.768428333333334
51.019821448333325 13.768360791666664
51.01991729166666 13.768285678333333
51.020018310000005 13.768201138333332
51.02011542833334 13.768101825
51.02020015166668 13.767975009999997
51.02027753833334 13.767829996666668
51.02035554333334 13.767676446666663
51.02043436833334 13.767521278333334
51.020512855 13.767367998333334
51.02058966000001 13.767216325
51.020655756666656 13.7670569
51.020702745 13.766886060000001
51.02073918666665 13.766711015000002
51.02077482833333 13.766534681666666
51.02081431166666 13.766348668333334
51.02085878166666 13.766152848333336
51.02090675833333 13.765949261666666
51.02095686833334 13.765743351666666
51.02100963666667 13.765538066666666
51.02106495166666 13.765333158333332
51.021121610000016 13.765132563333331
51.021179498333325 13.764932853333335
51.02123936000001 13.764734146666667
51.02130333333333 13.76453516
51.02137439333334 13.76433393166667
51.02145188666667 13.764136088333332
51.021531063333335 13.76394020666667
51.021610161666665 13.763746903333333
51.02168866 13.763556153333331
51.021765945 13.763368966666667
51.021843049999994 13.763182948333334
51.021921963333334 13.762997791666669
51.02200205333334 13.762812596666667
51.02208304166667 13.762628748333334
51.02216379499999 13.762446501666663
51.02224361666667 13.762267786666666
51.022323585 13.762093955000001
51.022403884999996 13.761927925000002
51.022482045 13.76177880666667
51.02255541166667 13.761646888333333
51.022621956666654 13.761530554999998
51.02268074666666 13.761428656666665
51.02273313500002 13.761337765000004
51.02278032000001 13.76125638166667
51.02282175333333 13.761184831666666
51.02285686166667 13.761124443333332
51.02288569666668 13.761074956666668
51.02290946499999 13.76103385666667
51.022928911666654 13.761000090000001
51.022944700000004 13.760972345
51.02295772166667 13.760949396666668
51.02296862 13.760930623333335
51.02297967833333 13.76091114
51.02299609166666 13.76088251833333
51.02302078666666 13.760839575
51.02305104333333 13.760787063333332
51.02308428333334 13.760729533333336
51.02312048 13.76066712
51.023159753333324 13.760599761666667
51.02320276833334 13.760526016666665
51.023249843333346 13.760445759999998
51.02330037333333 13.760359091666665
51.02335513666665 13.760265178333334
51.02341471166666 13.760165388333332
51.02347836666668 13.760060108333331
51.02354546666667 13.759949001666662
51.02361608833335 13.759833820000003
51.02368926833334 13.759715566666667
51.02376328333333 13.759596579999997
51.02383850333332 13.759476176666665
51.023917346666664 13.759351956666668
51.02399901333333 13.759226205000001
51.02408172833334 13.759102096666668
51.02416431666667 13.758979455
51.024247516666655 13.758856484999997
51.024331186666664 13.75873309333333
51.02441507500001 13.758609079999996
51.024499295000005 13.758486646666665
51.02458295333333 13.758366879999999
51.02466483 13.758249826666667
51.02474775166667 13.758133051666665
51.024833380000004 13.758012791666669
51.02492063166666 13.757890631666669
51.02500963999999 13.75776527
51.025096998333325 13.757642135
51.025182019999995 13.75752253166667
51.025264555 13.757406296666666
51.025346086666666 13.757291063333332
51.02542950666666 13.757169561666668
51.02551228999999 13.757041205
51.02559133 13.75690915666667
51.02566787166667 13.756771491666665
51.02574273333333 13.756638229999998
51.02582458166667 13.756521753333335
51.02589898333334 13.756411041666668
51.02596963833333 13.756301665000004
51.02602657833333 13.756222648333335
51.02606998500001 13.756162949999998
51.026094416666666 13.756123786666668
51.02611231666666 13.756097045
51.026125893333344 13.756078205000001
51.026136105000006 13.756064075000003
51.026143998333325 13.756053266666667
51.026149288333336 13.756045661666667
51.02615325 13.756040178333334
51.02615498833334 13.75603769333333
51.026155001666666 13.756037588333333
51.026154995000006 13.756037545
51.02615501333333 13.756037534999999
51.02615501499999 13.756037528333335
51.026154995000006 13.756037553333332
51.026154998333325 13.756037521666666
51.02615500833334 13.75603752
51.02615502833332 13.756037561666668
51.02615502333333 13.756037529999999
51.02615501666666 13.756037534999999
51.02615498666666 13.756037573333337
51.026154964999996 13.756037576666666
51.026154980000015 13.756037593333334
51.02615496166666 13.756037653333332
51.02615496166666 13.756037688333333
51.026154978333324 13.756037625
51.026154744999985 13.756038288333333
51.026154748333326 13.756038241666666
51.026154693333346 13.756038246666666
51.02615473166666 13.75603832
51.02615468833334 13.756038223333332
51.02615470333333 13.756038221666666
51.02615468833334 13.756038233333333
51.02615462000001 13.756038184999996
51.026154651666666 13.756038261666667
51.026154681666654 13.756038240000002
51.02615467833333 13.756038271666666
51.02615467166667 13.75603824333333
51.026154646666676 13.756038241666666
51.02615467166667 13.756038295
51.026154651666666 13.75603828
51.026154670000004 13.75603826333333
51.02615470166667 13.756038208333333
51.026154675 13.756038184999996
51.026154744999985 13.75603809166667
51.02615465833334 13.756038036666666
51.02615471666666 13.75603799333333
51.02615468833334 13.756038
51.02615466666666 13.756037891666665
51.026154686666665 13.756037966666664
51.026154681666654 13.756037856666667
51.02615472833333 13.756037978333335
51.02615471000001 13.756037959999999
51.02615484666667 13.75603800666667
51.026154781666655 13.756037951666666
51.026154783333325 13.756037965000003
51.026154775 13.756038034999998
51.02615473166666 13.756037933333335
51.02615473833335 13.756037990000005
51.02615474666668 13.756037966666664
51.026154739999996 13.756038013333333
51.026154786666666 13.756038126666661
51.026155501666686 13.756036951666662
51.026166325 13.756021709999997
51.02619312 13.755985026666663
51.026229525000005 13.755936005
51.026272854999995 13.755876908333331
51.02632310333333 13.755804803333335
51.02637458666666 13.755713808333333
51.02642068500001 13.75560377
51.02645966 13.755478346666667
51.02648727833333 13.75533713166667
51.026506803333326 13.755180621666666
51.02653114500001 13.755011323333338
51.02656569833333 13.754832203333335
51.02660740666667 13.754642828333337
51.02665335333333 13.754443316666668
51.026700833333344 13.754235790000003
51.02675058500001 13.75401943166667
51.026801578333334 13.753797656666666
51.02685328333334 13.753573759999998
51.02690531833335 13.75334791166667
51.02695699166667 13.753124195000002
51.02700784666668 13.752905008333334
51.02705843500001 13.752689981666666
51.02710924833332 13.752477283333333
51.02715980666665 13.752263801666667
51.027210173333316 13.752049156666668
51.027260228333326 13.751835203333338
51.02730939499999 13.751622991666666
51.02735831166667 13.751411781666665
51.02740790000001 13.751198363333334
51.02745843833333 13.750979853333336
51.027508735000005 13.750761584999998
51.027559444999994 13.750545158333333
51.02761047333332 13.750328734999998
51.02766056 13.750116033333333
51.027709628333334 13.749906971666666
51.02775828166667 13.749698330000001
51.02780625833334 13.749489965000002
51.027854389999995 13.749283584999997
51.02790170166668 13.74908123833333
51.02794846 13.748882126666665
51.02799355333333 13.748687995000001
51.028037764999986 13.74849803
51.02808158833333 13.748311445000002
51.02812419166666 13.748129465000003
51.028164663333335 13.747955084999997
51.028201545 13.747794006666668
51.02823454833333 13.747647263333333
51.02826441166667 13.747511576666662
51.02829115166667 13.747386045
51.028314516666676 13.747271323333337
51.02833544333335 13.747165473333336
51.02835433500001 13.747068911666668
51.028371381666666 13.746979638333334
51.028386413333344 13.746898215000003
51.02839978500001 13.746822603333335
51.02841332499999 13.746745701666665
51.02842797666667 13.746661950000002
51.02844464 13.746566645
51.02846232500001 13.746460533333334
51.02848052333332 13.746347193333333
51.02849934333335 13.746227708333333
51.02851696999999 13.74610907
51.028533756666654 13.745991973333332
51.02854935666666 13.745877133333332
51.02856387833334 13.745764718333332
51.02857841499999 13.745645585
51.02859345833334 13.745509820000002
51.028608703333326 13.745359478333334
51.02862611833334 13.745193701666665
51.028645925 13.745009758333333
51.028667205 13.744813951666666
51.02868887666667 13.744607819999999
51.02871018166665 13.744396241666664
51.02873153500001 13.744183046666668
51.02875229333334 13.743969694999999
51.02877149999999 13.743756168333334
51.028790908333335 13.743539991666664
51.02880999333335 13.743320344999999
51.028829371666674 13.743099153333333
51.028849345 13.742874926666666
51.02886852500001 13.742648201666665
51.02888684 13.74242435333333
51.02890435666665 13.742204445
51.02892204499999 13.741985036666666
51.02893976999999 13.741766336666668
51.02895596000001 13.741551145
51.028970405 13.741341028333332
51.02898423166666 13.741133320000001
51.02899840833334 13.740920265000003
51.029011951666675 13.740710298333337
51.02902416166667 13.740505891666665
51.02903574333333 13.740306934999998
51.02904655833334 13.740120459999998
51.02905691833333 13.739943895000003
51.02906660833334 13.739778081666667
51.02907553500001 13.739625506666668
51.029083769999986 13.739483165000001
51.02909149333335 13.739347119999998
51.02909869666667 13.739213561666668
51.02910639833332 13.73907465666667
51.02911506833334 13.738933598333336
51.02912400833334 13.738786495
51.029133636666664 13.738630309999996
51.02914313166666 13.738468584999998
51.02915229666666 13.738309226666665
51.029161088333346 13.738153933333331
51.029169540000005 13.73800176833333
51.02917817833333 13.737848298333336
51.029187021666665 13.737694138333332
51.02919611333335 13.73754193
51.029204625 13.737389845
51.029213911666666 13.737234215
51.02922236999999 13.737081776666665
51.02923086666668 13.73693255666667
51.02923874500001 13.73678396833333
51.029246431666664 13.736638238333335
51.029254036666664 13.736497183333336
51.02926097166667 13.736357373333336
51.02926821833333 13.736212433333337
51.02927583166667 13.736061815000001
51.02928447166666 13.73590955
51.029293023333324 13.735756863333332
51.02930125333332 13.735601728333336
51.02930969666668 13.735443046666667
51.02931816 13.735287181666669
51.029326469999994 13.735134168333332
51.029334461666664 13.734983896666666
51.02934143666666 13.734843750000001
51.029347003333335 13.734722433333335
51.02935167666668 13.73461723
51.02935606999999 13.73452355666667
51.02936019833332 13.734433158333331
51.029365688333336 13.734340076666664
51.02937426166667 13.734228390000002
51.0293857 13.734090153333334
51.02939865666666 13.733938109999997
51.02941443166666 13.733777226666666
51.029433611666654 13.733610148333335
51.02945481666667 13.733444020000002
51.029477426666666 13.733280781666668
51.02950194833333 13.733120811666668
51.029528083333325 13.73296406333333
51.02955596999998 13.732810516666666
51.0295834 13.732663298333334
51.029606568333335 13.732529483333334
51.02962707333333 13.732408416666669
51.02964473500001 13.732302246666666
51.02966170333334 13.732213678333334
51.02967969666667 13.732135126666666
51.02969883500001 13.732060358333335
51.02971932666666 13.731990076666664
51.029737966666666 13.731931733333333
51.029752326666674 13.731888529999999
51.02976291666667 13.731859141666666
51.02977031333333 13.731838643333333
51.02977501833334 13.731825136666668
51.0297775 13.731817956666669
51.029782226666676 13.731805741666669
51.029793735000005 13.731775791666667
51.02981744333335 13.731716375
51.029850436666656 13.731638375
51.02988676166667 13.731555371666666
51.02992821666667 13.731462126666663
51.02997793333332 13.73135135
51.03003353999999 13.731226804999999
51.03009099333334 13.731094370000001
51.030147156666665 13.730962034999997
51.030202553333325 13.730828588333331
51.03026116166666 13.730687050000002
51.030320816666666 13.730548491666669
51.030380871666665 13.730411009999996
51.03044310500001 13.730269759999999
51.03050546166666 13.730128058333337
51.030566799999995 13.729987596666668
51.030631723333315 13.729840320000001
51.030698130000005 13.72969010666667
51.03076448333333 13.729542026666666
51.030828791666664 13.729398013333332
51.03088740666667 13.729267009999997
51.03094202833333 13.72914609333333
51.03099489166667 13.729028463333334
51.03104631166668 13.728914253333334
51.03109589166665 13.72880358
51.03114422 13.72869558166667
51.03119075166668 13.728589801666665
51.03125325833333 13.728484451666665
51.031278566666664 13.728381583333332
51.03133387166666 13.728269034999999
51.031378829999994 13.728151603333338
51.03141935666666 13.728038696666665
51.03145405666666 13.727942624999999
51.03148329999999 13.727867621666666
51.031505625 13.727813193333331
51.031521489999996 13.727775806666667
51.03153116166666 13.727753573333336
51.031536106666664 13.727742330000002
51.031538735000005 13.727736286666667
51.03154113000001 13.727730818333331
51.03155005833332 13.727710328333334
51.03157207166667 13.727660183333334
51.031603325 13.727588830000002
51.03163531 13.727516234999996
51.031665914999984 13.727446774999999
51.03170023833333 13.727370578333334
51.03173943 13.727283615000003
51.03177791833333 13.727197073333336
51.03181197833332 13.727109151666665
51.031837710000005 13.727017871666666
51.03185413666667 13.726923666666664
51.03185811499999 13.726825276666666
51.03184708999999 13.726729851666665
51.031827233333345 13.726635243333332
51.03180211166667 13.726540770000002
51.03177425500001 13.726468453333332
51.031740916666664 13.726422686666668
51.03170552833333 13.726401246666667
51.03167020666667 13.726402006666667
51.03163521666667 13.726415501666663
51.031608485000014 13.726435
51.03158466833335 13.726457583333335
51.031558996666675 13.726492591666666
51.03152975 13.726550774999998
51.031503906666664 13.726623766666668
51.031480744999996 13.726704615000001
51.031463296666665 13.726786186666667
51.03145264666667 13.726854013333332
51.031446681666665 13.726898229999998
51.031439041666665 13.726946393333332
51.031418503333335 13.727000943333334
51.03138269166667 13.727049721666663
51.03133226166666 13.727080870000002
51.03127010166668 13.72709965666667
51.03119803000001 13.727120078333334
51.03112698500001 13.727138889999999
51.03105933500001 13.72715496
51.03099185833333 13.7271704
51.030919108333336 13.727186093333334
51.03084256 13.727202006666667
51.030763811666674 13.727222203333334
51.03068493999999 13.727247409999999
51.03060795666666 13.72726773666667
51.030531594999985 13.727289645
51.030457728333324 13.727311959999998
51.030385405 13.727329566666667
51.03031592666666 13.727344498333336
51.03024868000001 13.727357945000001
51.030185458333335 13.727370159999998
51.03012962 13.727381713333333
51.03008238666666 13.727390656666667
51.030045685000005 13.727398481666667
51.03001747 13.727412571666665
51.02999483833334 13.727436976666665
51.02997686666666 13.72747654333333
51.02996727 13.727541488333332
51.029967495 13.72763
51.02997273999999 13.727734495
51.029978906666656 13.727848193333333
51.02998478166666 13.727965228333336
51.02999051 13.728083565
51.02999798333334 13.728202615000002
51.03000698000001 13.728324078333333
51.03001541999999 13.728444638333334
51.030022548333335 13.728555045
51.03002845333332 13.72865056166667
51.03003103166666 13.728724156666669
51.03003224333334 13.728776771666666
51.03003317166667 13.728811441666668
51.030035131666665 13.728837365000004
51.030040711666665 13.728862196666666
51.030049935 13.728882118333331
51.03006191000001 13.728897813333333
51.030072691666675 13.728907581666666
51.030077266666666 13.728911156666667
51.03009557 13.728910195
51.03010521000001 13.728905155
51.03010306833335 13.728901821666666
51.03011293333332 13.72890226
51.03011430333333 13.728902006666669
51.0301147 13.728902113333334
51.03011506000001 13.728901845
51.03011500666665 13.728901815000002
51.03011500333332 13.728901783333333
51.03011503999999 13.728901809999998
